22:04:31.379 [main                     ] DEBUG Logger               - Configured Logger
22:04:31.443 [main                     ] DEBUG GameApplication      - Logging settings
Title: Chess King
Version: 0.1
Width: 1200
Height: 800
Fullscreen: false
Intro: false
Profiling: false
Single step:false
App Mode: DEVELOPER
Menu Key: ESCAPE
Stage Style: DECORATED
Scene Factory: class com.almasb.fxgl.app.scene.SceneFactory

22:04:31.896 [JavaFX Application Thread] DEBUG FXGLApplication      - Initializing FXGL
22:04:31.905 [JavaFX Application Thread] INFO  Engine               - FXGL-17.1 (24.03.2022 17.34) on MAC (J:17.0.1 FX:18)
22:04:31.906 [JavaFX Application Thread] DEBUG Engine               - JRE Vendor Name: Oracle Corporation
22:04:31.907 [JavaFX Application Thread] DEBUG Engine               - Running on OS: Mac OS X version 12.3.1
22:04:31.907 [JavaFX Application Thread] DEBUG Engine               - Architecture: x86_64
22:04:31.907 [JavaFX Application Thread] INFO  Engine               - Source code and latest versions at: https://github.com/AlmasB/FXGL
22:04:31.907 [JavaFX Application Thread] INFO  Engine               -       Ask questions and discuss at: https://github.com/AlmasB/FXGL/discussions
22:04:31.908 [JavaFX Application Thread] INFO  Engine               -              Join the FXGL chat at: https://gitter.im/AlmasB/FXGL
22:04:31.985 [JavaFX Application Thread] DEBUG PrimaryStageWindow   - Creating a JavaFX scene
22:04:32.045 [JavaFX Application Thread] DEBUG PrimaryStageWindow   - Target settings size: 1200.0 x 800.0
22:04:32.045 [JavaFX Application Thread] DEBUG PrimaryStageWindow   - Scaled scene size:    1200.0 x 800.0
22:04:32.046 [JavaFX Application Thread] DEBUG PrimaryStageWindow   - Scaled ratio: (1.0, 1.0)
22:04:32.047 [JavaFX Application Thread] DEBUG PrimaryStageWindow   - Set initial scene to FXGLStartupScene
22:04:32.055 [JavaFX Application Thread] DEBUG PrimaryStageWindow   - Opening main window
22:04:32.139 [JavaFX Application Thread] DEBUG PrimaryStageWindow   - Window border size: (0.0, 28.0)
22:04:32.139 [JavaFX Application Thread] DEBUG PrimaryStageWindow   - Scaled size: 1200.0 x 800.0
22:04:32.139 [JavaFX Application Thread] DEBUG PrimaryStageWindow   - Scaled ratio: (1.0, 1.0)
22:04:32.140 [JavaFX Application Thread] DEBUG PrimaryStageWindow   - Scene size: 1200.0 x 800.0
22:04:32.140 [JavaFX Application Thread] DEBUG PrimaryStageWindow   - Stage size: 1200.0 x 828.0
22:04:32.146 [FXGL Background Thread 1 ] DEBUG Engine               - Initializing environment variables
22:04:32.197 [FXGL Background Thread 1 ] DEBUG FXGLAssetLoaderServi - User app class for loading assets: class edu.sustech.chessking.ChessKingApp
22:04:32.203 [FXGL Background Thread 1 ] DEBUG GameApplicationServi - Applying CSS: fxgl_dark.css
22:04:32.204 [FXGL Background Thread 1 ] DEBUG FXGLAssetLoaderServi - Loading from file system: jar:file:///Users/lumizhang/.m2/repository/com/github/almasb/fxgl/17.1/fxgl-17.1.jar!/fxglassets/ui/css/fxgl_dark.css
22:04:32.290 [FXGL Background Thread 1 ] DEBUG GameApplicationServi - Initializing application scenes
22:04:32.525 [FXGL Background Thread 1 ] DEBUG GameWorld            - Game world initialized
22:04:32.563 [FXGL Background Thread 1 ] DEBUG PhysicsWorld         - Physics world initialized: appHeight=800, physics.ppm=50.0
22:04:32.563 [FXGL Background Thread 1 ] DEBUG PhysicsWorld         - Using strategy: BRUTE_FORCE
22:04:32.575 [FXGL Background Thread 1 ] DEBUG GameScene            - Game scene initialized: 1200x800
22:04:32.587 [FXGL Background Thread 1 ] DEBUG FXGL.DefaultMenu     - createMenuBodyGameMenu()
22:04:32.604 [FXGL Background Thread 1 ] DEBUG FXGL.DefaultMenu     - createOptionsMenu()
22:04:32.615 [FXGL Background Thread 1 ] DEBUG FXGLAssetLoaderServi - Loading from file system: jar:file:///Users/lumizhang/.m2/repository/com/github/almasb/fxgl/17.1/fxgl-17.1.jar!/fxglassets/textures/particles/smoke.png
22:04:32.758 [FXGL Background Thread 1 ] DEBUG FXGLAssetLoaderServi - Loading from file system: jar:file:///Users/lumizhang/.m2/repository/com/github/almasb/fxgl/17.1/fxgl-17.1.jar!/fxglassets/textures/particles/trace_horizontal.png
22:04:32.790 [FXGL Background Thread 1 ] DEBUG GameApplicationServi - Application scenes initialized
22:04:32.806 [FXGL Background Thread 1 ] DEBUG SystemBundleService  - Loading FXGL system data
22:04:32.810 [FXGL Background Thread 1 ] DEBUG FileSystemAccess     - Reading from: /Users/lumizhang/Documents/GitHub/ChessKing/system/fxgl.bundle
22:04:32.823 [FXGL Background Thread 1 ] DEBUG SystemBundleService  - Bundle FXGL: {}
22:04:32.823 [FXGL Background Thread 1 ] DEBUG UpdaterService       - Checking for updates
22:04:32.830 [FXGL Background Thread 4 ] DEBUG FXGLApplication      - Loading fonts
22:04:32.831 [FXGL Background Thread 4 ] DEBUG FXGLAssetLoaderServi - Loading from file system: jar:file:///Users/lumizhang/.m2/repository/com/github/almasb/fxgl/17.1/fxgl-17.1.jar!/fxglassets/ui/fonts/VarelaRound-Regular.ttf
22:04:32.831 [FXGL Background Thread 1 ] DEBUG FXGLApplication      - Loading default localization
22:04:32.832 [FXGL Background Thread 1 ] DEBUG FXGLAssetLoaderServi - Loading from file system: jar:file:///Users/lumizhang/.m2/repository/com/github/almasb/fxgl/17.1/fxgl-17.1.jar!/fxglassets/languages/english.lang
22:04:32.864 [FXGL Background Thread 4 ] DEBUG FXGLAssetLoaderServi - Loading from file system: jar:file:///Users/lumizhang/.m2/repository/com/github/almasb/fxgl/17.1/fxgl-17.1.jar!/fxglassets/ui/fonts/Abel-Regular.ttf
22:04:32.868 [FXGL Background Thread 4 ] DEBUG FXGLAssetLoaderServi - Loading from file system: jar:file:///Users/lumizhang/.m2/repository/com/github/almasb/fxgl/17.1/fxgl-17.1.jar!/fxglassets/ui/fonts/TerminalLandMono-Regular.otf
22:04:32.872 [FXGL Background Thread 1 ] INFO  FXGLApplication      - FXGL initialization took: 0.725 sec
22:04:32.872 [FXGL Background Thread 4 ] DEBUG FXGLAssetLoaderServi - Loading from file system: jar:file:///Users/lumizhang/.m2/repository/com/github/almasb/fxgl/17.1/fxgl-17.1.jar!/fxglassets/ui/fonts/Courier-Prime.ttf
22:04:32.873 [JavaFX Application Thread] DEBUG FXGLAssetLoaderServi - Loading from file system: jar:file:///Users/lumizhang/.m2/repository/com/github/almasb/fxgl/17.1/fxgl-17.1.jar!/fxglassets/textures/fxgl_icon.png
22:04:32.908 [JavaFX Application Thread] DEBUG FXGLAssetLoaderServi - Loading from file system: jar:file:///Users/lumizhang/.m2/repository/com/github/almasb/fxgl/17.1/fxgl-17.1.jar!/fxglassets/textures/fxgl_default_cursor.png
22:04:32.921 [JavaFX Application Thread] DEBUG Input                - Registered new binding: Screenshot - CTRL+8
22:04:32.921 [JavaFX Application Thread] DEBUG Input                - Registered new binding: System info dump - CTRL+9
22:04:32.921 [JavaFX Application Thread] DEBUG Input                - Registered new binding: Restart - CTRL+R
22:04:32.922 [JavaFX Application Thread] DEBUG Input                - Registered new binding: Toggle Debug Camera - CTRL+7
22:04:32.926 [JavaFX Application Thread] DEBUG LoopRunner           - Starting loop
22:04:32.926 [JavaFX Application Thread] DEBUG LoopRunner           - Initializing JavaFX AnimationTimerLoop
22:04:32.927 [JavaFX Application Thread] DEBUG GameApplicationServi - Starting new game
22:04:32.929 [JavaFX Application Thread] DEBUG Input                - Clearing active input actions
22:04:33.019 [JavaFX Application Thread] DEBUG GameApplicationServi - Removing overlay from FXGLStartupScene and adding to FXGLLoadingScene
22:04:33.023 [JavaFX Application Thread] DEBUG PrimaryStageWindow   - FXGLStartupScene -> FXGLLoadingScene
22:04:33.023 [JavaFX Application Thread] DEBUG GameApplicationServi - Clearing previous game
22:04:33.023 [JavaFX Application Thread] DEBUG GameScene            - Clearing game scene
22:04:33.023 [JavaFX Application Thread] DEBUG GameWorld            - Clearing game world
22:04:33.023 [JavaFX Application Thread] DEBUG PhysicsWorld         - Clearing physics world
22:04:33.031 [FXGL Background Thread 4 ] DEBUG FXGLApplication      - Initializing game
22:04:33.073 [JavaFX Application Thread] DEBUG FXGLApplication      - Registering font factories with UI factory
22:04:33.250 [FXGL Background Thread 4 ] DEBUG FXGLAssetLoaderServi - Loading from file system: file:/Users/lumizhang/Documents/GitHub/ChessKing/target/classes/assets/textures/default%20pawn-white.png
22:04:33.261 [FXGL Background Thread 4 ] DEBUG FXGLAssetLoaderServi - Loading from file system: file:/Users/lumizhang/Documents/GitHub/ChessKing/target/classes/assets/textures/default%20pawn-black.png
22:04:33.298 [FXGL Background Thread 4 ] DEBUG FXGLAssetLoaderServi - Loading from file system: file:/Users/lumizhang/Documents/GitHub/ChessKing/target/classes/assets/textures/default%20rook-white.png
22:04:33.305 [FXGL Background Thread 4 ] DEBUG FXGLAssetLoaderServi - Loading from file system: file:/Users/lumizhang/Documents/GitHub/ChessKing/target/classes/assets/textures/default%20rook-black.png
22:04:33.316 [FXGL Background Thread 4 ] DEBUG FXGLAssetLoaderServi - Loading from file system: file:/Users/lumizhang/Documents/GitHub/ChessKing/target/classes/assets/textures/default%20knight-white.png
22:04:33.320 [FXGL Background Thread 4 ] DEBUG FXGLAssetLoaderServi - Loading from file system: file:/Users/lumizhang/Documents/GitHub/ChessKing/target/classes/assets/textures/default%20knight-black.png
22:04:33.324 [FXGL Background Thread 4 ] DEBUG FXGLAssetLoaderServi - Loading from file system: file:/Users/lumizhang/Documents/GitHub/ChessKing/target/classes/assets/textures/default%20bishop-white.png
22:04:33.336 [FXGL Background Thread 4 ] DEBUG FXGLAssetLoaderServi - Loading from file system: file:/Users/lumizhang/Documents/GitHub/ChessKing/target/classes/assets/textures/default%20bishop-black.png
22:04:33.415 [FXGL Background Thread 4 ] DEBUG FXGLAssetLoaderServi - Loading from file system: file:/Users/lumizhang/Documents/GitHub/ChessKing/target/classes/assets/textures/default%20queen-white.png
22:04:33.432 [FXGL Background Thread 4 ] DEBUG FXGLAssetLoaderServi - Loading from file system: file:/Users/lumizhang/Documents/GitHub/ChessKing/target/classes/assets/textures/default%20king-white.png
22:04:33.446 [FXGL Background Thread 4 ] DEBUG FXGLAssetLoaderServi - Loading from file system: file:/Users/lumizhang/Documents/GitHub/ChessKing/target/classes/assets/textures/default%20queen-black.png
22:04:33.454 [FXGL Background Thread 4 ] DEBUG FXGLAssetLoaderServi - Loading from file system: file:/Users/lumizhang/Documents/GitHub/ChessKing/target/classes/assets/textures/default%20king-black.png
22:04:33.467 [FXGL Background Thread 4 ] DEBUG Input                - Registered new binding: Move - LMB
22:04:33.469 [FXGL Background Thread 4 ] INFO  FXGLApplication      - Game initialization took: 0.438 sec
22:04:33.474 [JavaFX Application Thread] DEBUG Input                - Clearing active input actions
22:04:33.510 [JavaFX Application Thread] DEBUG GameApplicationServi - Removing overlay from FXGLLoadingScene and adding to GameScene
22:04:33.525 [JavaFX Application Thread] DEBUG PrimaryStageWindow   - FXGLLoadingScene -> GameScene
22:04:35.832 [FXGL Background Thread 3 ] DEBUG Engine               - Logging environment variables
22:04:35.837 [FXGL Background Thread 3 ] DEBUG Engine               - achievements: []
22:04:35.838 [FXGL Background Thread 3 ] DEBUG Engine               - actualHeight: 800.0
22:04:35.845 [FXGL Background Thread 3 ] DEBUG Engine               - actualHeightProperty: ReadOnlyDoubleProperty [value: 800.0]
22:04:35.848 [FXGL Background Thread 3 ] DEBUG Engine               - actualWidth: 1200.0
22:04:35.851 [FXGL Background Thread 3 ] DEBUG Engine               - actualWidthProperty: ReadOnlyDoubleProperty [value: 1200.0]
22:04:35.852 [FXGL Background Thread 3 ] DEBUG Engine               - appIcon: fxgl_icon.png
22:04:35.853 [FXGL Background Thread 3 ] DEBUG Engine               - applicationMode: DEVELOPER
22:04:35.854 [FXGL Background Thread 3 ] DEBUG Engine               - cSSList: [fxgl_dark.css]
22:04:35.856 [FXGL Background Thread 3 ] DEBUG Engine               - collisionDetectionStrategy: BRUTE_FORCE
22:04:35.858 [FXGL Background Thread 3 ] DEBUG Engine               - configClass: Optional.empty
22:04:35.859 [FXGL Background Thread 3 ] DEBUG Engine               - credits: []
22:04:35.861 [FXGL Background Thread 3 ] DEBUG Engine               - defaultCursor: CursorInfo(imageName=fxgl_default_cursor.png, hotspotX=7.0, hotspotY=6.0)
22:04:35.865 [FXGL Background Thread 3 ] DEBUG Engine               - devBBoxColorProperty: ObjectProperty [value: 0xff0000ff]
22:04:35.866 [FXGL Background Thread 3 ] DEBUG Engine               - devEnableDebugCameraProperty: BooleanProperty [value: false]
22:04:35.868 [FXGL Background Thread 3 ] DEBUG Engine               - devSensorColorProperty: ObjectProperty [value: 0xffff00ff]
22:04:35.869 [FXGL Background Thread 3 ] DEBUG Engine               - devShowBBoxProperty: BooleanProperty [value: false]
22:04:35.871 [FXGL Background Thread 3 ] DEBUG Engine               - devShowPositionProperty: BooleanProperty [value: false]
22:04:35.872 [FXGL Background Thread 3 ] DEBUG Engine               - enabledMenuItems: []
22:04:35.873 [FXGL Background Thread 3 ] DEBUG Engine               - engineServices: [class com.almasb.fxgl.app.services.FXGLAssetLoaderService, class com.almasb.fxgl.app.FXGLApplication$GameApplicationService, class com.almasb.fxgl.app.services.FXGLDialogService, class com.almasb.fxgl.app.services.IOTaskExecutorService, class com.almasb.fxgl.io.FileSystemService, class com.almasb.fxgl.localization.LocalizationService, class com.almasb.fxgl.app.services.SystemBundleService, class com.almasb.fxgl.profile.SaveLoadService, class com.almasb.fxgl.ui.FXGLUIFactoryServiceProvider, class com.almasb.fxgl.ui.FXGLDialogFactoryServiceProvider, class com.almasb.fxgl.audio.AudioPlayer, class com.almasb.fxgl.notification.impl.NotificationServiceProvider, class com.almasb.fxgl.achievement.AchievementService, class com.almasb.fxgl.cutscene.CutsceneService, class com.almasb.fxgl.minigames.MiniGameService, class com.almasb.fxgl.net.NetService, class com.almasb.fxgl.app.services.UpdaterService, class com.almasb.fxgl.dev.DevService]
22:04:35.875 [FXGL Background Thread 3 ] DEBUG Engine               - fontGame: Abel-Regular.ttf
22:04:35.876 [FXGL Background Thread 3 ] DEBUG Engine               - fontMono: TerminalLandMono-Regular.otf
22:04:35.877 [FXGL Background Thread 3 ] DEBUG Engine               - fontText: Courier-Prime.ttf
22:04:35.878 [FXGL Background Thread 3 ] DEBUG Engine               - fontUI: VarelaRound-Regular.ttf
22:04:35.879 [FXGL Background Thread 3 ] DEBUG Engine               - fullScreen: BooleanProperty [value: false]
22:04:35.880 [FXGL Background Thread 3 ] DEBUG Engine               - gameDifficulty: MEDIUM
22:04:35.881 [FXGL Background Thread 3 ] DEBUG Engine               - gameDifficultyProperty: ObjectProperty [value: MEDIUM]
22:04:35.883 [FXGL Background Thread 3 ] DEBUG Engine               - globalMusicVolume: 0.5
22:04:35.884 [FXGL Background Thread 3 ] DEBUG Engine               - globalMusicVolumeProperty: DoubleProperty [value: 0.5]
22:04:35.885 [FXGL Background Thread 3 ] DEBUG Engine               - globalSoundVolume: 0.5
22:04:35.886 [FXGL Background Thread 3 ] DEBUG Engine               - globalSoundVolumeProperty: DoubleProperty [value: 0.5]
22:04:35.887 [FXGL Background Thread 3 ] DEBUG Engine               - height: 800
22:04:35.888 [FXGL Background Thread 3 ] DEBUG Engine               - is3D: false
22:04:35.889 [FXGL Background Thread 3 ] DEBUG Engine               - isAndroid: false
22:04:35.889 [FXGL Background Thread 3 ] DEBUG Engine               - isBrowser: false
22:04:35.891 [FXGL Background Thread 3 ] DEBUG Engine               - isClickFeedbackEnabled: false
22:04:35.892 [FXGL Background Thread 3 ] DEBUG Engine               - isCloseConfirmation: false
22:04:35.893 [FXGL Background Thread 3 ] DEBUG Engine               - isDesktop: true
22:04:35.894 [FXGL Background Thread 3 ] DEBUG Engine               - isDeveloperMenuEnabled: false
22:04:35.895 [FXGL Background Thread 3 ] DEBUG Engine               - isEmbedded: false
22:04:35.896 [FXGL Background Thread 3 ] DEBUG Engine               - isEntityPreloadEnabled: true
22:04:35.900 [FXGL Background Thread 3 ] DEBUG Engine               - isExperimentalTiledLargeMap: false
22:04:35.901 [FXGL Background Thread 3 ] DEBUG Engine               - isFileSystemWriteAllowed: true
22:04:35.902 [FXGL Background Thread 3 ] DEBUG Engine               - isFullScreenAllowed: false
22:04:35.904 [FXGL Background Thread 3 ] DEBUG Engine               - isFullScreenFromStart: false
22:04:35.905 [FXGL Background Thread 3 ] DEBUG Engine               - isGameMenuEnabled: true
22:04:35.906 [FXGL Background Thread 3 ] DEBUG Engine               - isIOS: false
22:04:35.907 [FXGL Background Thread 3 ] DEBUG Engine               - isIntroEnabled: false
22:04:35.908 [FXGL Background Thread 3 ] DEBUG Engine               - isLinux: false
22:04:35.909 [FXGL Background Thread 3 ] DEBUG Engine               - isMac: true
22:04:35.910 [FXGL Background Thread 3 ] DEBUG Engine               - isMainMenuEnabled: false
22:04:35.911 [FXGL Background Thread 3 ] DEBUG Engine               - isManualResizeEnabled: false
22:04:35.912 [FXGL Background Thread 3 ] DEBUG Engine               - isMobile: false
22:04:35.912 [FXGL Background Thread 3 ] DEBUG Engine               - isNative: false
22:04:35.913 [FXGL Background Thread 3 ] DEBUG Engine               - isPauseMusicWhenMinimized: true
22:04:35.914 [FXGL Background Thread 3 ] DEBUG Engine               - isPreserveResizeRatio: false
22:04:35.914 [FXGL Background Thread 3 ] DEBUG Engine               - isProfilingEnabled: false
22:04:35.915 [FXGL Background Thread 3 ] DEBUG Engine               - isScaleAffectedOnResize: true
22:04:35.916 [FXGL Background Thread 3 ] DEBUG Engine               - isSingleStep: false
22:04:35.917 [FXGL Background Thread 3 ] DEBUG Engine               - isUserProfileEnabled: false
22:04:35.918 [FXGL Background Thread 3 ] DEBUG Engine               - isWindows: false
22:04:35.918 [FXGL Background Thread 3 ] DEBUG Engine               - language: ObjectProperty [value: ENGLISH]
22:04:35.919 [FXGL Background Thread 3 ] DEBUG Engine               - menuKey: ESCAPE
22:04:35.920 [FXGL Background Thread 3 ] DEBUG Engine               - mouseSensitivity: 0.2
22:04:35.922 [FXGL Background Thread 3 ] DEBUG Engine               - notificationViewClass: class com.almasb.fxgl.notification.view.XboxNotificationView
22:04:35.924 [FXGL Background Thread 3 ] DEBUG Engine               - pixelsPerMeter: 50.0
22:04:35.925 [FXGL Background Thread 3 ] DEBUG Engine               - platform: MAC
22:04:35.926 [FXGL Background Thread 3 ] DEBUG Engine               - prefHeightProperty: ReadOnlyDoubleProperty [value: 800.0]
22:04:35.927 [FXGL Background Thread 3 ] DEBUG Engine               - prefWidthProperty: ReadOnlyDoubleProperty [value: 1200.0]
22:04:35.928 [FXGL Background Thread 3 ] DEBUG Engine               - profileDir: profiles/
22:04:35.928 [FXGL Background Thread 3 ] DEBUG Engine               - profileName: StringProperty [value: DEFAULT]
22:04:35.929 [FXGL Background Thread 3 ] DEBUG Engine               - randomSeed: -1
22:04:35.930 [FXGL Background Thread 3 ] DEBUG Engine               - runtimeInfo: RuntimeInfo(platform=MAC, version=17.1, build=24.03.2022 17.34)
22:04:35.930 [FXGL Background Thread 3 ] DEBUG Engine               - saveFileExt: sav
22:04:35.931 [FXGL Background Thread 3 ] DEBUG Engine               - scaledHeightProp$fxgl: DoubleProperty [bound, value: 800.0]
22:04:35.932 [FXGL Background Thread 3 ] DEBUG Engine               - scaledWidthProp$fxgl: DoubleProperty [bound, value: 1200.0]
22:04:35.933 [FXGL Background Thread 3 ] DEBUG Engine               - sceneFactory: com.almasb.fxgl.app.scene.SceneFactory@78648ab1
22:04:35.933 [FXGL Background Thread 3 ] DEBUG Engine               - secondsIn24h: 60
22:04:35.934 [FXGL Background Thread 3 ] DEBUG Engine               - soundMenuBack: menu/back.wav
22:04:35.935 [FXGL Background Thread 3 ] DEBUG Engine               - soundMenuPress: menu/press.wav
22:04:35.936 [FXGL Background Thread 3 ] DEBUG Engine               - soundMenuSelect: menu/select.wav
22:04:35.937 [FXGL Background Thread 3 ] DEBUG Engine               - soundNotification: core/notification.wav
22:04:35.937 [FXGL Background Thread 3 ] DEBUG Engine               - stageStyle: DECORATED
22:04:35.938 [FXGL Background Thread 3 ] DEBUG Engine               - supportedLanguages: [ENGLISH, FRENCH, GERMAN, HUNGARIAN, RUSSIAN]
22:04:35.938 [FXGL Background Thread 3 ] DEBUG Engine               - ticksPerSecond: -1
22:04:35.939 [FXGL Background Thread 3 ] DEBUG Engine               - title: Chess King
22:04:35.940 [FXGL Background Thread 3 ] DEBUG Engine               - urlGithub: https://github.com/AlmasB/FXGL
22:04:35.941 [FXGL Background Thread 3 ] DEBUG Engine               - urlLeaderboard: http://fxgl-top.herokuapp.com/
22:04:35.941 [FXGL Background Thread 3 ] DEBUG Engine               - urlPOM: https://raw.githubusercontent.com/AlmasB/FXGL/release/README.md
22:04:35.942 [FXGL Background Thread 3 ] DEBUG Engine               - userAppClass: class edu.sustech.chessking.ChessKingApp
22:04:35.943 [FXGL Background Thread 3 ] DEBUG Engine               - version: 0.1
22:04:35.944 [FXGL Background Thread 3 ] DEBUG Engine               - versionCheckDays: 7
22:04:35.944 [FXGL Background Thread 3 ] DEBUG Engine               - width: 1200
22:04:35.945 [FXGL Background Thread 3 ] DEBUG Engine               - Logging services
22:04:35.946 [FXGL Background Thread 3 ] DEBUG Engine               - class com.almasb.fxgl.app.services.FXGLAssetLoaderService
22:04:35.946 [FXGL Background Thread 3 ] DEBUG Engine               - class com.almasb.fxgl.app.FXGLApplication$GameApplicationService
22:04:35.947 [FXGL Background Thread 3 ] DEBUG Engine               - class com.almasb.fxgl.app.services.FXGLDialogService
22:04:35.947 [FXGL Background Thread 3 ] DEBUG Engine               - class com.almasb.fxgl.app.services.IOTaskExecutorService
22:04:35.948 [FXGL Background Thread 3 ] DEBUG Engine               - class com.almasb.fxgl.io.FileSystemService
22:04:35.949 [FXGL Background Thread 3 ] DEBUG Engine               - class com.almasb.fxgl.localization.LocalizationService
22:04:35.950 [FXGL Background Thread 3 ] DEBUG Engine               - class com.almasb.fxgl.app.services.SystemBundleService
22:04:35.950 [FXGL Background Thread 3 ] DEBUG Engine               - class com.almasb.fxgl.profile.SaveLoadService
22:04:35.951 [FXGL Background Thread 3 ] DEBUG Engine               - class com.almasb.fxgl.ui.FXGLUIFactoryServiceProvider
22:04:35.952 [FXGL Background Thread 3 ] DEBUG Engine               - class com.almasb.fxgl.ui.FXGLDialogFactoryServiceProvider
22:04:35.952 [FXGL Background Thread 3 ] DEBUG Engine               - class com.almasb.fxgl.audio.AudioPlayer
22:04:35.953 [FXGL Background Thread 3 ] DEBUG Engine               - class com.almasb.fxgl.notification.impl.NotificationServiceProvider
22:04:35.954 [FXGL Background Thread 3 ] DEBUG Engine               - class com.almasb.fxgl.achievement.AchievementService
22:04:35.954 [FXGL Background Thread 3 ] DEBUG Engine               - class com.almasb.fxgl.cutscene.CutsceneService
22:04:35.955 [FXGL Background Thread 3 ] DEBUG Engine               - class com.almasb.fxgl.minigames.MiniGameService
22:04:35.956 [FXGL Background Thread 3 ] DEBUG Engine               - class com.almasb.fxgl.net.NetService
22:04:35.956 [FXGL Background Thread 3 ] DEBUG Engine               - class com.almasb.fxgl.app.services.UpdaterService
22:04:35.958 [FXGL Background Thread 3 ] DEBUG Engine               - class com.almasb.fxgl.dev.DevService
22:05:06.139 [JavaFX Application Thread] DEBUG FXGLApplication      - Exiting FXGL
22:05:06.148 [JavaFX Application Thread] DEBUG LoopRunner           - Stopping loop
22:05:06.151 [JavaFX Application Thread] DEBUG SystemBundleService  - Saving FXGL system data
22:05:06.178 [JavaFX Application Thread] DEBUG FileSystemAccess     - Writing to: /Users/lumizhang/Documents/GitHub/ChessKing/system/fxgl.bundle
22:05:06.185 [JavaFX Application Thread] DEBUG Async                - Shutting down background threads
22:05:06.189 [JavaFX Application Thread] DEBUG PrimaryStageWindow   - Closing main window
22:05:06.207 [JavaFX Application Thread] DEBUG Logger               - Closing Logger
