23:07:57.214 [main                     ] DEBUG Logger               - Configured Logger
23:07:57.284 [main                     ] DEBUG GameApplication      - Logging settings
Title: Chess King
Version: 0.1
Width: 1200
Height: 800
Fullscreen: false
Intro: false
Profiling: false
Single step:false
App Mode: DEVELOPER
Menu Key: ESCAPE
Stage Style: DECORATED
Scene Factory: class com.almasb.fxgl.app.scene.SceneFactory

23:07:57.686 [JavaFX Application Thread] DEBUG FXGLApplication      - Initializing FXGL
23:07:57.692 [JavaFX Application Thread] INFO  Engine               - FXGL-17.1 (24.03.2022 17.34) on MAC (J:17.0.1 FX:18)
23:07:57.693 [JavaFX Application Thread] DEBUG Engine               - JRE Vendor Name: Oracle Corporation
23:07:57.693 [JavaFX Application Thread] DEBUG Engine               - Running on OS: Mac OS X version 12.3.1
23:07:57.693 [JavaFX Application Thread] DEBUG Engine               - Architecture: x86_64
23:07:57.693 [JavaFX Application Thread] INFO  Engine               - Source code and latest versions at: https://github.com/AlmasB/FXGL
23:07:57.694 [JavaFX Application Thread] INFO  Engine               -       Ask questions and discuss at: https://github.com/AlmasB/FXGL/discussions
23:07:57.694 [JavaFX Application Thread] INFO  Engine               -              Join the FXGL chat at: https://gitter.im/AlmasB/FXGL
23:07:57.772 [JavaFX Application Thread] DEBUG PrimaryStageWindow   - Creating a JavaFX scene
23:07:57.818 [JavaFX Application Thread] DEBUG PrimaryStageWindow   - Target settings size: 1200.0 x 800.0
23:07:57.818 [JavaFX Application Thread] DEBUG PrimaryStageWindow   - Scaled scene size:    1200.0 x 800.0
23:07:57.820 [JavaFX Application Thread] DEBUG PrimaryStageWindow   - Scaled ratio: (1.0, 1.0)
23:07:57.823 [JavaFX Application Thread] DEBUG PrimaryStageWindow   - Set initial scene to FXGLStartupScene
23:07:57.829 [JavaFX Application Thread] DEBUG PrimaryStageWindow   - Opening main window
23:07:57.917 [JavaFX Application Thread] DEBUG PrimaryStageWindow   - Window border size: (0.0, 28.0)
23:07:57.917 [JavaFX Application Thread] DEBUG PrimaryStageWindow   - Scaled size: 1200.0 x 800.0
23:07:57.918 [JavaFX Application Thread] DEBUG PrimaryStageWindow   - Scaled ratio: (1.0, 1.0)
23:07:57.919 [JavaFX Application Thread] DEBUG PrimaryStageWindow   - Scene size: 1200.0 x 800.0
23:07:57.919 [JavaFX Application Thread] DEBUG PrimaryStageWindow   - Stage size: 1200.0 x 828.0
23:07:57.933 [FXGL Background Thread 1 ] DEBUG Engine               - Initializing environment variables
23:07:58.003 [FXGL Background Thread 1 ] DEBUG FXGLAssetLoaderServi - User app class for loading assets: class edu.sustech.chessking.ChessKingApp
23:07:58.006 [FXGL Background Thread 1 ] DEBUG GameApplicationServi - Applying CSS: fxgl_dark.css
23:07:58.009 [FXGL Background Thread 1 ] DEBUG FXGLAssetLoaderServi - Loading from file system: jar:file:///Users/lumizhang/.m2/repository/com/github/almasb/fxgl/17.1/fxgl-17.1.jar!/fxglassets/ui/css/fxgl_dark.css
23:07:58.071 [FXGL Background Thread 1 ] DEBUG GameApplicationServi - Initializing application scenes
23:07:58.396 [FXGL Background Thread 1 ] DEBUG GameWorld            - Game world initialized
23:07:58.437 [FXGL Background Thread 1 ] DEBUG PhysicsWorld         - Physics world initialized: appHeight=800, physics.ppm=50.0
23:07:58.437 [FXGL Background Thread 1 ] DEBUG PhysicsWorld         - Using strategy: BRUTE_FORCE
23:07:58.451 [FXGL Background Thread 1 ] DEBUG GameScene            - Game scene initialized: 1200x800
23:07:58.462 [FXGL Background Thread 1 ] DEBUG FXGL.DefaultMenu     - createMenuBodyGameMenu()
23:07:58.472 [FXGL Background Thread 1 ] DEBUG FXGL.DefaultMenu     - createOptionsMenu()
23:07:58.489 [FXGL Background Thread 1 ] DEBUG FXGLAssetLoaderServi - Loading from file system: jar:file:///Users/lumizhang/.m2/repository/com/github/almasb/fxgl/17.1/fxgl-17.1.jar!/fxglassets/textures/particles/smoke.png
23:07:58.618 [FXGL Background Thread 1 ] DEBUG FXGLAssetLoaderServi - Loading from file system: jar:file:///Users/lumizhang/.m2/repository/com/github/almasb/fxgl/17.1/fxgl-17.1.jar!/fxglassets/textures/particles/trace_horizontal.png
23:07:58.658 [FXGL Background Thread 1 ] DEBUG GameApplicationServi - Application scenes initialized
23:07:58.674 [FXGL Background Thread 1 ] DEBUG SystemBundleService  - Loading FXGL system data
23:07:58.679 [FXGL Background Thread 1 ] DEBUG FileSystemAccess     - Reading from: /Users/lumizhang/Documents/GitHub/ChessKing/system/fxgl.bundle
23:07:58.690 [FXGL Background Thread 1 ] DEBUG SystemBundleService  - Bundle FXGL: {}
23:07:58.690 [FXGL Background Thread 1 ] DEBUG UpdaterService       - Checking for updates
23:07:58.695 [FXGL Background Thread 4 ] DEBUG FXGLApplication      - Loading fonts
23:07:58.696 [FXGL Background Thread 4 ] DEBUG FXGLAssetLoaderServi - Loading from file system: jar:file:///Users/lumizhang/.m2/repository/com/github/almasb/fxgl/17.1/fxgl-17.1.jar!/fxglassets/ui/fonts/VarelaRound-Regular.ttf
23:07:58.695 [FXGL Background Thread 1 ] DEBUG FXGLApplication      - Loading default localization
23:07:58.697 [FXGL Background Thread 1 ] DEBUG FXGLAssetLoaderServi - Loading from file system: jar:file:///Users/lumizhang/.m2/repository/com/github/almasb/fxgl/17.1/fxgl-17.1.jar!/fxglassets/languages/english.lang
23:07:58.720 [FXGL Background Thread 4 ] DEBUG FXGLAssetLoaderServi - Loading from file system: jar:file:///Users/lumizhang/.m2/repository/com/github/almasb/fxgl/17.1/fxgl-17.1.jar!/fxglassets/ui/fonts/Abel-Regular.ttf
23:07:58.730 [FXGL Background Thread 1 ] INFO  FXGLApplication      - FXGL initialization took: 0.796 sec
23:07:58.731 [FXGL Background Thread 4 ] DEBUG FXGLAssetLoaderServi - Loading from file system: jar:file:///Users/lumizhang/.m2/repository/com/github/almasb/fxgl/17.1/fxgl-17.1.jar!/fxglassets/ui/fonts/TerminalLandMono-Regular.otf
23:07:58.735 [JavaFX Application Thread] DEBUG FXGLAssetLoaderServi - Loading from file system: jar:file:///Users/lumizhang/.m2/repository/com/github/almasb/fxgl/17.1/fxgl-17.1.jar!/fxglassets/textures/fxgl_icon.png
23:07:58.739 [FXGL Background Thread 4 ] DEBUG FXGLAssetLoaderServi - Loading from file system: jar:file:///Users/lumizhang/.m2/repository/com/github/almasb/fxgl/17.1/fxgl-17.1.jar!/fxglassets/ui/fonts/Courier-Prime.ttf
23:07:58.796 [JavaFX Application Thread] DEBUG FXGLAssetLoaderServi - Loading from file system: jar:file:///Users/lumizhang/.m2/repository/com/github/almasb/fxgl/17.1/fxgl-17.1.jar!/fxglassets/textures/fxgl_default_cursor.png
23:07:58.815 [JavaFX Application Thread] DEBUG Input                - Registered new binding: Screenshot - CTRL+8
23:07:58.816 [JavaFX Application Thread] DEBUG Input                - Registered new binding: System info dump - CTRL+9
23:07:58.816 [JavaFX Application Thread] DEBUG Input                - Registered new binding: Restart - CTRL+R
23:07:58.819 [JavaFX Application Thread] DEBUG Input                - Registered new binding: Toggle Debug Camera - CTRL+7
23:07:58.825 [JavaFX Application Thread] DEBUG LoopRunner           - Starting loop
23:07:58.826 [JavaFX Application Thread] DEBUG LoopRunner           - Initializing JavaFX AnimationTimerLoop
23:07:58.826 [JavaFX Application Thread] DEBUG GameApplicationServi - Starting new game
23:07:58.828 [JavaFX Application Thread] DEBUG Input                - Clearing active input actions
23:07:58.872 [JavaFX Application Thread] DEBUG GameApplicationServi - Removing overlay from FXGLStartupScene and adding to FXGLLoadingScene
23:07:58.874 [JavaFX Application Thread] DEBUG PrimaryStageWindow   - FXGLStartupScene -> FXGLLoadingScene
23:07:58.874 [JavaFX Application Thread] DEBUG GameApplicationServi - Clearing previous game
23:07:58.874 [JavaFX Application Thread] DEBUG GameScene            - Clearing game scene
23:07:58.874 [JavaFX Application Thread] DEBUG GameWorld            - Clearing game world
23:07:58.874 [JavaFX Application Thread] DEBUG PhysicsWorld         - Clearing physics world
23:07:58.876 [FXGL Background Thread 4 ] DEBUG FXGLApplication      - Initializing game
23:07:58.903 [JavaFX Application Thread] DEBUG FXGLApplication      - Registering font factories with UI factory
23:07:59.208 [FXGL Background Thread 4 ] DEBUG FXGLAssetLoaderServi - Loading from file system: file:/Users/lumizhang/Documents/GitHub/ChessKing/target/classes/assets/textures/default%20pawn-white.png
23:07:59.228 [FXGL Background Thread 4 ] DEBUG FXGLAssetLoaderServi - Loading from file system: file:/Users/lumizhang/Documents/GitHub/ChessKing/target/classes/assets/textures/default%20pawn-black.png
23:07:59.264 [FXGL Background Thread 4 ] DEBUG FXGLAssetLoaderServi - Loading from file system: file:/Users/lumizhang/Documents/GitHub/ChessKing/target/classes/assets/textures/default%20rook-white.png
23:07:59.274 [FXGL Background Thread 4 ] DEBUG FXGLAssetLoaderServi - Loading from file system: file:/Users/lumizhang/Documents/GitHub/ChessKing/target/classes/assets/textures/default%20rook-black.png
23:07:59.282 [FXGL Background Thread 4 ] DEBUG FXGLAssetLoaderServi - Loading from file system: file:/Users/lumizhang/Documents/GitHub/ChessKing/target/classes/assets/textures/default%20knight-white.png
23:07:59.289 [FXGL Background Thread 4 ] DEBUG FXGLAssetLoaderServi - Loading from file system: file:/Users/lumizhang/Documents/GitHub/ChessKing/target/classes/assets/textures/default%20knight-black.png
23:07:59.316 [FXGL Background Thread 4 ] DEBUG FXGLAssetLoaderServi - Loading from file system: file:/Users/lumizhang/Documents/GitHub/ChessKing/target/classes/assets/textures/default%20bishop-white.png
23:07:59.327 [FXGL Background Thread 4 ] DEBUG FXGLAssetLoaderServi - Loading from file system: file:/Users/lumizhang/Documents/GitHub/ChessKing/target/classes/assets/textures/default%20bishop-black.png
23:07:59.331 [FXGL Background Thread 4 ] DEBUG FXGLAssetLoaderServi - Loading from file system: file:/Users/lumizhang/Documents/GitHub/ChessKing/target/classes/assets/textures/default%20queen-white.png
23:07:59.336 [FXGL Background Thread 4 ] DEBUG FXGLAssetLoaderServi - Loading from file system: file:/Users/lumizhang/Documents/GitHub/ChessKing/target/classes/assets/textures/default%20king-white.png
23:07:59.341 [FXGL Background Thread 4 ] DEBUG FXGLAssetLoaderServi - Loading from file system: file:/Users/lumizhang/Documents/GitHub/ChessKing/target/classes/assets/textures/default%20queen-black.png
23:07:59.345 [FXGL Background Thread 4 ] DEBUG FXGLAssetLoaderServi - Loading from file system: file:/Users/lumizhang/Documents/GitHub/ChessKing/target/classes/assets/textures/default%20king-black.png
23:07:59.351 [FXGL Background Thread 4 ] DEBUG Input                - Registered new binding: Move - LMB
23:07:59.356 [FXGL Background Thread 4 ] INFO  FXGLApplication      - Game initialization took: 0.478 sec
23:07:59.361 [JavaFX Application Thread] DEBUG Input                - Clearing active input actions
23:07:59.384 [JavaFX Application Thread] DEBUG GameApplicationServi - Removing overlay from FXGLLoadingScene and adding to GameScene
23:07:59.393 [JavaFX Application Thread] DEBUG PrimaryStageWindow   - FXGLLoadingScene -> GameScene
23:08:01.697 [FXGL Background Thread 3 ] DEBUG Engine               - Logging environment variables
23:08:01.702 [FXGL Background Thread 3 ] DEBUG Engine               - achievements: []
23:08:01.704 [FXGL Background Thread 3 ] DEBUG Engine               - actualHeight: 800.0
23:08:01.711 [FXGL Background Thread 3 ] DEBUG Engine               - actualHeightProperty: ReadOnlyDoubleProperty [value: 800.0]
23:08:01.713 [FXGL Background Thread 3 ] DEBUG Engine               - actualWidth: 1200.0
23:08:01.715 [FXGL Background Thread 3 ] DEBUG Engine               - actualWidthProperty: ReadOnlyDoubleProperty [value: 1200.0]
23:08:01.717 [FXGL Background Thread 3 ] DEBUG Engine               - appIcon: fxgl_icon.png
23:08:01.718 [FXGL Background Thread 3 ] DEBUG Engine               - applicationMode: DEVELOPER
23:08:01.720 [FXGL Background Thread 3 ] DEBUG Engine               - cSSList: [fxgl_dark.css]
23:08:01.721 [FXGL Background Thread 3 ] DEBUG Engine               - collisionDetectionStrategy: BRUTE_FORCE
23:08:01.724 [FXGL Background Thread 3 ] DEBUG Engine               - configClass: Optional.empty
23:08:01.725 [FXGL Background Thread 3 ] DEBUG Engine               - credits: []
23:08:01.727 [FXGL Background Thread 3 ] DEBUG Engine               - defaultCursor: CursorInfo(imageName=fxgl_default_cursor.png, hotspotX=7.0, hotspotY=6.0)
23:08:01.731 [FXGL Background Thread 3 ] DEBUG Engine               - devBBoxColorProperty: ObjectProperty [value: 0xff0000ff]
23:08:01.732 [FXGL Background Thread 3 ] DEBUG Engine               - devEnableDebugCameraProperty: BooleanProperty [value: false]
23:08:01.736 [FXGL Background Thread 3 ] DEBUG Engine               - devSensorColorProperty: ObjectProperty [value: 0xffff00ff]
23:08:01.737 [FXGL Background Thread 3 ] DEBUG Engine               - devShowBBoxProperty: BooleanProperty [value: false]
23:08:01.738 [FXGL Background Thread 3 ] DEBUG Engine               - devShowPositionProperty: BooleanProperty [value: false]
23:08:01.739 [FXGL Background Thread 3 ] DEBUG Engine               - enabledMenuItems: []
23:08:01.740 [FXGL Background Thread 3 ] DEBUG Engine               - engineServices: [class com.almasb.fxgl.app.services.FXGLAssetLoaderService, class com.almasb.fxgl.app.FXGLApplication$GameApplicationService, class com.almasb.fxgl.app.services.FXGLDialogService, class com.almasb.fxgl.app.services.IOTaskExecutorService, class com.almasb.fxgl.io.FileSystemService, class com.almasb.fxgl.localization.LocalizationService, class com.almasb.fxgl.app.services.SystemBundleService, class com.almasb.fxgl.profile.SaveLoadService, class com.almasb.fxgl.ui.FXGLUIFactoryServiceProvider, class com.almasb.fxgl.ui.FXGLDialogFactoryServiceProvider, class com.almasb.fxgl.audio.AudioPlayer, class com.almasb.fxgl.notification.impl.NotificationServiceProvider, class com.almasb.fxgl.achievement.AchievementService, class com.almasb.fxgl.cutscene.CutsceneService, class com.almasb.fxgl.minigames.MiniGameService, class com.almasb.fxgl.net.NetService, class com.almasb.fxgl.app.services.UpdaterService, class com.almasb.fxgl.dev.DevService]
23:08:01.742 [FXGL Background Thread 3 ] DEBUG Engine               - fontGame: Abel-Regular.ttf
23:08:01.743 [FXGL Background Thread 3 ] DEBUG Engine               - fontMono: TerminalLandMono-Regular.otf
23:08:01.743 [FXGL Background Thread 3 ] DEBUG Engine               - fontText: Courier-Prime.ttf
23:08:01.744 [FXGL Background Thread 3 ] DEBUG Engine               - fontUI: VarelaRound-Regular.ttf
23:08:01.745 [FXGL Background Thread 3 ] DEBUG Engine               - fullScreen: BooleanProperty [value: false]
23:08:01.746 [FXGL Background Thread 3 ] DEBUG Engine               - gameDifficulty: MEDIUM
23:08:01.746 [FXGL Background Thread 3 ] DEBUG Engine               - gameDifficultyProperty: ObjectProperty [value: MEDIUM]
23:08:01.747 [FXGL Background Thread 3 ] DEBUG Engine               - globalMusicVolume: 0.5
23:08:01.748 [FXGL Background Thread 3 ] DEBUG Engine               - globalMusicVolumeProperty: DoubleProperty [value: 0.5]
23:08:01.749 [FXGL Background Thread 3 ] DEBUG Engine               - globalSoundVolume: 0.5
23:08:01.750 [FXGL Background Thread 3 ] DEBUG Engine               - globalSoundVolumeProperty: DoubleProperty [value: 0.5]
23:08:01.750 [FXGL Background Thread 3 ] DEBUG Engine               - height: 800
23:08:01.751 [FXGL Background Thread 3 ] DEBUG Engine               - is3D: false
23:08:01.752 [FXGL Background Thread 3 ] DEBUG Engine               - isAndroid: false
23:08:01.753 [FXGL Background Thread 3 ] DEBUG Engine               - isBrowser: false
23:08:01.754 [FXGL Background Thread 3 ] DEBUG Engine               - isClickFeedbackEnabled: false
23:08:01.755 [FXGL Background Thread 3 ] DEBUG Engine               - isCloseConfirmation: false
23:08:01.757 [FXGL Background Thread 3 ] DEBUG Engine               - isDesktop: true
23:08:01.758 [FXGL Background Thread 3 ] DEBUG Engine               - isDeveloperMenuEnabled: false
23:08:01.758 [FXGL Background Thread 3 ] DEBUG Engine               - isEmbedded: false
23:08:01.759 [FXGL Background Thread 3 ] DEBUG Engine               - isEntityPreloadEnabled: true
23:08:01.760 [FXGL Background Thread 3 ] DEBUG Engine               - isExperimentalTiledLargeMap: false
23:08:01.761 [FXGL Background Thread 3 ] DEBUG Engine               - isFileSystemWriteAllowed: true
23:08:01.761 [FXGL Background Thread 3 ] DEBUG Engine               - isFullScreenAllowed: false
23:08:01.764 [FXGL Background Thread 3 ] DEBUG Engine               - isFullScreenFromStart: false
23:08:01.765 [FXGL Background Thread 3 ] DEBUG Engine               - isGameMenuEnabled: true
23:08:01.766 [FXGL Background Thread 3 ] DEBUG Engine               - isIOS: false
23:08:01.767 [FXGL Background Thread 3 ] DEBUG Engine               - isIntroEnabled: false
23:08:01.768 [FXGL Background Thread 3 ] DEBUG Engine               - isLinux: false
23:08:01.770 [FXGL Background Thread 3 ] DEBUG Engine               - isMac: true
23:08:01.770 [FXGL Background Thread 3 ] DEBUG Engine               - isMainMenuEnabled: false
23:08:01.771 [FXGL Background Thread 3 ] DEBUG Engine               - isManualResizeEnabled: false
23:08:01.772 [FXGL Background Thread 3 ] DEBUG Engine               - isMobile: false
23:08:01.772 [FXGL Background Thread 3 ] DEBUG Engine               - isNative: false
23:08:01.773 [FXGL Background Thread 3 ] DEBUG Engine               - isPauseMusicWhenMinimized: true
23:08:01.774 [FXGL Background Thread 3 ] DEBUG Engine               - isPreserveResizeRatio: false
23:08:01.774 [FXGL Background Thread 3 ] DEBUG Engine               - isProfilingEnabled: false
23:08:01.775 [FXGL Background Thread 3 ] DEBUG Engine               - isScaleAffectedOnResize: true
23:08:01.776 [FXGL Background Thread 3 ] DEBUG Engine               - isSingleStep: false
23:08:01.776 [FXGL Background Thread 3 ] DEBUG Engine               - isUserProfileEnabled: false
23:08:01.777 [FXGL Background Thread 3 ] DEBUG Engine               - isWindows: false
23:08:01.778 [FXGL Background Thread 3 ] DEBUG Engine               - language: ObjectProperty [value: ENGLISH]
23:08:01.778 [FXGL Background Thread 3 ] DEBUG Engine               - menuKey: ESCAPE
23:08:01.779 [FXGL Background Thread 3 ] DEBUG Engine               - mouseSensitivity: 0.2
23:08:01.780 [FXGL Background Thread 3 ] DEBUG Engine               - notificationViewClass: class com.almasb.fxgl.notification.view.XboxNotificationView
23:08:01.780 [FXGL Background Thread 3 ] DEBUG Engine               - pixelsPerMeter: 50.0
23:08:01.781 [FXGL Background Thread 3 ] DEBUG Engine               - platform: MAC
23:08:01.782 [FXGL Background Thread 3 ] DEBUG Engine               - prefHeightProperty: ReadOnlyDoubleProperty [value: 800.0]
23:08:01.783 [FXGL Background Thread 3 ] DEBUG Engine               - prefWidthProperty: ReadOnlyDoubleProperty [value: 1200.0]
23:08:01.783 [FXGL Background Thread 3 ] DEBUG Engine               - profileDir: profiles/
23:08:01.784 [FXGL Background Thread 3 ] DEBUG Engine               - profileName: StringProperty [value: DEFAULT]
23:08:01.785 [FXGL Background Thread 3 ] DEBUG Engine               - randomSeed: -1
23:08:01.786 [FXGL Background Thread 3 ] DEBUG Engine               - runtimeInfo: RuntimeInfo(platform=MAC, version=17.1, build=24.03.2022 17.34)
23:08:01.787 [FXGL Background Thread 3 ] DEBUG Engine               - saveFileExt: sav
23:08:01.787 [FXGL Background Thread 3 ] DEBUG Engine               - scaledHeightProp$fxgl: DoubleProperty [bound, value: 800.0]
23:08:01.788 [FXGL Background Thread 3 ] DEBUG Engine               - scaledWidthProp$fxgl: DoubleProperty [bound, value: 1200.0]
23:08:01.789 [FXGL Background Thread 3 ] DEBUG Engine               - sceneFactory: com.almasb.fxgl.app.scene.SceneFactory@63dc475d
23:08:01.790 [FXGL Background Thread 3 ] DEBUG Engine               - secondsIn24h: 60
23:08:01.790 [FXGL Background Thread 3 ] DEBUG Engine               - soundMenuBack: menu/back.wav
23:08:01.791 [FXGL Background Thread 3 ] DEBUG Engine               - soundMenuPress: menu/press.wav
23:08:01.792 [FXGL Background Thread 3 ] DEBUG Engine               - soundMenuSelect: menu/select.wav
23:08:01.792 [FXGL Background Thread 3 ] DEBUG Engine               - soundNotification: core/notification.wav
23:08:01.793 [FXGL Background Thread 3 ] DEBUG Engine               - stageStyle: DECORATED
23:08:01.793 [FXGL Background Thread 3 ] DEBUG Engine               - supportedLanguages: [ENGLISH, FRENCH, GERMAN, HUNGARIAN, RUSSIAN]
23:08:01.794 [FXGL Background Thread 3 ] DEBUG Engine               - ticksPerSecond: -1
23:08:01.795 [FXGL Background Thread 3 ] DEBUG Engine               - title: Chess King
23:08:01.796 [FXGL Background Thread 3 ] DEBUG Engine               - urlGithub: https://github.com/AlmasB/FXGL
23:08:01.797 [FXGL Background Thread 3 ] DEBUG Engine               - urlLeaderboard: http://fxgl-top.herokuapp.com/
23:08:01.798 [FXGL Background Thread 3 ] DEBUG Engine               - urlPOM: https://raw.githubusercontent.com/AlmasB/FXGL/release/README.md
23:08:01.798 [FXGL Background Thread 3 ] DEBUG Engine               - userAppClass: class edu.sustech.chessking.ChessKingApp
23:08:01.799 [FXGL Background Thread 3 ] DEBUG Engine               - version: 0.1
23:08:01.800 [FXGL Background Thread 3 ] DEBUG Engine               - versionCheckDays: 7
23:08:01.800 [FXGL Background Thread 3 ] DEBUG Engine               - width: 1200
23:08:01.801 [FXGL Background Thread 3 ] DEBUG Engine               - Logging services
23:08:01.802 [FXGL Background Thread 3 ] DEBUG Engine               - class com.almasb.fxgl.app.services.FXGLAssetLoaderService
23:08:01.803 [FXGL Background Thread 3 ] DEBUG Engine               - class com.almasb.fxgl.app.FXGLApplication$GameApplicationService
23:08:01.803 [FXGL Background Thread 3 ] DEBUG Engine               - class com.almasb.fxgl.app.services.FXGLDialogService
23:08:01.804 [FXGL Background Thread 3 ] DEBUG Engine               - class com.almasb.fxgl.app.services.IOTaskExecutorService
23:08:01.805 [FXGL Background Thread 3 ] DEBUG Engine               - class com.almasb.fxgl.io.FileSystemService
23:08:01.805 [FXGL Background Thread 3 ] DEBUG Engine               - class com.almasb.fxgl.localization.LocalizationService
23:08:01.806 [FXGL Background Thread 3 ] DEBUG Engine               - class com.almasb.fxgl.app.services.SystemBundleService
23:08:01.806 [FXGL Background Thread 3 ] DEBUG Engine               - class com.almasb.fxgl.profile.SaveLoadService
23:08:01.807 [FXGL Background Thread 3 ] DEBUG Engine               - class com.almasb.fxgl.ui.FXGLUIFactoryServiceProvider
23:08:01.808 [FXGL Background Thread 3 ] DEBUG Engine               - class com.almasb.fxgl.ui.FXGLDialogFactoryServiceProvider
23:08:01.808 [FXGL Background Thread 3 ] DEBUG Engine               - class com.almasb.fxgl.audio.AudioPlayer
23:08:01.809 [FXGL Background Thread 3 ] DEBUG Engine               - class com.almasb.fxgl.notification.impl.NotificationServiceProvider
23:08:01.810 [FXGL Background Thread 3 ] DEBUG Engine               - class com.almasb.fxgl.achievement.AchievementService
23:08:01.810 [FXGL Background Thread 3 ] DEBUG Engine               - class com.almasb.fxgl.cutscene.CutsceneService
23:08:01.811 [FXGL Background Thread 3 ] DEBUG Engine               - class com.almasb.fxgl.minigames.MiniGameService
23:08:01.811 [FXGL Background Thread 3 ] DEBUG Engine               - class com.almasb.fxgl.net.NetService
23:08:01.812 [FXGL Background Thread 3 ] DEBUG Engine               - class com.almasb.fxgl.app.services.UpdaterService
23:08:01.813 [FXGL Background Thread 3 ] DEBUG Engine               - class com.almasb.fxgl.dev.DevService
23:08:04.212 [JavaFX Application Thread] DEBUG FXGLApplication      - Exiting FXGL
23:08:04.219 [JavaFX Application Thread] DEBUG LoopRunner           - Stopping loop
23:08:04.221 [JavaFX Application Thread] DEBUG SystemBundleService  - Saving FXGL system data
23:08:04.251 [JavaFX Application Thread] DEBUG FileSystemAccess     - Writing to: /Users/lumizhang/Documents/GitHub/ChessKing/system/fxgl.bundle
23:08:04.259 [JavaFX Application Thread] DEBUG Async                - Shutting down background threads
23:08:04.260 [JavaFX Application Thread] DEBUG PrimaryStageWindow   - Closing main window
23:08:04.275 [JavaFX Application Thread] DEBUG Logger               - Closing Logger
