23:07:27.613 [main                     ] DEBUG Logger               - Configured Logger
23:07:27.679 [main                     ] DEBUG GameApplication      - Logging settings
Title: Chess King
Version: 0.1
Width: 1200
Height: 800
Fullscreen: false
Intro: false
Profiling: false
Single step:false
App Mode: DEVELOPER
Menu Key: ESCAPE
Stage Style: DECORATED
Scene Factory: class com.almasb.fxgl.app.scene.SceneFactory

23:07:28.095 [JavaFX Application Thread] DEBUG FXGLApplication      - Initializing FXGL
23:07:28.103 [JavaFX Application Thread] INFO  Engine               - FXGL-17.1 (24.03.2022 17.34) on MAC (J:17.0.1 FX:18)
23:07:28.104 [JavaFX Application Thread] DEBUG Engine               - JRE Vendor Name: Oracle Corporation
23:07:28.104 [JavaFX Application Thread] DEBUG Engine               - Running on OS: Mac OS X version 12.3.1
23:07:28.105 [JavaFX Application Thread] DEBUG Engine               - Architecture: x86_64
23:07:28.105 [JavaFX Application Thread] INFO  Engine               - Source code and latest versions at: https://github.com/AlmasB/FXGL
23:07:28.105 [JavaFX Application Thread] INFO  Engine               -       Ask questions and discuss at: https://github.com/AlmasB/FXGL/discussions
23:07:28.105 [JavaFX Application Thread] INFO  Engine               -              Join the FXGL chat at: https://gitter.im/AlmasB/FXGL
23:07:28.177 [JavaFX Application Thread] DEBUG PrimaryStageWindow   - Creating a JavaFX scene
23:07:28.233 [JavaFX Application Thread] DEBUG PrimaryStageWindow   - Target settings size: 1200.0 x 800.0
23:07:28.234 [JavaFX Application Thread] DEBUG PrimaryStageWindow   - Scaled scene size:    1200.0 x 800.0
23:07:28.235 [JavaFX Application Thread] DEBUG PrimaryStageWindow   - Scaled ratio: (1.0, 1.0)
23:07:28.237 [JavaFX Application Thread] DEBUG PrimaryStageWindow   - Set initial scene to FXGLStartupScene
23:07:28.244 [JavaFX Application Thread] DEBUG PrimaryStageWindow   - Opening main window
23:07:28.324 [JavaFX Application Thread] DEBUG PrimaryStageWindow   - Window border size: (0.0, 28.0)
23:07:28.325 [JavaFX Application Thread] DEBUG PrimaryStageWindow   - Scaled size: 1200.0 x 800.0
23:07:28.325 [JavaFX Application Thread] DEBUG PrimaryStageWindow   - Scaled ratio: (1.0, 1.0)
23:07:28.325 [JavaFX Application Thread] DEBUG PrimaryStageWindow   - Scene size: 1200.0 x 800.0
23:07:28.325 [JavaFX Application Thread] DEBUG PrimaryStageWindow   - Stage size: 1200.0 x 828.0
23:07:28.335 [FXGL Background Thread 1 ] DEBUG Engine               - Initializing environment variables
23:07:28.394 [FXGL Background Thread 1 ] DEBUG FXGLAssetLoaderServi - User app class for loading assets: class edu.sustech.chessking.ChessKingApp
23:07:28.397 [FXGL Background Thread 1 ] DEBUG GameApplicationServi - Applying CSS: fxgl_dark.css
23:07:28.402 [FXGL Background Thread 1 ] DEBUG FXGLAssetLoaderServi - Loading from file system: jar:file:///Users/lumizhang/.m2/repository/com/github/almasb/fxgl/17.1/fxgl-17.1.jar!/fxglassets/ui/css/fxgl_dark.css
23:07:28.468 [FXGL Background Thread 1 ] DEBUG GameApplicationServi - Initializing application scenes
23:07:28.714 [FXGL Background Thread 1 ] DEBUG GameWorld            - Game world initialized
23:07:28.751 [FXGL Background Thread 1 ] DEBUG PhysicsWorld         - Physics world initialized: appHeight=800, physics.ppm=50.0
23:07:28.751 [FXGL Background Thread 1 ] DEBUG PhysicsWorld         - Using strategy: BRUTE_FORCE
23:07:28.764 [FXGL Background Thread 1 ] DEBUG GameScene            - Game scene initialized: 1200x800
23:07:28.776 [FXGL Background Thread 1 ] DEBUG FXGL.DefaultMenu     - createMenuBodyGameMenu()
23:07:28.791 [FXGL Background Thread 1 ] DEBUG FXGL.DefaultMenu     - createOptionsMenu()
23:07:28.806 [FXGL Background Thread 1 ] DEBUG FXGLAssetLoaderServi - Loading from file system: jar:file:///Users/lumizhang/.m2/repository/com/github/almasb/fxgl/17.1/fxgl-17.1.jar!/fxglassets/textures/particles/smoke.png
23:07:28.918 [FXGL Background Thread 1 ] DEBUG FXGLAssetLoaderServi - Loading from file system: jar:file:///Users/lumizhang/.m2/repository/com/github/almasb/fxgl/17.1/fxgl-17.1.jar!/fxglassets/textures/particles/trace_horizontal.png
23:07:28.946 [FXGL Background Thread 1 ] DEBUG GameApplicationServi - Application scenes initialized
23:07:28.967 [FXGL Background Thread 1 ] DEBUG SystemBundleService  - Loading FXGL system data
23:07:28.971 [FXGL Background Thread 1 ] DEBUG FileSystemAccess     - Reading from: /Users/lumizhang/Documents/GitHub/ChessKing/system/fxgl.bundle
23:07:28.983 [FXGL Background Thread 1 ] DEBUG SystemBundleService  - Bundle FXGL: {}
23:07:28.983 [FXGL Background Thread 1 ] DEBUG UpdaterService       - Checking for updates
23:07:28.988 [FXGL Background Thread 4 ] DEBUG FXGLApplication      - Loading fonts
23:07:28.990 [FXGL Background Thread 1 ] DEBUG FXGLApplication      - Loading default localization
23:07:28.990 [FXGL Background Thread 4 ] DEBUG FXGLAssetLoaderServi - Loading from file system: jar:file:///Users/lumizhang/.m2/repository/com/github/almasb/fxgl/17.1/fxgl-17.1.jar!/fxglassets/ui/fonts/VarelaRound-Regular.ttf
23:07:28.991 [FXGL Background Thread 1 ] DEBUG FXGLAssetLoaderServi - Loading from file system: jar:file:///Users/lumizhang/.m2/repository/com/github/almasb/fxgl/17.1/fxgl-17.1.jar!/fxglassets/languages/english.lang
23:07:29.019 [FXGL Background Thread 4 ] DEBUG FXGLAssetLoaderServi - Loading from file system: jar:file:///Users/lumizhang/.m2/repository/com/github/almasb/fxgl/17.1/fxgl-17.1.jar!/fxglassets/ui/fonts/Abel-Regular.ttf
23:07:29.019 [FXGL Background Thread 1 ] INFO  FXGLApplication      - FXGL initialization took: 0.680 sec
23:07:29.022 [JavaFX Application Thread] DEBUG FXGLAssetLoaderServi - Loading from file system: jar:file:///Users/lumizhang/.m2/repository/com/github/almasb/fxgl/17.1/fxgl-17.1.jar!/fxglassets/textures/fxgl_icon.png
23:07:29.026 [FXGL Background Thread 4 ] DEBUG FXGLAssetLoaderServi - Loading from file system: jar:file:///Users/lumizhang/.m2/repository/com/github/almasb/fxgl/17.1/fxgl-17.1.jar!/fxglassets/ui/fonts/TerminalLandMono-Regular.otf
23:07:29.030 [FXGL Background Thread 4 ] DEBUG FXGLAssetLoaderServi - Loading from file system: jar:file:///Users/lumizhang/.m2/repository/com/github/almasb/fxgl/17.1/fxgl-17.1.jar!/fxglassets/ui/fonts/Courier-Prime.ttf
23:07:29.088 [JavaFX Application Thread] DEBUG FXGLAssetLoaderServi - Loading from file system: jar:file:///Users/lumizhang/.m2/repository/com/github/almasb/fxgl/17.1/fxgl-17.1.jar!/fxglassets/textures/fxgl_default_cursor.png
23:07:29.127 [JavaFX Application Thread] DEBUG Input                - Registered new binding: Screenshot - CTRL+8
23:07:29.129 [JavaFX Application Thread] DEBUG Input                - Registered new binding: System info dump - CTRL+9
23:07:29.129 [JavaFX Application Thread] DEBUG Input                - Registered new binding: Restart - CTRL+R
23:07:29.129 [JavaFX Application Thread] DEBUG Input                - Registered new binding: Toggle Debug Camera - CTRL+7
23:07:29.135 [JavaFX Application Thread] DEBUG LoopRunner           - Starting loop
23:07:29.135 [JavaFX Application Thread] DEBUG LoopRunner           - Initializing JavaFX AnimationTimerLoop
23:07:29.137 [JavaFX Application Thread] DEBUG GameApplicationServi - Starting new game
23:07:29.138 [JavaFX Application Thread] DEBUG Input                - Clearing active input actions
23:07:29.195 [JavaFX Application Thread] DEBUG GameApplicationServi - Removing overlay from FXGLStartupScene and adding to FXGLLoadingScene
23:07:29.197 [JavaFX Application Thread] DEBUG PrimaryStageWindow   - FXGLStartupScene -> FXGLLoadingScene
23:07:29.197 [JavaFX Application Thread] DEBUG GameApplicationServi - Clearing previous game
23:07:29.197 [JavaFX Application Thread] DEBUG GameScene            - Clearing game scene
23:07:29.197 [JavaFX Application Thread] DEBUG GameWorld            - Clearing game world
23:07:29.197 [JavaFX Application Thread] DEBUG PhysicsWorld         - Clearing physics world
23:07:29.199 [FXGL Background Thread 4 ] DEBUG FXGLApplication      - Initializing game
23:07:29.230 [JavaFX Application Thread] DEBUG FXGLApplication      - Registering font factories with UI factory
23:07:29.495 [FXGL Background Thread 4 ] DEBUG FXGLAssetLoaderServi - Loading from file system: file:/Users/lumizhang/Documents/GitHub/ChessKing/target/classes/assets/textures/default%20pawn-white.png
23:07:29.523 [FXGL Background Thread 4 ] DEBUG FXGLAssetLoaderServi - Loading from file system: file:/Users/lumizhang/Documents/GitHub/ChessKing/target/classes/assets/textures/default%20pawn-black.png
23:07:29.545 [FXGL Background Thread 4 ] DEBUG FXGLAssetLoaderServi - Loading from file system: file:/Users/lumizhang/Documents/GitHub/ChessKing/target/classes/assets/textures/default%20rook-white.png
23:07:29.562 [FXGL Background Thread 4 ] DEBUG FXGLAssetLoaderServi - Loading from file system: file:/Users/lumizhang/Documents/GitHub/ChessKing/target/classes/assets/textures/default%20rook-black.png
23:07:29.568 [FXGL Background Thread 4 ] DEBUG FXGLAssetLoaderServi - Loading from file system: file:/Users/lumizhang/Documents/GitHub/ChessKing/target/classes/assets/textures/default%20knight-white.png
23:07:29.572 [FXGL Background Thread 4 ] DEBUG FXGLAssetLoaderServi - Loading from file system: file:/Users/lumizhang/Documents/GitHub/ChessKing/target/classes/assets/textures/default%20knight-black.png
23:07:29.593 [FXGL Background Thread 4 ] DEBUG FXGLAssetLoaderServi - Loading from file system: file:/Users/lumizhang/Documents/GitHub/ChessKing/target/classes/assets/textures/default%20bishop-white.png
23:07:29.598 [FXGL Background Thread 4 ] DEBUG FXGLAssetLoaderServi - Loading from file system: file:/Users/lumizhang/Documents/GitHub/ChessKing/target/classes/assets/textures/default%20bishop-black.png
23:07:29.602 [FXGL Background Thread 4 ] DEBUG FXGLAssetLoaderServi - Loading from file system: file:/Users/lumizhang/Documents/GitHub/ChessKing/target/classes/assets/textures/default%20queen-white.png
23:07:29.613 [FXGL Background Thread 4 ] DEBUG FXGLAssetLoaderServi - Loading from file system: file:/Users/lumizhang/Documents/GitHub/ChessKing/target/classes/assets/textures/default%20king-white.png
23:07:29.618 [FXGL Background Thread 4 ] DEBUG FXGLAssetLoaderServi - Loading from file system: file:/Users/lumizhang/Documents/GitHub/ChessKing/target/classes/assets/textures/default%20queen-black.png
23:07:29.626 [FXGL Background Thread 4 ] DEBUG FXGLAssetLoaderServi - Loading from file system: file:/Users/lumizhang/Documents/GitHub/ChessKing/target/classes/assets/textures/default%20king-black.png
23:07:29.637 [FXGL Background Thread 4 ] DEBUG Input                - Registered new binding: Move - LMB
23:07:29.639 [FXGL Background Thread 4 ] INFO  FXGLApplication      - Game initialization took: 0.438 sec
23:07:29.640 [JavaFX Application Thread] DEBUG Input                - Clearing active input actions
23:07:29.661 [JavaFX Application Thread] DEBUG GameApplicationServi - Removing overlay from FXGLLoadingScene and adding to GameScene
23:07:29.673 [JavaFX Application Thread] DEBUG PrimaryStageWindow   - FXGLLoadingScene -> GameScene
23:07:31.994 [FXGL Background Thread 3 ] DEBUG Engine               - Logging environment variables
23:07:32.003 [FXGL Background Thread 3 ] DEBUG Engine               - achievements: []
23:07:32.003 [FXGL Background Thread 3 ] DEBUG Engine               - actualHeight: 800.0
23:07:32.004 [FXGL Background Thread 3 ] DEBUG Engine               - actualHeightProperty: ReadOnlyDoubleProperty [value: 800.0]
23:07:32.006 [FXGL Background Thread 3 ] DEBUG Engine               - actualWidth: 1200.0
23:07:32.008 [FXGL Background Thread 3 ] DEBUG Engine               - actualWidthProperty: ReadOnlyDoubleProperty [value: 1200.0]
23:07:32.010 [FXGL Background Thread 3 ] DEBUG Engine               - appIcon: fxgl_icon.png
23:07:32.011 [FXGL Background Thread 3 ] DEBUG Engine               - applicationMode: DEVELOPER
23:07:32.013 [FXGL Background Thread 3 ] DEBUG Engine               - cSSList: [fxgl_dark.css]
23:07:32.015 [FXGL Background Thread 3 ] DEBUG Engine               - collisionDetectionStrategy: BRUTE_FORCE
23:07:32.018 [FXGL Background Thread 3 ] DEBUG Engine               - configClass: Optional.empty
23:07:32.020 [FXGL Background Thread 3 ] DEBUG Engine               - credits: []
23:07:32.022 [FXGL Background Thread 3 ] DEBUG Engine               - defaultCursor: CursorInfo(imageName=fxgl_default_cursor.png, hotspotX=7.0, hotspotY=6.0)
23:07:32.026 [FXGL Background Thread 3 ] DEBUG Engine               - devBBoxColorProperty: ObjectProperty [value: 0xff0000ff]
23:07:32.030 [FXGL Background Thread 3 ] DEBUG Engine               - devEnableDebugCameraProperty: BooleanProperty [value: false]
23:07:32.033 [FXGL Background Thread 3 ] DEBUG Engine               - devSensorColorProperty: ObjectProperty [value: 0xffff00ff]
23:07:32.034 [FXGL Background Thread 3 ] DEBUG Engine               - devShowBBoxProperty: BooleanProperty [value: false]
23:07:32.035 [FXGL Background Thread 3 ] DEBUG Engine               - devShowPositionProperty: BooleanProperty [value: false]
23:07:32.036 [FXGL Background Thread 3 ] DEBUG Engine               - enabledMenuItems: []
23:07:32.038 [FXGL Background Thread 3 ] DEBUG Engine               - engineServices: [class com.almasb.fxgl.app.services.FXGLAssetLoaderService, class com.almasb.fxgl.app.FXGLApplication$GameApplicationService, class com.almasb.fxgl.app.services.FXGLDialogService, class com.almasb.fxgl.app.services.IOTaskExecutorService, class com.almasb.fxgl.io.FileSystemService, class com.almasb.fxgl.localization.LocalizationService, class com.almasb.fxgl.app.services.SystemBundleService, class com.almasb.fxgl.profile.SaveLoadService, class com.almasb.fxgl.ui.FXGLUIFactoryServiceProvider, class com.almasb.fxgl.ui.FXGLDialogFactoryServiceProvider, class com.almasb.fxgl.audio.AudioPlayer, class com.almasb.fxgl.notification.impl.NotificationServiceProvider, class com.almasb.fxgl.achievement.AchievementService, class com.almasb.fxgl.cutscene.CutsceneService, class com.almasb.fxgl.minigames.MiniGameService, class com.almasb.fxgl.net.NetService, class com.almasb.fxgl.app.services.UpdaterService, class com.almasb.fxgl.dev.DevService]
23:07:32.039 [FXGL Background Thread 3 ] DEBUG Engine               - fontGame: Abel-Regular.ttf
23:07:32.040 [FXGL Background Thread 3 ] DEBUG Engine               - fontMono: TerminalLandMono-Regular.otf
23:07:32.041 [FXGL Background Thread 3 ] DEBUG Engine               - fontText: Courier-Prime.ttf
23:07:32.042 [FXGL Background Thread 3 ] DEBUG Engine               - fontUI: VarelaRound-Regular.ttf
23:07:32.042 [FXGL Background Thread 3 ] DEBUG Engine               - fullScreen: BooleanProperty [value: false]
23:07:32.043 [FXGL Background Thread 3 ] DEBUG Engine               - gameDifficulty: MEDIUM
23:07:32.044 [FXGL Background Thread 3 ] DEBUG Engine               - gameDifficultyProperty: ObjectProperty [value: MEDIUM]
23:07:32.045 [FXGL Background Thread 3 ] DEBUG Engine               - globalMusicVolume: 0.5
23:07:32.046 [FXGL Background Thread 3 ] DEBUG Engine               - globalMusicVolumeProperty: DoubleProperty [value: 0.5]
23:07:32.047 [FXGL Background Thread 3 ] DEBUG Engine               - globalSoundVolume: 0.5
23:07:32.048 [FXGL Background Thread 3 ] DEBUG Engine               - globalSoundVolumeProperty: DoubleProperty [value: 0.5]
23:07:32.049 [FXGL Background Thread 3 ] DEBUG Engine               - height: 800
23:07:32.049 [FXGL Background Thread 3 ] DEBUG Engine               - is3D: false
23:07:32.050 [FXGL Background Thread 3 ] DEBUG Engine               - isAndroid: false
23:07:32.052 [FXGL Background Thread 3 ] DEBUG Engine               - isBrowser: false
23:07:32.052 [FXGL Background Thread 3 ] DEBUG Engine               - isClickFeedbackEnabled: false
23:07:32.053 [FXGL Background Thread 3 ] DEBUG Engine               - isCloseConfirmation: false
23:07:32.054 [FXGL Background Thread 3 ] DEBUG Engine               - isDesktop: true
23:07:32.055 [FXGL Background Thread 3 ] DEBUG Engine               - isDeveloperMenuEnabled: false
23:07:32.055 [FXGL Background Thread 3 ] DEBUG Engine               - isEmbedded: false
23:07:32.056 [FXGL Background Thread 3 ] DEBUG Engine               - isEntityPreloadEnabled: true
23:07:32.057 [FXGL Background Thread 3 ] DEBUG Engine               - isExperimentalTiledLargeMap: false
23:07:32.058 [FXGL Background Thread 3 ] DEBUG Engine               - isFileSystemWriteAllowed: true
23:07:32.058 [FXGL Background Thread 3 ] DEBUG Engine               - isFullScreenAllowed: false
23:07:32.059 [FXGL Background Thread 3 ] DEBUG Engine               - isFullScreenFromStart: false
23:07:32.063 [FXGL Background Thread 3 ] DEBUG Engine               - isGameMenuEnabled: true
23:07:32.064 [FXGL Background Thread 3 ] DEBUG Engine               - isIOS: false
23:07:32.065 [FXGL Background Thread 3 ] DEBUG Engine               - isIntroEnabled: false
23:07:32.066 [FXGL Background Thread 3 ] DEBUG Engine               - isLinux: false
23:07:32.066 [FXGL Background Thread 3 ] DEBUG Engine               - isMac: true
23:07:32.067 [FXGL Background Thread 3 ] DEBUG Engine               - isMainMenuEnabled: false
23:07:32.068 [FXGL Background Thread 3 ] DEBUG Engine               - isManualResizeEnabled: false
23:07:32.068 [FXGL Background Thread 3 ] DEBUG Engine               - isMobile: false
23:07:32.069 [FXGL Background Thread 3 ] DEBUG Engine               - isNative: false
23:07:32.070 [FXGL Background Thread 3 ] DEBUG Engine               - isPauseMusicWhenMinimized: true
23:07:32.071 [FXGL Background Thread 3 ] DEBUG Engine               - isPreserveResizeRatio: false
23:07:32.071 [FXGL Background Thread 3 ] DEBUG Engine               - isProfilingEnabled: false
23:07:32.072 [FXGL Background Thread 3 ] DEBUG Engine               - isScaleAffectedOnResize: true
23:07:32.072 [FXGL Background Thread 3 ] DEBUG Engine               - isSingleStep: false
23:07:32.073 [FXGL Background Thread 3 ] DEBUG Engine               - isUserProfileEnabled: false
23:07:32.074 [FXGL Background Thread 3 ] DEBUG Engine               - isWindows: false
23:07:32.074 [FXGL Background Thread 3 ] DEBUG Engine               - language: ObjectProperty [value: ENGLISH]
23:07:32.075 [FXGL Background Thread 3 ] DEBUG Engine               - menuKey: ESCAPE
23:07:32.076 [FXGL Background Thread 3 ] DEBUG Engine               - mouseSensitivity: 0.2
23:07:32.076 [FXGL Background Thread 3 ] DEBUG Engine               - notificationViewClass: class com.almasb.fxgl.notification.view.XboxNotificationView
23:07:32.077 [FXGL Background Thread 3 ] DEBUG Engine               - pixelsPerMeter: 50.0
23:07:32.077 [FXGL Background Thread 3 ] DEBUG Engine               - platform: MAC
23:07:32.078 [FXGL Background Thread 3 ] DEBUG Engine               - prefHeightProperty: ReadOnlyDoubleProperty [value: 800.0]
23:07:32.079 [FXGL Background Thread 3 ] DEBUG Engine               - prefWidthProperty: ReadOnlyDoubleProperty [value: 1200.0]
23:07:32.079 [FXGL Background Thread 3 ] DEBUG Engine               - profileDir: profiles/
23:07:32.080 [FXGL Background Thread 3 ] DEBUG Engine               - profileName: StringProperty [value: DEFAULT]
23:07:32.080 [FXGL Background Thread 3 ] DEBUG Engine               - randomSeed: -1
23:07:32.082 [FXGL Background Thread 3 ] DEBUG Engine               - runtimeInfo: RuntimeInfo(platform=MAC, version=17.1, build=24.03.2022 17.34)
23:07:32.082 [FXGL Background Thread 3 ] DEBUG Engine               - saveFileExt: sav
23:07:32.083 [FXGL Background Thread 3 ] DEBUG Engine               - scaledHeightProp$fxgl: DoubleProperty [bound, value: 800.0]
23:07:32.084 [FXGL Background Thread 3 ] DEBUG Engine               - scaledWidthProp$fxgl: DoubleProperty [bound, value: 1200.0]
23:07:32.084 [FXGL Background Thread 3 ] DEBUG Engine               - sceneFactory: com.almasb.fxgl.app.scene.SceneFactory@23375c86
23:07:32.085 [FXGL Background Thread 3 ] DEBUG Engine               - secondsIn24h: 60
23:07:32.086 [FXGL Background Thread 3 ] DEBUG Engine               - soundMenuBack: menu/back.wav
23:07:32.086 [FXGL Background Thread 3 ] DEBUG Engine               - soundMenuPress: menu/press.wav
23:07:32.087 [FXGL Background Thread 3 ] DEBUG Engine               - soundMenuSelect: menu/select.wav
23:07:32.087 [FXGL Background Thread 3 ] DEBUG Engine               - soundNotification: core/notification.wav
23:07:32.088 [FXGL Background Thread 3 ] DEBUG Engine               - stageStyle: DECORATED
23:07:32.089 [FXGL Background Thread 3 ] DEBUG Engine               - supportedLanguages: [ENGLISH, FRENCH, GERMAN, HUNGARIAN, RUSSIAN]
23:07:32.089 [FXGL Background Thread 3 ] DEBUG Engine               - ticksPerSecond: -1
23:07:32.090 [FXGL Background Thread 3 ] DEBUG Engine               - title: Chess King
23:07:32.091 [FXGL Background Thread 3 ] DEBUG Engine               - urlGithub: https://github.com/AlmasB/FXGL
23:07:32.094 [FXGL Background Thread 3 ] DEBUG Engine               - urlLeaderboard: http://fxgl-top.herokuapp.com/
23:07:32.094 [FXGL Background Thread 3 ] DEBUG Engine               - urlPOM: https://raw.githubusercontent.com/AlmasB/FXGL/release/README.md
23:07:32.095 [FXGL Background Thread 3 ] DEBUG Engine               - userAppClass: class edu.sustech.chessking.ChessKingApp
23:07:32.095 [FXGL Background Thread 3 ] DEBUG Engine               - version: 0.1
23:07:32.096 [FXGL Background Thread 3 ] DEBUG Engine               - versionCheckDays: 7
23:07:32.098 [FXGL Background Thread 3 ] DEBUG Engine               - width: 1200
23:07:32.099 [FXGL Background Thread 3 ] DEBUG Engine               - Logging services
23:07:32.100 [FXGL Background Thread 3 ] DEBUG Engine               - class com.almasb.fxgl.app.services.FXGLAssetLoaderService
23:07:32.100 [FXGL Background Thread 3 ] DEBUG Engine               - class com.almasb.fxgl.app.FXGLApplication$GameApplicationService
23:07:32.101 [FXGL Background Thread 3 ] DEBUG Engine               - class com.almasb.fxgl.app.services.FXGLDialogService
23:07:32.101 [FXGL Background Thread 3 ] DEBUG Engine               - class com.almasb.fxgl.app.services.IOTaskExecutorService
23:07:32.102 [FXGL Background Thread 3 ] DEBUG Engine               - class com.almasb.fxgl.io.FileSystemService
23:07:32.102 [FXGL Background Thread 3 ] DEBUG Engine               - class com.almasb.fxgl.localization.LocalizationService
23:07:32.103 [FXGL Background Thread 3 ] DEBUG Engine               - class com.almasb.fxgl.app.services.SystemBundleService
23:07:32.103 [FXGL Background Thread 3 ] DEBUG Engine               - class com.almasb.fxgl.profile.SaveLoadService
23:07:32.104 [FXGL Background Thread 3 ] DEBUG Engine               - class com.almasb.fxgl.ui.FXGLUIFactoryServiceProvider
23:07:32.104 [FXGL Background Thread 3 ] DEBUG Engine               - class com.almasb.fxgl.ui.FXGLDialogFactoryServiceProvider
23:07:32.105 [FXGL Background Thread 3 ] DEBUG Engine               - class com.almasb.fxgl.audio.AudioPlayer
23:07:32.106 [FXGL Background Thread 3 ] DEBUG Engine               - class com.almasb.fxgl.notification.impl.NotificationServiceProvider
23:07:32.106 [FXGL Background Thread 3 ] DEBUG Engine               - class com.almasb.fxgl.achievement.AchievementService
23:07:32.107 [FXGL Background Thread 3 ] DEBUG Engine               - class com.almasb.fxgl.cutscene.CutsceneService
23:07:32.108 [FXGL Background Thread 3 ] DEBUG Engine               - class com.almasb.fxgl.minigames.MiniGameService
23:07:32.108 [FXGL Background Thread 3 ] DEBUG Engine               - class com.almasb.fxgl.net.NetService
23:07:32.109 [FXGL Background Thread 3 ] DEBUG Engine               - class com.almasb.fxgl.app.services.UpdaterService
23:07:32.110 [FXGL Background Thread 3 ] DEBUG Engine               - class com.almasb.fxgl.dev.DevService
23:07:45.138 [JavaFX Application Thread] DEBUG FXGLApplication      - Exiting FXGL
23:07:45.141 [JavaFX Application Thread] DEBUG LoopRunner           - Stopping loop
23:07:45.143 [JavaFX Application Thread] DEBUG SystemBundleService  - Saving FXGL system data
23:07:45.149 [JavaFX Application Thread] DEBUG FileSystemAccess     - Writing to: /Users/lumizhang/Documents/GitHub/ChessKing/system/fxgl.bundle
23:07:45.154 [JavaFX Application Thread] DEBUG Async                - Shutting down background threads
23:07:45.158 [JavaFX Application Thread] DEBUG PrimaryStageWindow   - Closing main window
23:07:45.172 [JavaFX Application Thread] DEBUG Logger               - Closing Logger
