22:06:42.781 [main                     ] DEBUG Logger               - Configured Logger
22:06:42.862 [main                     ] DEBUG GameApplication      - Logging settings
Title: Chess King
Version: 0.1
Width: 1200
Height: 800
Fullscreen: false
Intro: false
Profiling: false
Single step:false
App Mode: DEVELOPER
Menu Key: ESCAPE
Stage Style: DECORATED
Scene Factory: class com.almasb.fxgl.app.scene.SceneFactory

22:06:43.254 [JavaFX Application Thread] DEBUG FXGLApplication      - Initializing FXGL
22:06:43.263 [JavaFX Application Thread] INFO  Engine               - FXGL-17.1 (24.03.2022 17.34) on MAC (J:17.0.1 FX:18)
22:06:43.264 [JavaFX Application Thread] DEBUG Engine               - JRE Vendor Name: Oracle Corporation
22:06:43.264 [JavaFX Application Thread] DEBUG Engine               - Running on OS: Mac OS X version 12.3.1
22:06:43.264 [JavaFX Application Thread] DEBUG Engine               - Architecture: x86_64
22:06:43.265 [JavaFX Application Thread] INFO  Engine               - Source code and latest versions at: https://github.com/AlmasB/FXGL
22:06:43.265 [JavaFX Application Thread] INFO  Engine               -       Ask questions and discuss at: https://github.com/AlmasB/FXGL/discussions
22:06:43.265 [JavaFX Application Thread] INFO  Engine               -              Join the FXGL chat at: https://gitter.im/AlmasB/FXGL
22:06:43.335 [JavaFX Application Thread] DEBUG PrimaryStageWindow   - Creating a JavaFX scene
22:06:43.397 [JavaFX Application Thread] DEBUG PrimaryStageWindow   - Target settings size: 1200.0 x 800.0
22:06:43.397 [JavaFX Application Thread] DEBUG PrimaryStageWindow   - Scaled scene size:    1200.0 x 800.0
22:06:43.398 [JavaFX Application Thread] DEBUG PrimaryStageWindow   - Scaled ratio: (1.0, 1.0)
22:06:43.401 [JavaFX Application Thread] DEBUG PrimaryStageWindow   - Set initial scene to FXGLStartupScene
22:06:43.413 [JavaFX Application Thread] DEBUG PrimaryStageWindow   - Opening main window
22:06:43.501 [JavaFX Application Thread] DEBUG PrimaryStageWindow   - Window border size: (0.0, 28.0)
22:06:43.501 [JavaFX Application Thread] DEBUG PrimaryStageWindow   - Scaled size: 1200.0 x 800.0
22:06:43.501 [JavaFX Application Thread] DEBUG PrimaryStageWindow   - Scaled ratio: (1.0, 1.0)
22:06:43.501 [JavaFX Application Thread] DEBUG PrimaryStageWindow   - Scene size: 1200.0 x 800.0
22:06:43.503 [JavaFX Application Thread] DEBUG PrimaryStageWindow   - Stage size: 1200.0 x 828.0
22:06:43.510 [FXGL Background Thread 1 ] DEBUG Engine               - Initializing environment variables
22:06:43.574 [FXGL Background Thread 1 ] DEBUG FXGLAssetLoaderServi - User app class for loading assets: class edu.sustech.chessking.ChessKingApp
22:06:43.581 [FXGL Background Thread 1 ] DEBUG GameApplicationServi - Applying CSS: fxgl_dark.css
22:06:43.584 [FXGL Background Thread 1 ] DEBUG FXGLAssetLoaderServi - Loading from file system: jar:file:///Users/lumizhang/.m2/repository/com/github/almasb/fxgl/17.1/fxgl-17.1.jar!/fxglassets/ui/css/fxgl_dark.css
22:06:43.654 [FXGL Background Thread 1 ] DEBUG GameApplicationServi - Initializing application scenes
22:06:43.885 [FXGL Background Thread 1 ] DEBUG GameWorld            - Game world initialized
22:06:43.918 [FXGL Background Thread 1 ] DEBUG PhysicsWorld         - Physics world initialized: appHeight=800, physics.ppm=50.0
22:06:43.918 [FXGL Background Thread 1 ] DEBUG PhysicsWorld         - Using strategy: BRUTE_FORCE
22:06:43.929 [FXGL Background Thread 1 ] DEBUG GameScene            - Game scene initialized: 1200x800
22:06:43.941 [FXGL Background Thread 1 ] DEBUG FXGL.DefaultMenu     - createMenuBodyGameMenu()
22:06:43.960 [FXGL Background Thread 1 ] DEBUG FXGL.DefaultMenu     - createOptionsMenu()
22:06:43.973 [FXGL Background Thread 1 ] DEBUG FXGLAssetLoaderServi - Loading from file system: jar:file:///Users/lumizhang/.m2/repository/com/github/almasb/fxgl/17.1/fxgl-17.1.jar!/fxglassets/textures/particles/smoke.png
22:06:44.081 [FXGL Background Thread 1 ] DEBUG FXGLAssetLoaderServi - Loading from file system: jar:file:///Users/lumizhang/.m2/repository/com/github/almasb/fxgl/17.1/fxgl-17.1.jar!/fxglassets/textures/particles/trace_horizontal.png
22:06:44.107 [FXGL Background Thread 1 ] DEBUG GameApplicationServi - Application scenes initialized
22:06:44.122 [FXGL Background Thread 1 ] DEBUG SystemBundleService  - Loading FXGL system data
22:06:44.127 [FXGL Background Thread 1 ] DEBUG FileSystemAccess     - Reading from: /Users/lumizhang/Documents/GitHub/ChessKing/system/fxgl.bundle
22:06:44.140 [FXGL Background Thread 1 ] DEBUG SystemBundleService  - Bundle FXGL: {}
22:06:44.140 [FXGL Background Thread 1 ] DEBUG UpdaterService       - Checking for updates
22:06:44.149 [FXGL Background Thread 4 ] DEBUG FXGLApplication      - Loading fonts
22:06:44.150 [FXGL Background Thread 4 ] DEBUG FXGLAssetLoaderServi - Loading from file system: jar:file:///Users/lumizhang/.m2/repository/com/github/almasb/fxgl/17.1/fxgl-17.1.jar!/fxglassets/ui/fonts/VarelaRound-Regular.ttf
22:06:44.150 [FXGL Background Thread 1 ] DEBUG FXGLApplication      - Loading default localization
22:06:44.152 [FXGL Background Thread 1 ] DEBUG FXGLAssetLoaderServi - Loading from file system: jar:file:///Users/lumizhang/.m2/repository/com/github/almasb/fxgl/17.1/fxgl-17.1.jar!/fxglassets/languages/english.lang
22:06:44.173 [FXGL Background Thread 4 ] DEBUG FXGLAssetLoaderServi - Loading from file system: jar:file:///Users/lumizhang/.m2/repository/com/github/almasb/fxgl/17.1/fxgl-17.1.jar!/fxglassets/ui/fonts/Abel-Regular.ttf
22:06:44.179 [FXGL Background Thread 1 ] INFO  FXGLApplication      - FXGL initialization took: 0.668 sec
22:06:44.180 [FXGL Background Thread 4 ] DEBUG FXGLAssetLoaderServi - Loading from file system: jar:file:///Users/lumizhang/.m2/repository/com/github/almasb/fxgl/17.1/fxgl-17.1.jar!/fxglassets/ui/fonts/TerminalLandMono-Regular.otf
22:06:44.181 [JavaFX Application Thread] DEBUG FXGLAssetLoaderServi - Loading from file system: jar:file:///Users/lumizhang/.m2/repository/com/github/almasb/fxgl/17.1/fxgl-17.1.jar!/fxglassets/textures/fxgl_icon.png
22:06:44.186 [FXGL Background Thread 4 ] DEBUG FXGLAssetLoaderServi - Loading from file system: jar:file:///Users/lumizhang/.m2/repository/com/github/almasb/fxgl/17.1/fxgl-17.1.jar!/fxglassets/ui/fonts/Courier-Prime.ttf
22:06:44.240 [JavaFX Application Thread] DEBUG FXGLAssetLoaderServi - Loading from file system: jar:file:///Users/lumizhang/.m2/repository/com/github/almasb/fxgl/17.1/fxgl-17.1.jar!/fxglassets/textures/fxgl_default_cursor.png
22:06:44.260 [JavaFX Application Thread] DEBUG Input                - Registered new binding: Screenshot - CTRL+8
22:06:44.262 [JavaFX Application Thread] DEBUG Input                - Registered new binding: System info dump - CTRL+9
22:06:44.262 [JavaFX Application Thread] DEBUG Input                - Registered new binding: Restart - CTRL+R
22:06:44.264 [JavaFX Application Thread] DEBUG Input                - Registered new binding: Toggle Debug Camera - CTRL+7
22:06:44.271 [JavaFX Application Thread] DEBUG LoopRunner           - Starting loop
22:06:44.271 [JavaFX Application Thread] DEBUG LoopRunner           - Initializing JavaFX AnimationTimerLoop
22:06:44.272 [JavaFX Application Thread] DEBUG GameApplicationServi - Starting new game
22:06:44.274 [JavaFX Application Thread] DEBUG Input                - Clearing active input actions
22:06:44.339 [JavaFX Application Thread] DEBUG GameApplicationServi - Removing overlay from FXGLStartupScene and adding to FXGLLoadingScene
22:06:44.343 [JavaFX Application Thread] DEBUG PrimaryStageWindow   - FXGLStartupScene -> FXGLLoadingScene
22:06:44.343 [JavaFX Application Thread] DEBUG GameApplicationServi - Clearing previous game
22:06:44.343 [JavaFX Application Thread] DEBUG GameScene            - Clearing game scene
22:06:44.343 [JavaFX Application Thread] DEBUG GameWorld            - Clearing game world
22:06:44.343 [JavaFX Application Thread] DEBUG PhysicsWorld         - Clearing physics world
22:06:44.345 [FXGL Background Thread 4 ] DEBUG FXGLApplication      - Initializing game
22:06:44.374 [JavaFX Application Thread] DEBUG FXGLApplication      - Registering font factories with UI factory
22:06:44.679 [FXGL Background Thread 4 ] DEBUG FXGLAssetLoaderServi - Loading from file system: file:/Users/lumizhang/Documents/GitHub/ChessKing/target/classes/assets/textures/default%20pawn-white.png
22:06:44.687 [FXGL Background Thread 4 ] DEBUG FXGLAssetLoaderServi - Loading from file system: file:/Users/lumizhang/Documents/GitHub/ChessKing/target/classes/assets/textures/default%20pawn-black.png
22:06:44.738 [FXGL Background Thread 4 ] DEBUG FXGLAssetLoaderServi - Loading from file system: file:/Users/lumizhang/Documents/GitHub/ChessKing/target/classes/assets/textures/default%20rook-white.png
22:06:44.748 [FXGL Background Thread 4 ] DEBUG FXGLAssetLoaderServi - Loading from file system: file:/Users/lumizhang/Documents/GitHub/ChessKing/target/classes/assets/textures/default%20rook-black.png
22:06:44.757 [FXGL Background Thread 4 ] DEBUG FXGLAssetLoaderServi - Loading from file system: file:/Users/lumizhang/Documents/GitHub/ChessKing/target/classes/assets/textures/default%20knight-white.png
22:06:44.761 [FXGL Background Thread 4 ] DEBUG FXGLAssetLoaderServi - Loading from file system: file:/Users/lumizhang/Documents/GitHub/ChessKing/target/classes/assets/textures/default%20knight-black.png
22:06:44.766 [FXGL Background Thread 4 ] DEBUG FXGLAssetLoaderServi - Loading from file system: file:/Users/lumizhang/Documents/GitHub/ChessKing/target/classes/assets/textures/default%20bishop-white.png
22:06:44.770 [FXGL Background Thread 4 ] DEBUG FXGLAssetLoaderServi - Loading from file system: file:/Users/lumizhang/Documents/GitHub/ChessKing/target/classes/assets/textures/default%20bishop-black.png
22:06:44.775 [FXGL Background Thread 4 ] DEBUG FXGLAssetLoaderServi - Loading from file system: file:/Users/lumizhang/Documents/GitHub/ChessKing/target/classes/assets/textures/default%20queen-white.png
22:06:44.785 [FXGL Background Thread 4 ] DEBUG FXGLAssetLoaderServi - Loading from file system: file:/Users/lumizhang/Documents/GitHub/ChessKing/target/classes/assets/textures/default%20king-white.png
22:06:44.794 [FXGL Background Thread 4 ] DEBUG FXGLAssetLoaderServi - Loading from file system: file:/Users/lumizhang/Documents/GitHub/ChessKing/target/classes/assets/textures/default%20queen-black.png
22:06:44.800 [FXGL Background Thread 4 ] DEBUG FXGLAssetLoaderServi - Loading from file system: file:/Users/lumizhang/Documents/GitHub/ChessKing/target/classes/assets/textures/default%20king-black.png
22:06:44.806 [FXGL Background Thread 4 ] DEBUG Input                - Registered new binding: Move - LMB
22:06:44.808 [FXGL Background Thread 4 ] INFO  FXGLApplication      - Game initialization took: 0.462 sec
22:06:44.810 [JavaFX Application Thread] DEBUG Input                - Clearing active input actions
22:06:44.831 [JavaFX Application Thread] DEBUG GameApplicationServi - Removing overlay from FXGLLoadingScene and adding to GameScene
22:06:44.839 [JavaFX Application Thread] DEBUG PrimaryStageWindow   - FXGLLoadingScene -> GameScene
22:06:47.145 [FXGL Background Thread 3 ] DEBUG Engine               - Logging environment variables
22:06:47.158 [FXGL Background Thread 3 ] DEBUG Engine               - achievements: []
22:06:47.160 [FXGL Background Thread 3 ] DEBUG Engine               - actualHeight: 800.0
22:06:47.162 [FXGL Background Thread 3 ] DEBUG Engine               - actualHeightProperty: ReadOnlyDoubleProperty [value: 800.0]
22:06:47.167 [FXGL Background Thread 3 ] DEBUG Engine               - actualWidth: 1200.0
22:06:47.169 [FXGL Background Thread 3 ] DEBUG Engine               - actualWidthProperty: ReadOnlyDoubleProperty [value: 1200.0]
22:06:47.171 [FXGL Background Thread 3 ] DEBUG Engine               - appIcon: fxgl_icon.png
22:06:47.172 [FXGL Background Thread 3 ] DEBUG Engine               - applicationMode: DEVELOPER
22:06:47.173 [FXGL Background Thread 3 ] DEBUG Engine               - cSSList: [fxgl_dark.css]
22:06:47.174 [FXGL Background Thread 3 ] DEBUG Engine               - collisionDetectionStrategy: BRUTE_FORCE
22:06:47.176 [FXGL Background Thread 3 ] DEBUG Engine               - configClass: Optional.empty
22:06:47.179 [FXGL Background Thread 3 ] DEBUG Engine               - credits: []
22:06:47.182 [FXGL Background Thread 3 ] DEBUG Engine               - defaultCursor: CursorInfo(imageName=fxgl_default_cursor.png, hotspotX=7.0, hotspotY=6.0)
22:06:47.189 [FXGL Background Thread 3 ] DEBUG Engine               - devBBoxColorProperty: ObjectProperty [value: 0xff0000ff]
22:06:47.192 [FXGL Background Thread 3 ] DEBUG Engine               - devEnableDebugCameraProperty: BooleanProperty [value: false]
22:06:47.196 [FXGL Background Thread 3 ] DEBUG Engine               - devSensorColorProperty: ObjectProperty [value: 0xffff00ff]
22:06:47.197 [FXGL Background Thread 3 ] DEBUG Engine               - devShowBBoxProperty: BooleanProperty [value: false]
22:06:47.198 [FXGL Background Thread 3 ] DEBUG Engine               - devShowPositionProperty: BooleanProperty [value: false]
22:06:47.199 [FXGL Background Thread 3 ] DEBUG Engine               - enabledMenuItems: []
22:06:47.200 [FXGL Background Thread 3 ] DEBUG Engine               - engineServices: [class com.almasb.fxgl.app.services.FXGLAssetLoaderService, class com.almasb.fxgl.app.FXGLApplication$GameApplicationService, class com.almasb.fxgl.app.services.FXGLDialogService, class com.almasb.fxgl.app.services.IOTaskExecutorService, class com.almasb.fxgl.io.FileSystemService, class com.almasb.fxgl.localization.LocalizationService, class com.almasb.fxgl.app.services.SystemBundleService, class com.almasb.fxgl.profile.SaveLoadService, class com.almasb.fxgl.ui.FXGLUIFactoryServiceProvider, class com.almasb.fxgl.ui.FXGLDialogFactoryServiceProvider, class com.almasb.fxgl.audio.AudioPlayer, class com.almasb.fxgl.notification.impl.NotificationServiceProvider, class com.almasb.fxgl.achievement.AchievementService, class com.almasb.fxgl.cutscene.CutsceneService, class com.almasb.fxgl.minigames.MiniGameService, class com.almasb.fxgl.net.NetService, class com.almasb.fxgl.app.services.UpdaterService, class com.almasb.fxgl.dev.DevService]
22:06:47.201 [FXGL Background Thread 3 ] DEBUG Engine               - fontGame: Abel-Regular.ttf
22:06:47.201 [FXGL Background Thread 3 ] DEBUG Engine               - fontMono: TerminalLandMono-Regular.otf
22:06:47.202 [FXGL Background Thread 3 ] DEBUG Engine               - fontText: Courier-Prime.ttf
22:06:47.204 [FXGL Background Thread 3 ] DEBUG Engine               - fontUI: VarelaRound-Regular.ttf
22:06:47.205 [FXGL Background Thread 3 ] DEBUG Engine               - fullScreen: BooleanProperty [value: false]
22:06:47.207 [FXGL Background Thread 3 ] DEBUG Engine               - gameDifficulty: MEDIUM
22:06:47.208 [FXGL Background Thread 3 ] DEBUG Engine               - gameDifficultyProperty: ObjectProperty [value: MEDIUM]
22:06:47.209 [FXGL Background Thread 3 ] DEBUG Engine               - globalMusicVolume: 0.5
22:06:47.211 [FXGL Background Thread 3 ] DEBUG Engine               - globalMusicVolumeProperty: DoubleProperty [value: 0.5]
22:06:47.212 [FXGL Background Thread 3 ] DEBUG Engine               - globalSoundVolume: 0.5
22:06:47.212 [FXGL Background Thread 3 ] DEBUG Engine               - globalSoundVolumeProperty: DoubleProperty [value: 0.5]
22:06:47.213 [FXGL Background Thread 3 ] DEBUG Engine               - height: 800
22:06:47.214 [FXGL Background Thread 3 ] DEBUG Engine               - is3D: false
22:06:47.215 [FXGL Background Thread 3 ] DEBUG Engine               - isAndroid: false
22:06:47.216 [FXGL Background Thread 3 ] DEBUG Engine               - isBrowser: false
22:06:47.218 [FXGL Background Thread 3 ] DEBUG Engine               - isClickFeedbackEnabled: false
22:06:47.219 [FXGL Background Thread 3 ] DEBUG Engine               - isCloseConfirmation: false
22:06:47.221 [FXGL Background Thread 3 ] DEBUG Engine               - isDesktop: true
22:06:47.223 [FXGL Background Thread 3 ] DEBUG Engine               - isDeveloperMenuEnabled: false
22:06:47.224 [FXGL Background Thread 3 ] DEBUG Engine               - isEmbedded: false
22:06:47.225 [FXGL Background Thread 3 ] DEBUG Engine               - isEntityPreloadEnabled: true
22:06:47.226 [FXGL Background Thread 3 ] DEBUG Engine               - isExperimentalTiledLargeMap: false
22:06:47.227 [FXGL Background Thread 3 ] DEBUG Engine               - isFileSystemWriteAllowed: true
22:06:47.228 [FXGL Background Thread 3 ] DEBUG Engine               - isFullScreenAllowed: false
22:06:47.229 [FXGL Background Thread 3 ] DEBUG Engine               - isFullScreenFromStart: false
22:06:47.231 [FXGL Background Thread 3 ] DEBUG Engine               - isGameMenuEnabled: true
22:06:47.232 [FXGL Background Thread 3 ] DEBUG Engine               - isIOS: false
22:06:47.233 [FXGL Background Thread 3 ] DEBUG Engine               - isIntroEnabled: false
22:06:47.234 [FXGL Background Thread 3 ] DEBUG Engine               - isLinux: false
22:06:47.235 [FXGL Background Thread 3 ] DEBUG Engine               - isMac: true
22:06:47.236 [FXGL Background Thread 3 ] DEBUG Engine               - isMainMenuEnabled: false
22:06:47.237 [FXGL Background Thread 3 ] DEBUG Engine               - isManualResizeEnabled: false
22:06:47.238 [FXGL Background Thread 3 ] DEBUG Engine               - isMobile: false
22:06:47.239 [FXGL Background Thread 3 ] DEBUG Engine               - isNative: false
22:06:47.239 [FXGL Background Thread 3 ] DEBUG Engine               - isPauseMusicWhenMinimized: true
22:06:47.240 [FXGL Background Thread 3 ] DEBUG Engine               - isPreserveResizeRatio: false
22:06:47.241 [FXGL Background Thread 3 ] DEBUG Engine               - isProfilingEnabled: false
22:06:47.241 [FXGL Background Thread 3 ] DEBUG Engine               - isScaleAffectedOnResize: true
22:06:47.242 [FXGL Background Thread 3 ] DEBUG Engine               - isSingleStep: false
22:06:47.243 [FXGL Background Thread 3 ] DEBUG Engine               - isUserProfileEnabled: false
22:06:47.244 [FXGL Background Thread 3 ] DEBUG Engine               - isWindows: false
22:06:47.245 [FXGL Background Thread 3 ] DEBUG Engine               - language: ObjectProperty [value: ENGLISH]
22:06:47.245 [FXGL Background Thread 3 ] DEBUG Engine               - menuKey: ESCAPE
22:06:47.246 [FXGL Background Thread 3 ] DEBUG Engine               - mouseSensitivity: 0.2
22:06:47.248 [FXGL Background Thread 3 ] DEBUG Engine               - notificationViewClass: class com.almasb.fxgl.notification.view.XboxNotificationView
22:06:47.248 [FXGL Background Thread 3 ] DEBUG Engine               - pixelsPerMeter: 50.0
22:06:47.249 [FXGL Background Thread 3 ] DEBUG Engine               - platform: MAC
22:06:47.250 [FXGL Background Thread 3 ] DEBUG Engine               - prefHeightProperty: ReadOnlyDoubleProperty [value: 800.0]
22:06:47.251 [FXGL Background Thread 3 ] DEBUG Engine               - prefWidthProperty: ReadOnlyDoubleProperty [value: 1200.0]
22:06:47.252 [FXGL Background Thread 3 ] DEBUG Engine               - profileDir: profiles/
22:06:47.252 [FXGL Background Thread 3 ] DEBUG Engine               - profileName: StringProperty [value: DEFAULT]
22:06:47.253 [FXGL Background Thread 3 ] DEBUG Engine               - randomSeed: -1
22:06:47.255 [FXGL Background Thread 3 ] DEBUG Engine               - runtimeInfo: RuntimeInfo(platform=MAC, version=17.1, build=24.03.2022 17.34)
22:06:47.255 [FXGL Background Thread 3 ] DEBUG Engine               - saveFileExt: sav
22:06:47.256 [FXGL Background Thread 3 ] DEBUG Engine               - scaledHeightProp$fxgl: DoubleProperty [bound, value: 800.0]
22:06:47.257 [FXGL Background Thread 3 ] DEBUG Engine               - scaledWidthProp$fxgl: DoubleProperty [bound, value: 1200.0]
22:06:47.257 [FXGL Background Thread 3 ] DEBUG Engine               - sceneFactory: com.almasb.fxgl.app.scene.SceneFactory@7fecabeb
22:06:47.258 [FXGL Background Thread 3 ] DEBUG Engine               - secondsIn24h: 60
22:06:47.259 [FXGL Background Thread 3 ] DEBUG Engine               - soundMenuBack: menu/back.wav
22:06:47.260 [FXGL Background Thread 3 ] DEBUG Engine               - soundMenuPress: menu/press.wav
22:06:47.260 [FXGL Background Thread 3 ] DEBUG Engine               - soundMenuSelect: menu/select.wav
22:06:47.261 [FXGL Background Thread 3 ] DEBUG Engine               - soundNotification: core/notification.wav
22:06:47.262 [FXGL Background Thread 3 ] DEBUG Engine               - stageStyle: DECORATED
22:06:47.262 [FXGL Background Thread 3 ] DEBUG Engine               - supportedLanguages: [ENGLISH, FRENCH, GERMAN, HUNGARIAN, RUSSIAN]
22:06:47.263 [FXGL Background Thread 3 ] DEBUG Engine               - ticksPerSecond: -1
22:06:47.264 [FXGL Background Thread 3 ] DEBUG Engine               - title: Chess King
22:06:47.264 [FXGL Background Thread 3 ] DEBUG Engine               - urlGithub: https://github.com/AlmasB/FXGL
22:06:47.265 [FXGL Background Thread 3 ] DEBUG Engine               - urlLeaderboard: http://fxgl-top.herokuapp.com/
22:06:47.266 [FXGL Background Thread 3 ] DEBUG Engine               - urlPOM: https://raw.githubusercontent.com/AlmasB/FXGL/release/README.md
22:06:47.267 [FXGL Background Thread 3 ] DEBUG Engine               - userAppClass: class edu.sustech.chessking.ChessKingApp
22:06:47.268 [FXGL Background Thread 3 ] DEBUG Engine               - version: 0.1
22:06:47.269 [FXGL Background Thread 3 ] DEBUG Engine               - versionCheckDays: 7
22:06:47.271 [FXGL Background Thread 3 ] DEBUG Engine               - width: 1200
22:06:47.272 [FXGL Background Thread 3 ] DEBUG Engine               - Logging services
22:06:47.274 [FXGL Background Thread 3 ] DEBUG Engine               - class com.almasb.fxgl.app.services.FXGLAssetLoaderService
22:06:47.275 [FXGL Background Thread 3 ] DEBUG Engine               - class com.almasb.fxgl.app.FXGLApplication$GameApplicationService
22:06:47.275 [FXGL Background Thread 3 ] DEBUG Engine               - class com.almasb.fxgl.app.services.FXGLDialogService
22:06:47.276 [FXGL Background Thread 3 ] DEBUG Engine               - class com.almasb.fxgl.app.services.IOTaskExecutorService
22:06:47.277 [FXGL Background Thread 3 ] DEBUG Engine               - class com.almasb.fxgl.io.FileSystemService
22:06:47.278 [FXGL Background Thread 3 ] DEBUG Engine               - class com.almasb.fxgl.localization.LocalizationService
22:06:47.279 [FXGL Background Thread 3 ] DEBUG Engine               - class com.almasb.fxgl.app.services.SystemBundleService
22:06:47.279 [FXGL Background Thread 3 ] DEBUG Engine               - class com.almasb.fxgl.profile.SaveLoadService
22:06:47.280 [FXGL Background Thread 3 ] DEBUG Engine               - class com.almasb.fxgl.ui.FXGLUIFactoryServiceProvider
22:06:47.281 [FXGL Background Thread 3 ] DEBUG Engine               - class com.almasb.fxgl.ui.FXGLDialogFactoryServiceProvider
22:06:47.281 [FXGL Background Thread 3 ] DEBUG Engine               - class com.almasb.fxgl.audio.AudioPlayer
22:06:47.282 [FXGL Background Thread 3 ] DEBUG Engine               - class com.almasb.fxgl.notification.impl.NotificationServiceProvider
22:06:47.283 [FXGL Background Thread 3 ] DEBUG Engine               - class com.almasb.fxgl.achievement.AchievementService
22:06:47.283 [FXGL Background Thread 3 ] DEBUG Engine               - class com.almasb.fxgl.cutscene.CutsceneService
22:06:47.284 [FXGL Background Thread 3 ] DEBUG Engine               - class com.almasb.fxgl.minigames.MiniGameService
22:06:47.285 [FXGL Background Thread 3 ] DEBUG Engine               - class com.almasb.fxgl.net.NetService
22:06:47.286 [FXGL Background Thread 3 ] DEBUG Engine               - class com.almasb.fxgl.app.services.UpdaterService
22:06:47.288 [FXGL Background Thread 3 ] DEBUG Engine               - class com.almasb.fxgl.dev.DevService
22:06:56.181 [JavaFX Application Thread] DEBUG FXGLApplication      - Exiting FXGL
22:06:56.189 [JavaFX Application Thread] DEBUG LoopRunner           - Stopping loop
22:06:56.191 [JavaFX Application Thread] DEBUG SystemBundleService  - Saving FXGL system data
22:06:56.212 [JavaFX Application Thread] DEBUG FileSystemAccess     - Writing to: /Users/lumizhang/Documents/GitHub/ChessKing/system/fxgl.bundle
22:06:56.220 [JavaFX Application Thread] DEBUG Async                - Shutting down background threads
22:06:56.224 [JavaFX Application Thread] DEBUG PrimaryStageWindow   - Closing main window
22:06:56.241 [JavaFX Application Thread] DEBUG Logger               - Closing Logger
