12:41:29.902 [main                     ] DEBUG Logger               - Configured Logger
12:41:29.952 [main                     ] DEBUG GameApplication      - Logging settings
Title: Untitled
Version: 0.0
Width: 800
Height: 600
Fullscreen: false
Intro: false
Profiling: false
Single step:false
App Mode: DEVELOPER
Menu Key: ESCAPE
Stage Style: DECORATED
Scene Factory: class com.almasb.fxgl.app.scene.SceneFactory

12:41:30.277 [JavaFX Application Thread] DEBUG FXGLApplication      - Initializing FXGL
12:41:30.282 [JavaFX Application Thread] INFO  Engine               - FXGL-17.1 (24.03.2022 17.34) on WINDOWS (J:17.0.1 FX:18)
12:41:30.283 [JavaFX Application Thread] DEBUG Engine               - JRE Vendor Name: Oracle Corporation
12:41:30.283 [JavaFX Application Thread] DEBUG Engine               - Running on OS: Windows 10 version 10.0
12:41:30.283 [JavaFX Application Thread] DEBUG Engine               - Architecture: amd64
12:41:30.283 [JavaFX Application Thread] INFO  Engine               - Source code and latest versions at: https://github.com/AlmasB/FXGL
12:41:30.283 [JavaFX Application Thread] INFO  Engine               -       Ask questions and discuss at: https://github.com/AlmasB/FXGL/discussions
12:41:30.283 [JavaFX Application Thread] INFO  Engine               -              Join the FXGL chat at: https://gitter.im/AlmasB/FXGL
12:41:30.368 [JavaFX Application Thread] DEBUG PrimaryStageWindow   - Creating a JavaFX scene
12:41:30.415 [JavaFX Application Thread] DEBUG PrimaryStageWindow   - Target settings size: 800.0 x 600.0
12:41:30.415 [JavaFX Application Thread] DEBUG PrimaryStageWindow   - Scaled scene size:    800.0 x 600.0
12:41:30.415 [JavaFX Application Thread] DEBUG PrimaryStageWindow   - Scaled ratio: (1.0, 1.0)
12:41:30.416 [JavaFX Application Thread] DEBUG PrimaryStageWindow   - Set initial scene to FXGLStartupScene
12:41:30.420 [JavaFX Application Thread] DEBUG PrimaryStageWindow   - Opening main window
12:41:30.601 [JavaFX Application Thread] DEBUG PrimaryStageWindow   - Window border size: (14.4000244140625, 37.5999755859375)
12:41:30.602 [JavaFX Application Thread] DEBUG PrimaryStageWindow   - Scaled size: 800.0 x 600.0
12:41:30.602 [JavaFX Application Thread] DEBUG PrimaryStageWindow   - Scaled ratio: (1.0, 1.0)
12:41:30.603 [JavaFX Application Thread] DEBUG PrimaryStageWindow   - Scene size: 800.0 x 600.0
12:41:30.603 [JavaFX Application Thread] DEBUG PrimaryStageWindow   - Stage size: 814.4000244140625 x 637.5999755859375
12:41:30.617 [FXGL Background Thread 1 ] DEBUG Engine               - Initializing environment variables
12:41:30.675 [FXGL Background Thread 1 ] DEBUG FXGLAssetLoaderServi - User app class for loading assets: class edu.sustech.chessking.gameLogic.GameLogicTestApp
12:41:30.677 [FXGL Background Thread 1 ] DEBUG GameApplicationServi - Applying CSS: fxgl_dark.css
12:41:30.679 [FXGL Background Thread 1 ] DEBUG FXGLAssetLoaderServi - Loading from file system: jar:file:///C:/Users/19687/.m2/repository/com/github/almasb/fxgl/17.1/fxgl-17.1.jar!/fxglassets/ui/css/fxgl_dark.css
12:41:30.748 [FXGL Background Thread 1 ] DEBUG GameApplicationServi - Initializing application scenes
12:41:30.963 [FXGL Background Thread 1 ] DEBUG GameWorld            - Game world initialized
12:41:31.052 [FXGL Background Thread 1 ] DEBUG PhysicsWorld         - Physics world initialized: appHeight=600, physics.ppm=50.0
12:41:31.052 [FXGL Background Thread 1 ] DEBUG PhysicsWorld         - Using strategy: BRUTE_FORCE
12:41:31.064 [FXGL Background Thread 1 ] DEBUG GameScene            - Game scene initialized: 800x600
12:41:31.102 [FXGL Background Thread 1 ] DEBUG FXGL.DefaultMenu     - createMenuBodyGameMenu()
12:41:31.126 [FXGL Background Thread 1 ] DEBUG FXGL.DefaultMenu     - createOptionsMenu()
12:41:31.157 [FXGL Background Thread 1 ] DEBUG FXGLAssetLoaderServi - Loading from file system: jar:file:///C:/Users/19687/.m2/repository/com/github/almasb/fxgl/17.1/fxgl-17.1.jar!/fxglassets/textures/particles/smoke.png
12:41:31.295 [FXGL Background Thread 1 ] DEBUG FXGLAssetLoaderServi - Loading from file system: jar:file:///C:/Users/19687/.m2/repository/com/github/almasb/fxgl/17.1/fxgl-17.1.jar!/fxglassets/textures/particles/trace_horizontal.png
12:41:31.333 [FXGL Background Thread 1 ] DEBUG GameApplicationServi - Application scenes initialized
12:41:31.361 [FXGL Background Thread 1 ] DEBUG SystemBundleService  - Loading FXGL system data
12:41:31.372 [FXGL Background Thread 1 ] DEBUG FileSystemAccess     - Reading from: C:\Materials\Coding\ChessKing\system\fxgl.bundle
12:41:31.394 [FXGL Background Thread 1 ] DEBUG SystemBundleService  - Bundle FXGL: {}
12:41:31.395 [FXGL Background Thread 1 ] DEBUG UpdaterService       - Checking for updates
12:41:31.407 [FXGL Background Thread 4 ] DEBUG FXGLApplication      - Loading fonts
12:41:31.408 [FXGL Background Thread 1 ] DEBUG FXGLApplication      - Loading default localization
12:41:31.409 [FXGL Background Thread 4 ] DEBUG FXGLAssetLoaderServi - Loading from file system: jar:file:///C:/Users/19687/.m2/repository/com/github/almasb/fxgl/17.1/fxgl-17.1.jar!/fxglassets/ui/fonts/VarelaRound-Regular.ttf
12:41:31.410 [FXGL Background Thread 1 ] DEBUG FXGLAssetLoaderServi - Loading from file system: jar:file:///C:/Users/19687/.m2/repository/com/github/almasb/fxgl/17.1/fxgl-17.1.jar!/fxglassets/languages/english.lang
12:41:31.447 [FXGL Background Thread 1 ] INFO  FXGLApplication      - FXGL initialization took: 0.828 sec
12:41:31.453 [JavaFX Application Thread] DEBUG FXGLAssetLoaderServi - Loading from file system: jar:file:///C:/Users/19687/.m2/repository/com/github/almasb/fxgl/17.1/fxgl-17.1.jar!/fxglassets/textures/fxgl_icon.png
12:41:31.479 [JavaFX Application Thread] DEBUG FXGLAssetLoaderServi - Loading from file system: jar:file:///C:/Users/19687/.m2/repository/com/github/almasb/fxgl/17.1/fxgl-17.1.jar!/fxglassets/textures/fxgl_default_cursor.png
12:41:31.506 [JavaFX Application Thread] DEBUG Input                - Registered new binding: Screenshot - CTRL+8
12:41:31.508 [JavaFX Application Thread] DEBUG Input                - Registered new binding: System info dump - CTRL+9
12:41:31.509 [JavaFX Application Thread] DEBUG Input                - Registered new binding: Restart - CTRL+R
12:41:31.511 [JavaFX Application Thread] DEBUG Input                - Registered new binding: Toggle Debug Camera - CTRL+7
12:41:31.516 [JavaFX Application Thread] DEBUG LoopRunner           - Starting loop
12:41:31.516 [JavaFX Application Thread] DEBUG LoopRunner           - Initializing JavaFX AnimationTimerLoop
12:41:31.519 [JavaFX Application Thread] DEBUG GameApplicationServi - Starting new game
12:41:31.522 [JavaFX Application Thread] DEBUG Input                - Clearing active input actions
12:41:31.527 [FXGL Background Thread 4 ] DEBUG FXGLAssetLoaderServi - Loading from file system: jar:file:///C:/Users/19687/.m2/repository/com/github/almasb/fxgl/17.1/fxgl-17.1.jar!/fxglassets/ui/fonts/Abel-Regular.ttf
12:41:31.543 [FXGL Background Thread 4 ] DEBUG FXGLAssetLoaderServi - Loading from file system: jar:file:///C:/Users/19687/.m2/repository/com/github/almasb/fxgl/17.1/fxgl-17.1.jar!/fxglassets/ui/fonts/TerminalLandMono-Regular.otf
12:41:31.544 [JavaFX Application Thread] DEBUG GameApplicationServi - Removing overlay from FXGLStartupScene and adding to FXGLLoadingScene
12:41:31.548 [JavaFX Application Thread] DEBUG PrimaryStageWindow   - FXGLStartupScene -> FXGLLoadingScene
12:41:31.549 [JavaFX Application Thread] DEBUG GameApplicationServi - Clearing previous game
12:41:31.550 [JavaFX Application Thread] DEBUG GameScene            - Clearing game scene
12:41:31.550 [JavaFX Application Thread] DEBUG GameWorld            - Clearing game world
12:41:31.550 [JavaFX Application Thread] DEBUG PhysicsWorld         - Clearing physics world
12:41:31.556 [FXGL Background Thread 1 ] DEBUG FXGLApplication      - Initializing game
12:41:31.559 [FXGL Background Thread 4 ] DEBUG FXGLAssetLoaderServi - Loading from file system: jar:file:///C:/Users/19687/.m2/repository/com/github/almasb/fxgl/17.1/fxgl-17.1.jar!/fxglassets/ui/fonts/Courier-Prime.ttf
12:41:31.629 [JavaFX Application Thread] DEBUG FXGLApplication      - Registering font factories with UI factory
12:41:31.633 [JavaFX Application Thread] DEBUG LoopRunner           - Stopping loop
12:41:31.636 [JavaFX Application Thread] FATAL FXGLApplication      - Uncaught Exception:
java.lang.RuntimeException: Initialization failed
	at com.almasb.fxgl.all@17.1/com.almasb.fxgl.app.FXGLApplication$InitAppTask.failed(FXGLApplication.kt:343)
	at javafx.graphics@18/javafx.concurrent.Task.setState(Task.java:710)
	at javafx.graphics@18/javafx.concurrent.Task$TaskCallable.lambda$call$2(Task.java:1456)
	at javafx.graphics@18/com.sun.javafx.application.PlatformImpl.lambda$runLater$10(PlatformImpl.java:457)
	at java.base/java.security.AccessController.doPrivileged(AccessController.java:399)
	at javafx.graphics@18/com.sun.javafx.application.PlatformImpl.lambda$runLater$11(PlatformImpl.java:456)
	at javafx.graphics@18/com.sun.glass.ui.InvokeLaterDispatcher$Future.run(InvokeLaterDispatcher.java:96)
	at javafx.graphics@18/com.sun.glass.ui.win.WinApplication._runLoop(Native Method)
	at javafx.graphics@18/com.sun.glass.ui.win.WinApplication.lambda$runLoop$3(WinApplication.java:184)
	at java.base/java.lang.Thread.run(Thread.java:833)
Caused by: java.lang.NullPointerException: Cannot invoke "java.util.ArrayList.iterator()" because "posList" is null
	at ChessKing/edu.sustech.chessking.gameLogic.GameLogicTestApp.initGame(GameLogicTestApp.java:33)
	at com.almasb.fxgl.all@17.1/com.almasb.fxgl.app.FXGLApplication$InitAppTask.initGame(FXGLApplication.kt:339)
	at com.almasb.fxgl.all@17.1/com.almasb.fxgl.app.FXGLApplication$InitAppTask.call(FXGLApplication.kt:319)
	at com.almasb.fxgl.all@17.1/com.almasb.fxgl.app.FXGLApplication$InitAppTask.call(FXGLApplication.kt:311)
	at javafx.graphics@18/javafx.concurrent.Task$TaskCallable.call(Task.java:1426)
	at java.base/java.util.concurrent.FutureTask.run(FutureTask.java:264)
	at java.base/java.util.concurrent.Executors$RunnableAdapter.call(Executors.java:539)
	at java.base/java.util.concurrent.FutureTask.run(FutureTask.java:264)
	at java.base/java.util.concurrent.ThreadPoolExecutor.runWorker(ThreadPoolExecutor.java:1136)
	at java.base/java.util.concurrent.ThreadPoolExecutor$Worker.run(ThreadPoolExecutor.java:635)
	... 1 more

12:41:31.637 [JavaFX Application Thread] FATAL FXGLApplication      - Application will now exit
12:41:31.683 [JavaFX Application Thread] DEBUG PrimaryStageWindow   - Push state: ErrorSubScene
12:41:31.684 [JavaFX Application Thread] DEBUG Input                - Clearing active input actions
12:41:31.695 [JavaFX Application Thread] DEBUG GameApplicationServi - Removing overlay from FXGLLoadingScene and adding to ErrorSubScene
12:41:31.699 [JavaFX Application Thread] DEBUG PrimaryStageWindow   - FXGLLoadingScene -> ErrorSubScene
12:41:31.735 [FXGL Background Thread 2 ] WARN  UpdaterService       - Failed to find updates: java.net.UnknownHostException: raw.githubusercontent.com
12:41:34.404 [FXGL Background Thread 3 ] DEBUG Engine               - Logging environment variables
12:41:34.406 [FXGL Background Thread 3 ] DEBUG Engine               - achievements: []
12:41:34.406 [FXGL Background Thread 3 ] DEBUG Engine               - actualHeight: 600.0
12:41:34.407 [FXGL Background Thread 3 ] DEBUG Engine               - actualHeightProperty: ReadOnlyDoubleProperty [value: 600.0]
12:41:34.407 [FXGL Background Thread 3 ] DEBUG Engine               - actualWidth: 800.0
12:41:34.407 [FXGL Background Thread 3 ] DEBUG Engine               - actualWidthProperty: ReadOnlyDoubleProperty [value: 800.0]
12:41:34.407 [FXGL Background Thread 3 ] DEBUG Engine               - appIcon: fxgl_icon.png
12:41:34.407 [FXGL Background Thread 3 ] DEBUG Engine               - applicationMode: DEVELOPER
12:41:34.408 [FXGL Background Thread 3 ] DEBUG Engine               - cSSList: [fxgl_dark.css]
12:41:34.408 [FXGL Background Thread 3 ] DEBUG Engine               - collisionDetectionStrategy: BRUTE_FORCE
12:41:34.408 [FXGL Background Thread 3 ] DEBUG Engine               - configClass: Optional.empty
12:41:34.408 [FXGL Background Thread 3 ] DEBUG Engine               - credits: []
12:41:34.410 [FXGL Background Thread 3 ] DEBUG Engine               - defaultCursor: CursorInfo(imageName=fxgl_default_cursor.png, hotspotX=7.0, hotspotY=6.0)
12:41:34.411 [FXGL Background Thread 3 ] DEBUG Engine               - devBBoxColorProperty: ObjectProperty [value: 0xff0000ff]
12:41:34.411 [FXGL Background Thread 3 ] DEBUG Engine               - devEnableDebugCameraProperty: BooleanProperty [value: false]
12:41:34.411 [FXGL Background Thread 3 ] DEBUG Engine               - devSensorColorProperty: ObjectProperty [value: 0xffff00ff]
12:41:34.411 [FXGL Background Thread 3 ] DEBUG Engine               - devShowBBoxProperty: BooleanProperty [value: false]
12:41:34.411 [FXGL Background Thread 3 ] DEBUG Engine               - devShowPositionProperty: BooleanProperty [value: false]
12:41:34.411 [FXGL Background Thread 3 ] DEBUG Engine               - enabledMenuItems: []
12:41:34.411 [FXGL Background Thread 3 ] DEBUG Engine               - engineServices: [class com.almasb.fxgl.app.services.FXGLAssetLoaderService, class com.almasb.fxgl.app.FXGLApplication$GameApplicationService, class com.almasb.fxgl.app.services.FXGLDialogService, class com.almasb.fxgl.app.services.IOTaskExecutorService, class com.almasb.fxgl.io.FileSystemService, class com.almasb.fxgl.localization.LocalizationService, class com.almasb.fxgl.app.services.SystemBundleService, class com.almasb.fxgl.profile.SaveLoadService, class com.almasb.fxgl.ui.FXGLUIFactoryServiceProvider, class com.almasb.fxgl.ui.FXGLDialogFactoryServiceProvider, class com.almasb.fxgl.audio.AudioPlayer, class com.almasb.fxgl.notification.impl.NotificationServiceProvider, class com.almasb.fxgl.achievement.AchievementService, class com.almasb.fxgl.cutscene.CutsceneService, class com.almasb.fxgl.minigames.MiniGameService, class com.almasb.fxgl.net.NetService, class com.almasb.fxgl.app.services.UpdaterService, class com.almasb.fxgl.dev.DevService]
12:41:34.411 [FXGL Background Thread 3 ] DEBUG Engine               - fontGame: Abel-Regular.ttf
12:41:34.412 [FXGL Background Thread 3 ] DEBUG Engine               - fontMono: TerminalLandMono-Regular.otf
12:41:34.412 [FXGL Background Thread 3 ] DEBUG Engine               - fontText: Courier-Prime.ttf
12:41:34.412 [FXGL Background Thread 3 ] DEBUG Engine               - fontUI: VarelaRound-Regular.ttf
12:41:34.412 [FXGL Background Thread 3 ] DEBUG Engine               - fullScreen: BooleanProperty [value: false]
12:41:34.412 [FXGL Background Thread 3 ] DEBUG Engine               - gameDifficulty: MEDIUM
12:41:34.412 [FXGL Background Thread 3 ] DEBUG Engine               - gameDifficultyProperty: ObjectProperty [value: MEDIUM]
12:41:34.412 [FXGL Background Thread 3 ] DEBUG Engine               - globalMusicVolume: 0.5
12:41:34.412 [FXGL Background Thread 3 ] DEBUG Engine               - globalMusicVolumeProperty: DoubleProperty [value: 0.5]
12:41:34.412 [FXGL Background Thread 3 ] DEBUG Engine               - globalSoundVolume: 0.5
12:41:34.412 [FXGL Background Thread 3 ] DEBUG Engine               - globalSoundVolumeProperty: DoubleProperty [value: 0.5]
12:41:34.412 [FXGL Background Thread 3 ] DEBUG Engine               - height: 600
12:41:34.413 [FXGL Background Thread 3 ] DEBUG Engine               - is3D: false
12:41:34.413 [FXGL Background Thread 3 ] DEBUG Engine               - isAndroid: false
12:41:34.413 [FXGL Background Thread 3 ] DEBUG Engine               - isBrowser: false
12:41:34.413 [FXGL Background Thread 3 ] DEBUG Engine               - isClickFeedbackEnabled: false
12:41:34.413 [FXGL Background Thread 3 ] DEBUG Engine               - isCloseConfirmation: false
12:41:34.413 [FXGL Background Thread 3 ] DEBUG Engine               - isDesktop: true
12:41:34.413 [FXGL Background Thread 3 ] DEBUG Engine               - isDeveloperMenuEnabled: false
12:41:34.413 [FXGL Background Thread 3 ] DEBUG Engine               - isEmbedded: false
12:41:34.413 [FXGL Background Thread 3 ] DEBUG Engine               - isEntityPreloadEnabled: true
12:41:34.414 [FXGL Background Thread 3 ] DEBUG Engine               - isExperimentalTiledLargeMap: false
12:41:34.414 [FXGL Background Thread 3 ] DEBUG Engine               - isFileSystemWriteAllowed: true
12:41:34.414 [FXGL Background Thread 3 ] DEBUG Engine               - isFullScreenAllowed: false
12:41:34.414 [FXGL Background Thread 3 ] DEBUG Engine               - isFullScreenFromStart: false
12:41:34.414 [FXGL Background Thread 3 ] DEBUG Engine               - isGameMenuEnabled: true
12:41:34.414 [FXGL Background Thread 3 ] DEBUG Engine               - isIOS: false
12:41:34.414 [FXGL Background Thread 3 ] DEBUG Engine               - isIntroEnabled: false
12:41:34.414 [FXGL Background Thread 3 ] DEBUG Engine               - isLinux: false
12:41:34.414 [FXGL Background Thread 3 ] DEBUG Engine               - isMac: false
12:41:34.414 [FXGL Background Thread 3 ] DEBUG Engine               - isMainMenuEnabled: false
12:41:34.414 [FXGL Background Thread 3 ] DEBUG Engine               - isManualResizeEnabled: false
12:41:34.414 [FXGL Background Thread 3 ] DEBUG Engine               - isMobile: false
12:41:34.414 [FXGL Background Thread 3 ] DEBUG Engine               - isNative: false
12:41:34.415 [FXGL Background Thread 3 ] DEBUG Engine               - isPauseMusicWhenMinimized: true
12:41:34.415 [FXGL Background Thread 3 ] DEBUG Engine               - isPreserveResizeRatio: false
12:41:34.415 [FXGL Background Thread 3 ] DEBUG Engine               - isProfilingEnabled: false
12:41:34.415 [FXGL Background Thread 3 ] DEBUG Engine               - isScaleAffectedOnResize: true
12:41:34.415 [FXGL Background Thread 3 ] DEBUG Engine               - isSingleStep: false
12:41:34.415 [FXGL Background Thread 3 ] DEBUG Engine               - isUserProfileEnabled: false
12:41:34.415 [FXGL Background Thread 3 ] DEBUG Engine               - isWindows: true
12:41:34.415 [FXGL Background Thread 3 ] DEBUG Engine               - language: ObjectProperty [value: ENGLISH]
12:41:34.415 [FXGL Background Thread 3 ] DEBUG Engine               - menuKey: ESCAPE
12:41:34.416 [FXGL Background Thread 3 ] DEBUG Engine               - mouseSensitivity: 0.2
12:41:34.416 [FXGL Background Thread 3 ] DEBUG Engine               - notificationViewClass: class com.almasb.fxgl.notification.view.XboxNotificationView
12:41:34.416 [FXGL Background Thread 3 ] DEBUG Engine               - pixelsPerMeter: 50.0
12:41:34.416 [FXGL Background Thread 3 ] DEBUG Engine               - platform: WINDOWS
12:41:34.416 [FXGL Background Thread 3 ] DEBUG Engine               - prefHeightProperty: ReadOnlyDoubleProperty [value: 600.0]
12:41:34.416 [FXGL Background Thread 3 ] DEBUG Engine               - prefWidthProperty: ReadOnlyDoubleProperty [value: 800.0]
12:41:34.416 [FXGL Background Thread 3 ] DEBUG Engine               - profileDir: profiles/
12:41:34.416 [FXGL Background Thread 3 ] DEBUG Engine               - profileName: StringProperty [value: DEFAULT]
12:41:34.416 [FXGL Background Thread 3 ] DEBUG Engine               - randomSeed: -1
12:41:34.417 [FXGL Background Thread 3 ] DEBUG Engine               - runtimeInfo: RuntimeInfo(platform=WINDOWS, version=17.1, build=24.03.2022 17.34)
12:41:34.417 [FXGL Background Thread 3 ] DEBUG Engine               - saveFileExt: sav
12:41:34.417 [FXGL Background Thread 3 ] DEBUG Engine               - scaledHeightProp$fxgl: DoubleProperty [bound, value: 600.0]
12:41:34.417 [FXGL Background Thread 3 ] DEBUG Engine               - scaledWidthProp$fxgl: DoubleProperty [bound, value: 800.0]
12:41:34.417 [FXGL Background Thread 3 ] DEBUG Engine               - sceneFactory: com.almasb.fxgl.app.scene.SceneFactory@18bf8f0e
12:41:34.417 [FXGL Background Thread 3 ] DEBUG Engine               - secondsIn24h: 60
12:41:34.417 [FXGL Background Thread 3 ] DEBUG Engine               - soundMenuBack: menu/back.wav
12:41:34.417 [FXGL Background Thread 3 ] DEBUG Engine               - soundMenuPress: menu/press.wav
12:41:34.417 [FXGL Background Thread 3 ] DEBUG Engine               - soundMenuSelect: menu/select.wav
12:41:34.418 [FXGL Background Thread 3 ] DEBUG Engine               - soundNotification: core/notification.wav
12:41:34.418 [FXGL Background Thread 3 ] DEBUG Engine               - stageStyle: DECORATED
12:41:34.418 [FXGL Background Thread 3 ] DEBUG Engine               - supportedLanguages: [ENGLISH, FRENCH, GERMAN, HUNGARIAN, RUSSIAN]
12:41:34.418 [FXGL Background Thread 3 ] DEBUG Engine               - ticksPerSecond: -1
12:41:34.418 [FXGL Background Thread 3 ] DEBUG Engine               - title: Untitled
12:41:34.418 [FXGL Background Thread 3 ] DEBUG Engine               - urlGithub: https://github.com/AlmasB/FXGL
12:41:34.418 [FXGL Background Thread 3 ] DEBUG Engine               - urlLeaderboard: http://fxgl-top.herokuapp.com/
12:41:34.418 [FXGL Background Thread 3 ] DEBUG Engine               - urlPOM: https://raw.githubusercontent.com/AlmasB/FXGL/release/README.md
12:41:34.418 [FXGL Background Thread 3 ] DEBUG Engine               - userAppClass: class edu.sustech.chessking.gameLogic.GameLogicTestApp
12:41:34.418 [FXGL Background Thread 3 ] DEBUG Engine               - version: 0.0
12:41:34.418 [FXGL Background Thread 3 ] DEBUG Engine               - versionCheckDays: 7
12:41:34.418 [FXGL Background Thread 3 ] DEBUG Engine               - width: 800
12:41:34.418 [FXGL Background Thread 3 ] DEBUG Engine               - Logging services
12:41:34.419 [FXGL Background Thread 3 ] DEBUG Engine               - class com.almasb.fxgl.app.services.FXGLAssetLoaderService
12:41:34.419 [FXGL Background Thread 3 ] DEBUG Engine               - class com.almasb.fxgl.app.FXGLApplication$GameApplicationService
12:41:34.419 [FXGL Background Thread 3 ] DEBUG Engine               - class com.almasb.fxgl.app.services.FXGLDialogService
12:41:34.419 [FXGL Background Thread 3 ] DEBUG Engine               - class com.almasb.fxgl.app.services.IOTaskExecutorService
12:41:34.419 [FXGL Background Thread 3 ] DEBUG Engine               - class com.almasb.fxgl.io.FileSystemService
12:41:34.419 [FXGL Background Thread 3 ] DEBUG Engine               - class com.almasb.fxgl.localization.LocalizationService
12:41:34.419 [FXGL Background Thread 3 ] DEBUG Engine               - class com.almasb.fxgl.app.services.SystemBundleService
12:41:34.419 [FXGL Background Thread 3 ] DEBUG Engine               - class com.almasb.fxgl.profile.SaveLoadService
12:41:34.419 [FXGL Background Thread 3 ] DEBUG Engine               - class com.almasb.fxgl.ui.FXGLUIFactoryServiceProvider
12:41:34.419 [FXGL Background Thread 3 ] DEBUG Engine               - class com.almasb.fxgl.ui.FXGLDialogFactoryServiceProvider
12:41:34.419 [FXGL Background Thread 3 ] DEBUG Engine               - class com.almasb.fxgl.audio.AudioPlayer
12:41:34.419 [FXGL Background Thread 3 ] DEBUG Engine               - class com.almasb.fxgl.notification.impl.NotificationServiceProvider
12:41:34.419 [FXGL Background Thread 3 ] DEBUG Engine               - class com.almasb.fxgl.achievement.AchievementService
12:41:34.419 [FXGL Background Thread 3 ] DEBUG Engine               - class com.almasb.fxgl.cutscene.CutsceneService
12:41:34.419 [FXGL Background Thread 3 ] DEBUG Engine               - class com.almasb.fxgl.minigames.MiniGameService
12:41:34.419 [FXGL Background Thread 3 ] DEBUG Engine               - class com.almasb.fxgl.net.NetService
12:41:34.419 [FXGL Background Thread 3 ] DEBUG Engine               - class com.almasb.fxgl.app.services.UpdaterService
12:41:34.419 [FXGL Background Thread 3 ] DEBUG Engine               - class com.almasb.fxgl.dev.DevService
12:41:42.204 [JavaFX Application Thread] DEBUG FXGLApplication      - Exiting FXGL
12:41:42.204 [JavaFX Application Thread] DEBUG Async                - Shutting down background threads
12:41:42.204 [JavaFX Application Thread] DEBUG PrimaryStageWindow   - Closing main window
12:41:42.218 [JavaFX Application Thread] DEBUG Logger               - Closing Logger
