12:52:53.315 [main                     ] DEBUG Logger               - Configured Logger
12:52:53.345 [main                     ] DEBUG GameApplication      - Logging settings
Title: Untitled
Version: 0.0
Width: 800
Height: 600
Fullscreen: false
Intro: false
Profiling: false
Single step:false
App Mode: DEVELOPER
Menu Key: ESCAPE
Stage Style: DECORATED
Scene Factory: class com.almasb.fxgl.app.scene.SceneFactory

12:52:53.736 [JavaFX Application Thread] DEBUG FXGLApplication      - Initializing FXGL
12:52:53.742 [JavaFX Application Thread] INFO  Engine               - FXGL-17.1 (24.03.2022 17.34) on WINDOWS (J:17.0.1 FX:18)
12:52:53.743 [JavaFX Application Thread] DEBUG Engine               - JRE Vendor Name: Oracle Corporation
12:52:53.744 [JavaFX Application Thread] DEBUG Engine               - Running on OS: Windows 10 version 10.0
12:52:53.744 [JavaFX Application Thread] DEBUG Engine               - Architecture: amd64
12:52:53.744 [JavaFX Application Thread] INFO  Engine               - Source code and latest versions at: https://github.com/AlmasB/FXGL
12:52:53.744 [JavaFX Application Thread] INFO  Engine               -       Ask questions and discuss at: https://github.com/AlmasB/FXGL/discussions
12:52:53.745 [JavaFX Application Thread] INFO  Engine               -              Join the FXGL chat at: https://gitter.im/AlmasB/FXGL
12:52:53.962 [JavaFX Application Thread] DEBUG PrimaryStageWindow   - Creating a JavaFX scene
12:52:54.027 [JavaFX Application Thread] DEBUG PrimaryStageWindow   - Target settings size: 800.0 x 600.0
12:52:54.028 [JavaFX Application Thread] DEBUG PrimaryStageWindow   - Scaled scene size:    800.0 x 600.0
12:52:54.028 [JavaFX Application Thread] DEBUG PrimaryStageWindow   - Scaled ratio: (1.0, 1.0)
12:52:54.030 [JavaFX Application Thread] DEBUG PrimaryStageWindow   - Set initial scene to FXGLStartupScene
12:52:54.038 [JavaFX Application Thread] DEBUG PrimaryStageWindow   - Opening main window
12:52:54.290 [JavaFX Application Thread] DEBUG PrimaryStageWindow   - Window border size: (14.4000244140625, 37.5999755859375)
12:52:54.291 [JavaFX Application Thread] DEBUG PrimaryStageWindow   - Scaled size: 800.0 x 600.0
12:52:54.291 [JavaFX Application Thread] DEBUG PrimaryStageWindow   - Scaled ratio: (1.0, 1.0)
12:52:54.292 [JavaFX Application Thread] DEBUG PrimaryStageWindow   - Scene size: 800.0 x 600.0
12:52:54.292 [JavaFX Application Thread] DEBUG PrimaryStageWindow   - Stage size: 814.4000244140625 x 637.5999755859375
12:52:54.316 [FXGL Background Thread 1 ] DEBUG Engine               - Initializing environment variables
12:52:54.380 [FXGL Background Thread 1 ] DEBUG FXGLAssetLoaderServi - User app class for loading assets: class edu.sustech.chessking.gameLogic.GameLogicTestApp
12:52:54.381 [FXGL Background Thread 1 ] DEBUG GameApplicationServi - Applying CSS: fxgl_dark.css
12:52:54.383 [FXGL Background Thread 1 ] DEBUG FXGLAssetLoaderServi - Loading from file system: jar:file:///C:/Users/19687/.m2/repository/com/github/almasb/fxgl/17.1/fxgl-17.1.jar!/fxglassets/ui/css/fxgl_dark.css
12:52:54.487 [FXGL Background Thread 1 ] DEBUG GameApplicationServi - Initializing application scenes
12:52:54.754 [FXGL Background Thread 1 ] DEBUG GameWorld            - Game world initialized
12:52:54.863 [FXGL Background Thread 1 ] DEBUG PhysicsWorld         - Physics world initialized: appHeight=600, physics.ppm=50.0
12:52:54.865 [FXGL Background Thread 1 ] DEBUG PhysicsWorld         - Using strategy: BRUTE_FORCE
12:52:54.879 [FXGL Background Thread 1 ] DEBUG GameScene            - Game scene initialized: 800x600
12:52:54.928 [FXGL Background Thread 1 ] DEBUG FXGL.DefaultMenu     - createMenuBodyGameMenu()
12:52:54.969 [FXGL Background Thread 1 ] DEBUG FXGL.DefaultMenu     - createOptionsMenu()
12:52:54.999 [FXGL Background Thread 1 ] DEBUG FXGLAssetLoaderServi - Loading from file system: jar:file:///C:/Users/19687/.m2/repository/com/github/almasb/fxgl/17.1/fxgl-17.1.jar!/fxglassets/textures/particles/smoke.png
12:52:55.132 [FXGL Background Thread 1 ] DEBUG FXGLAssetLoaderServi - Loading from file system: jar:file:///C:/Users/19687/.m2/repository/com/github/almasb/fxgl/17.1/fxgl-17.1.jar!/fxglassets/textures/particles/trace_horizontal.png
12:52:55.179 [FXGL Background Thread 1 ] DEBUG GameApplicationServi - Application scenes initialized
12:52:55.205 [FXGL Background Thread 1 ] DEBUG SystemBundleService  - Loading FXGL system data
12:52:55.221 [FXGL Background Thread 1 ] DEBUG FileSystemAccess     - Reading from: C:\Materials\Coding\ChessKing\system\fxgl.bundle
12:52:55.236 [FXGL Background Thread 1 ] DEBUG SystemBundleService  - Bundle FXGL: {}
12:52:55.236 [FXGL Background Thread 1 ] DEBUG UpdaterService       - Checking for updates
12:52:55.245 [FXGL Background Thread 4 ] DEBUG FXGLApplication      - Loading fonts
12:52:55.245 [FXGL Background Thread 1 ] DEBUG FXGLApplication      - Loading default localization
12:52:55.246 [FXGL Background Thread 4 ] DEBUG FXGLAssetLoaderServi - Loading from file system: jar:file:///C:/Users/19687/.m2/repository/com/github/almasb/fxgl/17.1/fxgl-17.1.jar!/fxglassets/ui/fonts/VarelaRound-Regular.ttf
12:52:55.246 [FXGL Background Thread 1 ] DEBUG FXGLAssetLoaderServi - Loading from file system: jar:file:///C:/Users/19687/.m2/repository/com/github/almasb/fxgl/17.1/fxgl-17.1.jar!/fxglassets/languages/english.lang
12:52:55.266 [FXGL Background Thread 1 ] INFO  FXGLApplication      - FXGL initialization took: 0.950 sec
12:52:55.267 [JavaFX Application Thread] DEBUG FXGLAssetLoaderServi - Loading from file system: jar:file:///C:/Users/19687/.m2/repository/com/github/almasb/fxgl/17.1/fxgl-17.1.jar!/fxglassets/textures/fxgl_icon.png
12:52:55.293 [JavaFX Application Thread] DEBUG FXGLAssetLoaderServi - Loading from file system: jar:file:///C:/Users/19687/.m2/repository/com/github/almasb/fxgl/17.1/fxgl-17.1.jar!/fxglassets/textures/fxgl_default_cursor.png
12:52:55.304 [FXGL Background Thread 4 ] DEBUG FXGLAssetLoaderServi - Loading from file system: jar:file:///C:/Users/19687/.m2/repository/com/github/almasb/fxgl/17.1/fxgl-17.1.jar!/fxglassets/ui/fonts/Abel-Regular.ttf
12:52:55.312 [JavaFX Application Thread] DEBUG Input                - Registered new binding: Screenshot - CTRL+8
12:52:55.313 [JavaFX Application Thread] DEBUG Input                - Registered new binding: System info dump - CTRL+9
12:52:55.314 [FXGL Background Thread 4 ] DEBUG FXGLAssetLoaderServi - Loading from file system: jar:file:///C:/Users/19687/.m2/repository/com/github/almasb/fxgl/17.1/fxgl-17.1.jar!/fxglassets/ui/fonts/TerminalLandMono-Regular.otf
12:52:55.314 [JavaFX Application Thread] DEBUG Input                - Registered new binding: Restart - CTRL+R
12:52:55.315 [JavaFX Application Thread] DEBUG Input                - Registered new binding: Toggle Debug Camera - CTRL+7
12:52:55.318 [JavaFX Application Thread] DEBUG LoopRunner           - Starting loop
12:52:55.318 [FXGL Background Thread 4 ] DEBUG FXGLAssetLoaderServi - Loading from file system: jar:file:///C:/Users/19687/.m2/repository/com/github/almasb/fxgl/17.1/fxgl-17.1.jar!/fxglassets/ui/fonts/Courier-Prime.ttf
12:52:55.318 [JavaFX Application Thread] DEBUG LoopRunner           - Initializing JavaFX AnimationTimerLoop
12:52:55.319 [JavaFX Application Thread] DEBUG GameApplicationServi - Starting new game
12:52:55.320 [JavaFX Application Thread] DEBUG Input                - Clearing active input actions
12:52:55.334 [JavaFX Application Thread] DEBUG GameApplicationServi - Removing overlay from FXGLStartupScene and adding to FXGLLoadingScene
12:52:55.334 [JavaFX Application Thread] DEBUG PrimaryStageWindow   - FXGLStartupScene -> FXGLLoadingScene
12:52:55.334 [JavaFX Application Thread] DEBUG GameApplicationServi - Clearing previous game
12:52:55.334 [JavaFX Application Thread] DEBUG GameScene            - Clearing game scene
12:52:55.335 [JavaFX Application Thread] DEBUG GameWorld            - Clearing game world
12:52:55.335 [JavaFX Application Thread] DEBUG PhysicsWorld         - Clearing physics world
12:52:55.337 [FXGL Background Thread 4 ] DEBUG FXGLApplication      - Initializing game
12:52:55.349 [FXGL Background Thread 4 ] INFO  FXGLApplication      - Game initialization took: 0.012 sec
12:52:55.370 [JavaFX Application Thread] DEBUG FXGLApplication      - Registering font factories with UI factory
12:52:55.377 [JavaFX Application Thread] DEBUG Input                - Clearing active input actions
12:52:55.384 [JavaFX Application Thread] DEBUG GameApplicationServi - Removing overlay from FXGLLoadingScene and adding to GameScene
12:52:55.385 [JavaFX Application Thread] DEBUG PrimaryStageWindow   - FXGLLoadingScene -> GameScene
12:52:55.454 [FXGL Background Thread 2 ] WARN  UpdaterService       - Failed to find updates: java.net.UnknownHostException: raw.githubusercontent.com
12:52:58.242 [FXGL Background Thread 3 ] DEBUG Engine               - Logging environment variables
12:52:58.245 [FXGL Background Thread 3 ] DEBUG Engine               - achievements: []
12:52:58.245 [FXGL Background Thread 3 ] DEBUG Engine               - actualHeight: 600.0
12:52:58.246 [FXGL Background Thread 3 ] DEBUG Engine               - actualHeightProperty: ReadOnlyDoubleProperty [value: 600.0]
12:52:58.246 [FXGL Background Thread 3 ] DEBUG Engine               - actualWidth: 800.0
12:52:58.246 [FXGL Background Thread 3 ] DEBUG Engine               - actualWidthProperty: ReadOnlyDoubleProperty [value: 800.0]
12:52:58.246 [FXGL Background Thread 3 ] DEBUG Engine               - appIcon: fxgl_icon.png
12:52:58.246 [FXGL Background Thread 3 ] DEBUG Engine               - applicationMode: DEVELOPER
12:52:58.246 [FXGL Background Thread 3 ] DEBUG Engine               - cSSList: [fxgl_dark.css]
12:52:58.246 [FXGL Background Thread 3 ] DEBUG Engine               - collisionDetectionStrategy: BRUTE_FORCE
12:52:58.246 [FXGL Background Thread 3 ] DEBUG Engine               - configClass: Optional.empty
12:52:58.246 [FXGL Background Thread 3 ] DEBUG Engine               - credits: []
12:52:58.247 [FXGL Background Thread 3 ] DEBUG Engine               - defaultCursor: CursorInfo(imageName=fxgl_default_cursor.png, hotspotX=7.0, hotspotY=6.0)
12:52:58.247 [FXGL Background Thread 3 ] DEBUG Engine               - devBBoxColorProperty: ObjectProperty [value: 0xff0000ff]
12:52:58.248 [FXGL Background Thread 3 ] DEBUG Engine               - devEnableDebugCameraProperty: BooleanProperty [value: false]
12:52:58.248 [FXGL Background Thread 3 ] DEBUG Engine               - devSensorColorProperty: ObjectProperty [value: 0xffff00ff]
12:52:58.249 [FXGL Background Thread 3 ] DEBUG Engine               - devShowBBoxProperty: BooleanProperty [value: false]
12:52:58.249 [FXGL Background Thread 3 ] DEBUG Engine               - devShowPositionProperty: BooleanProperty [value: false]
12:52:58.249 [FXGL Background Thread 3 ] DEBUG Engine               - enabledMenuItems: []
12:52:58.249 [FXGL Background Thread 3 ] DEBUG Engine               - engineServices: [class com.almasb.fxgl.app.services.FXGLAssetLoaderService, class com.almasb.fxgl.app.FXGLApplication$GameApplicationService, class com.almasb.fxgl.app.services.FXGLDialogService, class com.almasb.fxgl.app.services.IOTaskExecutorService, class com.almasb.fxgl.io.FileSystemService, class com.almasb.fxgl.localization.LocalizationService, class com.almasb.fxgl.app.services.SystemBundleService, class com.almasb.fxgl.profile.SaveLoadService, class com.almasb.fxgl.ui.FXGLUIFactoryServiceProvider, class com.almasb.fxgl.ui.FXGLDialogFactoryServiceProvider, class com.almasb.fxgl.audio.AudioPlayer, class com.almasb.fxgl.notification.impl.NotificationServiceProvider, class com.almasb.fxgl.achievement.AchievementService, class com.almasb.fxgl.cutscene.CutsceneService, class com.almasb.fxgl.minigames.MiniGameService, class com.almasb.fxgl.net.NetService, class com.almasb.fxgl.app.services.UpdaterService, class com.almasb.fxgl.dev.DevService]
12:52:58.250 [FXGL Background Thread 3 ] DEBUG Engine               - fontGame: Abel-Regular.ttf
12:52:58.250 [FXGL Background Thread 3 ] DEBUG Engine               - fontMono: TerminalLandMono-Regular.otf
12:52:58.250 [FXGL Background Thread 3 ] DEBUG Engine               - fontText: Courier-Prime.ttf
12:52:58.250 [FXGL Background Thread 3 ] DEBUG Engine               - fontUI: VarelaRound-Regular.ttf
12:52:58.250 [FXGL Background Thread 3 ] DEBUG Engine               - fullScreen: BooleanProperty [value: false]
12:52:58.251 [FXGL Background Thread 3 ] DEBUG Engine               - gameDifficulty: MEDIUM
12:52:58.251 [FXGL Background Thread 3 ] DEBUG Engine               - gameDifficultyProperty: ObjectProperty [value: MEDIUM]
12:52:58.251 [FXGL Background Thread 3 ] DEBUG Engine               - globalMusicVolume: 0.5
12:52:58.251 [FXGL Background Thread 3 ] DEBUG Engine               - globalMusicVolumeProperty: DoubleProperty [value: 0.5]
12:52:58.251 [FXGL Background Thread 3 ] DEBUG Engine               - globalSoundVolume: 0.5
12:52:58.251 [FXGL Background Thread 3 ] DEBUG Engine               - globalSoundVolumeProperty: DoubleProperty [value: 0.5]
12:52:58.251 [FXGL Background Thread 3 ] DEBUG Engine               - height: 600
12:52:58.252 [FXGL Background Thread 3 ] DEBUG Engine               - is3D: false
12:52:58.252 [FXGL Background Thread 3 ] DEBUG Engine               - isAndroid: false
12:52:58.252 [FXGL Background Thread 3 ] DEBUG Engine               - isBrowser: false
12:52:58.252 [FXGL Background Thread 3 ] DEBUG Engine               - isClickFeedbackEnabled: false
12:52:58.252 [FXGL Background Thread 3 ] DEBUG Engine               - isCloseConfirmation: false
12:52:58.252 [FXGL Background Thread 3 ] DEBUG Engine               - isDesktop: true
12:52:58.252 [FXGL Background Thread 3 ] DEBUG Engine               - isDeveloperMenuEnabled: false
12:52:58.252 [FXGL Background Thread 3 ] DEBUG Engine               - isEmbedded: false
12:52:58.252 [FXGL Background Thread 3 ] DEBUG Engine               - isEntityPreloadEnabled: true
12:52:58.253 [FXGL Background Thread 3 ] DEBUG Engine               - isExperimentalTiledLargeMap: false
12:52:58.253 [FXGL Background Thread 3 ] DEBUG Engine               - isFileSystemWriteAllowed: true
12:52:58.253 [FXGL Background Thread 3 ] DEBUG Engine               - isFullScreenAllowed: false
12:52:58.253 [FXGL Background Thread 3 ] DEBUG Engine               - isFullScreenFromStart: false
12:52:58.253 [FXGL Background Thread 3 ] DEBUG Engine               - isGameMenuEnabled: true
12:52:58.253 [FXGL Background Thread 3 ] DEBUG Engine               - isIOS: false
12:52:58.253 [FXGL Background Thread 3 ] DEBUG Engine               - isIntroEnabled: false
12:52:58.253 [FXGL Background Thread 3 ] DEBUG Engine               - isLinux: false
12:52:58.253 [FXGL Background Thread 3 ] DEBUG Engine               - isMac: false
12:52:58.253 [FXGL Background Thread 3 ] DEBUG Engine               - isMainMenuEnabled: false
12:52:58.254 [FXGL Background Thread 3 ] DEBUG Engine               - isManualResizeEnabled: false
12:52:58.254 [FXGL Background Thread 3 ] DEBUG Engine               - isMobile: false
12:52:58.254 [FXGL Background Thread 3 ] DEBUG Engine               - isNative: false
12:52:58.254 [FXGL Background Thread 3 ] DEBUG Engine               - isPauseMusicWhenMinimized: true
12:52:58.254 [FXGL Background Thread 3 ] DEBUG Engine               - isPreserveResizeRatio: false
12:52:58.254 [FXGL Background Thread 3 ] DEBUG Engine               - isProfilingEnabled: false
12:52:58.255 [FXGL Background Thread 3 ] DEBUG Engine               - isScaleAffectedOnResize: true
12:52:58.255 [FXGL Background Thread 3 ] DEBUG Engine               - isSingleStep: false
12:52:58.255 [FXGL Background Thread 3 ] DEBUG Engine               - isUserProfileEnabled: false
12:52:58.255 [FXGL Background Thread 3 ] DEBUG Engine               - isWindows: true
12:52:58.255 [FXGL Background Thread 3 ] DEBUG Engine               - language: ObjectProperty [value: ENGLISH]
12:52:58.255 [FXGL Background Thread 3 ] DEBUG Engine               - menuKey: ESCAPE
12:52:58.255 [FXGL Background Thread 3 ] DEBUG Engine               - mouseSensitivity: 0.2
12:52:58.255 [FXGL Background Thread 3 ] DEBUG Engine               - notificationViewClass: class com.almasb.fxgl.notification.view.XboxNotificationView
12:52:58.255 [FXGL Background Thread 3 ] DEBUG Engine               - pixelsPerMeter: 50.0
12:52:58.255 [FXGL Background Thread 3 ] DEBUG Engine               - platform: WINDOWS
12:52:58.256 [FXGL Background Thread 3 ] DEBUG Engine               - prefHeightProperty: ReadOnlyDoubleProperty [value: 600.0]
12:52:58.256 [FXGL Background Thread 3 ] DEBUG Engine               - prefWidthProperty: ReadOnlyDoubleProperty [value: 800.0]
12:52:58.256 [FXGL Background Thread 3 ] DEBUG Engine               - profileDir: profiles/
12:52:58.256 [FXGL Background Thread 3 ] DEBUG Engine               - profileName: StringProperty [value: DEFAULT]
12:52:58.256 [FXGL Background Thread 3 ] DEBUG Engine               - randomSeed: -1
12:52:58.257 [FXGL Background Thread 3 ] DEBUG Engine               - runtimeInfo: RuntimeInfo(platform=WINDOWS, version=17.1, build=24.03.2022 17.34)
12:52:58.258 [FXGL Background Thread 3 ] DEBUG Engine               - saveFileExt: sav
12:52:58.258 [FXGL Background Thread 3 ] DEBUG Engine               - scaledHeightProp$fxgl: DoubleProperty [bound, value: 600.0]
12:52:58.258 [FXGL Background Thread 3 ] DEBUG Engine               - scaledWidthProp$fxgl: DoubleProperty [bound, value: 800.0]
12:52:58.258 [FXGL Background Thread 3 ] DEBUG Engine               - sceneFactory: com.almasb.fxgl.app.scene.SceneFactory@3e234737
12:52:58.259 [FXGL Background Thread 3 ] DEBUG Engine               - secondsIn24h: 60
12:52:58.259 [FXGL Background Thread 3 ] DEBUG Engine               - soundMenuBack: menu/back.wav
12:52:58.259 [FXGL Background Thread 3 ] DEBUG Engine               - soundMenuPress: menu/press.wav
12:52:58.259 [FXGL Background Thread 3 ] DEBUG Engine               - soundMenuSelect: menu/select.wav
12:52:58.259 [FXGL Background Thread 3 ] DEBUG Engine               - soundNotification: core/notification.wav
12:52:58.259 [FXGL Background Thread 3 ] DEBUG Engine               - stageStyle: DECORATED
12:52:58.259 [FXGL Background Thread 3 ] DEBUG Engine               - supportedLanguages: [ENGLISH, FRENCH, GERMAN, HUNGARIAN, RUSSIAN]
12:52:58.259 [FXGL Background Thread 3 ] DEBUG Engine               - ticksPerSecond: -1
12:52:58.259 [FXGL Background Thread 3 ] DEBUG Engine               - title: Untitled
12:52:58.259 [FXGL Background Thread 3 ] DEBUG Engine               - urlGithub: https://github.com/AlmasB/FXGL
12:52:58.259 [FXGL Background Thread 3 ] DEBUG Engine               - urlLeaderboard: http://fxgl-top.herokuapp.com/
12:52:58.259 [FXGL Background Thread 3 ] DEBUG Engine               - urlPOM: https://raw.githubusercontent.com/AlmasB/FXGL/release/README.md
12:52:58.259 [FXGL Background Thread 3 ] DEBUG Engine               - userAppClass: class edu.sustech.chessking.gameLogic.GameLogicTestApp
12:52:58.259 [FXGL Background Thread 3 ] DEBUG Engine               - version: 0.0
12:52:58.259 [FXGL Background Thread 3 ] DEBUG Engine               - versionCheckDays: 7
12:52:58.259 [FXGL Background Thread 3 ] DEBUG Engine               - width: 800
12:52:58.259 [FXGL Background Thread 3 ] DEBUG Engine               - Logging services
12:52:58.259 [FXGL Background Thread 3 ] DEBUG Engine               - class com.almasb.fxgl.app.services.FXGLAssetLoaderService
12:52:58.260 [FXGL Background Thread 3 ] DEBUG Engine               - class com.almasb.fxgl.app.FXGLApplication$GameApplicationService
12:52:58.260 [FXGL Background Thread 3 ] DEBUG Engine               - class com.almasb.fxgl.app.services.FXGLDialogService
12:52:58.260 [FXGL Background Thread 3 ] DEBUG Engine               - class com.almasb.fxgl.app.services.IOTaskExecutorService
12:52:58.260 [FXGL Background Thread 3 ] DEBUG Engine               - class com.almasb.fxgl.io.FileSystemService
12:52:58.260 [FXGL Background Thread 3 ] DEBUG Engine               - class com.almasb.fxgl.localization.LocalizationService
12:52:58.260 [FXGL Background Thread 3 ] DEBUG Engine               - class com.almasb.fxgl.app.services.SystemBundleService
12:52:58.260 [FXGL Background Thread 3 ] DEBUG Engine               - class com.almasb.fxgl.profile.SaveLoadService
12:52:58.260 [FXGL Background Thread 3 ] DEBUG Engine               - class com.almasb.fxgl.ui.FXGLUIFactoryServiceProvider
12:52:58.260 [FXGL Background Thread 3 ] DEBUG Engine               - class com.almasb.fxgl.ui.FXGLDialogFactoryServiceProvider
12:52:58.260 [FXGL Background Thread 3 ] DEBUG Engine               - class com.almasb.fxgl.audio.AudioPlayer
12:52:58.260 [FXGL Background Thread 3 ] DEBUG Engine               - class com.almasb.fxgl.notification.impl.NotificationServiceProvider
12:52:58.260 [FXGL Background Thread 3 ] DEBUG Engine               - class com.almasb.fxgl.achievement.AchievementService
12:52:58.260 [FXGL Background Thread 3 ] DEBUG Engine               - class com.almasb.fxgl.cutscene.CutsceneService
12:52:58.260 [FXGL Background Thread 3 ] DEBUG Engine               - class com.almasb.fxgl.minigames.MiniGameService
12:52:58.260 [FXGL Background Thread 3 ] DEBUG Engine               - class com.almasb.fxgl.net.NetService
12:52:58.260 [FXGL Background Thread 3 ] DEBUG Engine               - class com.almasb.fxgl.app.services.UpdaterService
12:52:58.260 [FXGL Background Thread 3 ] DEBUG Engine               - class com.almasb.fxgl.dev.DevService
12:53:27.404 [JavaFX Application Thread] DEBUG FXGLApplication      - Exiting FXGL
12:53:27.404 [JavaFX Application Thread] DEBUG LoopRunner           - Stopping loop
12:53:27.405 [JavaFX Application Thread] DEBUG SystemBundleService  - Saving FXGL system data
12:53:27.408 [JavaFX Application Thread] DEBUG FileSystemAccess     - Writing to: C:\Materials\Coding\ChessKing\system\fxgl.bundle
12:53:27.409 [JavaFX Application Thread] DEBUG Async                - Shutting down background threads
12:53:27.409 [JavaFX Application Thread] DEBUG PrimaryStageWindow   - Closing main window
12:53:27.419 [JavaFX Application Thread] DEBUG Logger               - Closing Logger
