13:43:03.067 [main                     ] DEBUG Logger               - Configured Logger
13:43:03.098 [main                     ] DEBUG GameApplication      - Logging settings
Title: Chess King
Version: 0.1
Width: 1200
Height: 800
Fullscreen: false
Intro: false
Profiling: false
Single step:false
App Mode: DEVELOPER
Menu Key: ESCAPE
Stage Style: DECORATED
Scene Factory: class com.almasb.fxgl.app.scene.SceneFactory

13:43:03.372 [JavaFX Application Thread] DEBUG FXGLApplication      - Initializing FXGL
13:43:03.378 [JavaFX Application Thread] INFO  Engine               - FXGL-17.1 (24.03.2022 17.34) on WINDOWS (J:17.0.1 FX:18)
13:43:03.378 [JavaFX Application Thread] DEBUG Engine               - JRE Vendor Name: Oracle Corporation
13:43:03.378 [JavaFX Application Thread] DEBUG Engine               - Running on OS: Windows 10 version 10.0
13:43:03.379 [JavaFX Application Thread] DEBUG Engine               - Architecture: amd64
13:43:03.379 [JavaFX Application Thread] INFO  Engine               - Source code and latest versions at: https://github.com/AlmasB/FXGL
13:43:03.379 [JavaFX Application Thread] INFO  Engine               -       Ask questions and discuss at: https://github.com/AlmasB/FXGL/discussions
13:43:03.379 [JavaFX Application Thread] INFO  Engine               -              Join the FXGL chat at: https://gitter.im/AlmasB/FXGL
13:43:03.458 [JavaFX Application Thread] DEBUG PrimaryStageWindow   - Creating a JavaFX scene
13:43:03.499 [JavaFX Application Thread] DEBUG PrimaryStageWindow   - Target settings size: 1200.0 x 800.0
13:43:03.499 [JavaFX Application Thread] DEBUG PrimaryStageWindow   - Scaled scene size:    1200.0 x 800.0
13:43:03.499 [JavaFX Application Thread] DEBUG PrimaryStageWindow   - Scaled ratio: (1.0, 1.0)
13:43:03.500 [JavaFX Application Thread] DEBUG PrimaryStageWindow   - Set initial scene to FXGLStartupScene
13:43:03.505 [JavaFX Application Thread] DEBUG PrimaryStageWindow   - Opening main window
13:43:03.708 [JavaFX Application Thread] DEBUG PrimaryStageWindow   - Window border size: (14.4000244140625, 37.5999755859375)
13:43:03.709 [JavaFX Application Thread] DEBUG PrimaryStageWindow   - Scaled size: 1200.0 x 800.0
13:43:03.709 [JavaFX Application Thread] DEBUG PrimaryStageWindow   - Scaled ratio: (1.0, 1.0)
13:43:03.710 [JavaFX Application Thread] DEBUG PrimaryStageWindow   - Scene size: 1200.0 x 800.0
13:43:03.710 [JavaFX Application Thread] DEBUG PrimaryStageWindow   - Stage size: 1214.4000244140625 x 837.5999755859375
13:43:03.726 [FXGL Background Thread 1 ] DEBUG Engine               - Initializing environment variables
13:43:03.796 [FXGL Background Thread 1 ] DEBUG FXGLAssetLoaderServi - User app class for loading assets: class edu.sustech.chessking.ChessKingApp
13:43:03.797 [FXGL Background Thread 1 ] DEBUG GameApplicationServi - Applying CSS: fxgl_dark.css
13:43:03.801 [FXGL Background Thread 1 ] DEBUG FXGLAssetLoaderServi - Loading from file system: jar:file:///C:/Users/19687/.m2/repository/com/github/almasb/fxgl/17.1/fxgl-17.1.jar!/fxglassets/ui/css/fxgl_dark.css
13:43:03.887 [FXGL Background Thread 1 ] DEBUG GameApplicationServi - Initializing application scenes
13:43:04.158 [FXGL Background Thread 1 ] DEBUG GameWorld            - Game world initialized
13:43:04.216 [FXGL Background Thread 1 ] DEBUG PhysicsWorld         - Physics world initialized: appHeight=800, physics.ppm=50.0
13:43:04.216 [FXGL Background Thread 1 ] DEBUG PhysicsWorld         - Using strategy: BRUTE_FORCE
13:43:04.228 [FXGL Background Thread 1 ] DEBUG GameScene            - Game scene initialized: 1200x800
13:43:04.250 [FXGL Background Thread 1 ] DEBUG FXGL.DefaultMenu     - createMenuBodyGameMenu()
13:43:04.268 [FXGL Background Thread 1 ] DEBUG FXGL.DefaultMenu     - createOptionsMenu()
13:43:04.286 [FXGL Background Thread 1 ] DEBUG FXGLAssetLoaderServi - Loading from file system: jar:file:///C:/Users/19687/.m2/repository/com/github/almasb/fxgl/17.1/fxgl-17.1.jar!/fxglassets/textures/particles/smoke.png
13:43:04.398 [FXGL Background Thread 1 ] DEBUG FXGLAssetLoaderServi - Loading from file system: jar:file:///C:/Users/19687/.m2/repository/com/github/almasb/fxgl/17.1/fxgl-17.1.jar!/fxglassets/textures/particles/trace_horizontal.png
13:43:04.433 [FXGL Background Thread 1 ] DEBUG GameApplicationServi - Application scenes initialized
13:43:04.449 [FXGL Background Thread 1 ] DEBUG SystemBundleService  - Loading FXGL system data
13:43:04.454 [FXGL Background Thread 1 ] DEBUG FileSystemAccess     - Reading from: C:\Materials\Coding\ChessKing\system\fxgl.bundle
13:43:04.464 [FXGL Background Thread 1 ] DEBUG SystemBundleService  - Bundle FXGL: {}
13:43:04.464 [FXGL Background Thread 1 ] DEBUG UpdaterService       - Checking for updates
13:43:04.468 [FXGL Background Thread 4 ] DEBUG FXGLApplication      - Loading fonts
13:43:04.468 [FXGL Background Thread 1 ] DEBUG FXGLApplication      - Loading default localization
13:43:04.468 [FXGL Background Thread 4 ] DEBUG FXGLAssetLoaderServi - Loading from file system: jar:file:///C:/Users/19687/.m2/repository/com/github/almasb/fxgl/17.1/fxgl-17.1.jar!/fxglassets/ui/fonts/VarelaRound-Regular.ttf
13:43:04.469 [FXGL Background Thread 1 ] DEBUG FXGLAssetLoaderServi - Loading from file system: jar:file:///C:/Users/19687/.m2/repository/com/github/almasb/fxgl/17.1/fxgl-17.1.jar!/fxglassets/languages/english.lang
13:43:04.487 [FXGL Background Thread 1 ] INFO  FXGLApplication      - FXGL initialization took: 0.762 sec
13:43:04.491 [JavaFX Application Thread] DEBUG FXGLAssetLoaderServi - Loading from file system: jar:file:///C:/Users/19687/.m2/repository/com/github/almasb/fxgl/17.1/fxgl-17.1.jar!/fxglassets/textures/fxgl_icon.png
13:43:04.519 [JavaFX Application Thread] DEBUG FXGLAssetLoaderServi - Loading from file system: jar:file:///C:/Users/19687/.m2/repository/com/github/almasb/fxgl/17.1/fxgl-17.1.jar!/fxglassets/textures/fxgl_default_cursor.png
13:43:04.537 [JavaFX Application Thread] DEBUG Input                - Registered new binding: Screenshot - CTRL+8
13:43:04.538 [JavaFX Application Thread] DEBUG Input                - Registered new binding: System info dump - CTRL+9
13:43:04.538 [JavaFX Application Thread] DEBUG Input                - Registered new binding: Restart - CTRL+R
13:43:04.540 [JavaFX Application Thread] DEBUG Input                - Registered new binding: Toggle Debug Camera - CTRL+7
13:43:04.546 [JavaFX Application Thread] DEBUG LoopRunner           - Starting loop
13:43:04.547 [JavaFX Application Thread] DEBUG LoopRunner           - Initializing JavaFX AnimationTimerLoop
13:43:04.551 [JavaFX Application Thread] DEBUG GameApplicationServi - Starting new game
13:43:04.553 [JavaFX Application Thread] DEBUG Input                - Clearing active input actions
13:43:04.553 [FXGL Background Thread 4 ] DEBUG FXGLAssetLoaderServi - Loading from file system: jar:file:///C:/Users/19687/.m2/repository/com/github/almasb/fxgl/17.1/fxgl-17.1.jar!/fxglassets/ui/fonts/Abel-Regular.ttf
13:43:04.563 [FXGL Background Thread 4 ] DEBUG FXGLAssetLoaderServi - Loading from file system: jar:file:///C:/Users/19687/.m2/repository/com/github/almasb/fxgl/17.1/fxgl-17.1.jar!/fxglassets/ui/fonts/TerminalLandMono-Regular.otf
13:43:04.571 [JavaFX Application Thread] DEBUG GameApplicationServi - Removing overlay from FXGLStartupScene and adding to FXGLLoadingScene
13:43:04.571 [FXGL Background Thread 4 ] DEBUG FXGLAssetLoaderServi - Loading from file system: jar:file:///C:/Users/19687/.m2/repository/com/github/almasb/fxgl/17.1/fxgl-17.1.jar!/fxglassets/ui/fonts/Courier-Prime.ttf
13:43:04.573 [JavaFX Application Thread] DEBUG PrimaryStageWindow   - FXGLStartupScene -> FXGLLoadingScene
13:43:04.573 [JavaFX Application Thread] DEBUG GameApplicationServi - Clearing previous game
13:43:04.573 [JavaFX Application Thread] DEBUG GameScene            - Clearing game scene
13:43:04.573 [JavaFX Application Thread] DEBUG GameWorld            - Clearing game world
13:43:04.574 [JavaFX Application Thread] DEBUG PhysicsWorld         - Clearing physics world
13:43:04.580 [FXGL Background Thread 1 ] DEBUG FXGLApplication      - Initializing game
13:43:04.666 [JavaFX Application Thread] DEBUG FXGLApplication      - Registering font factories with UI factory
13:43:04.684 [FXGL Background Thread 1 ] DEBUG FXGLAssetLoaderServi - Loading from file system: file:/C:/Materials/Coding/ChessKing/target/classes/assets/textures/default%20pawn-white.png
13:43:04.686 [FXGL Background Thread 1 ] DEBUG FXGLAssetLoaderServi - Loading from file system: file:/C:/Materials/Coding/ChessKing/target/classes/assets/textures/default%20pawn-black.png
13:43:04.700 [FXGL Background Thread 1 ] DEBUG FXGLAssetLoaderServi - Loading from file system: file:/C:/Materials/Coding/ChessKing/target/classes/assets/textures/default%20rook-white.png
13:43:04.729 [FXGL Background Thread 1 ] DEBUG FXGLAssetLoaderServi - Loading from file system: file:/C:/Materials/Coding/ChessKing/target/classes/assets/textures/default%20rook-black.png
13:43:04.737 [FXGL Background Thread 1 ] DEBUG FXGLAssetLoaderServi - Loading from file system: file:/C:/Materials/Coding/ChessKing/target/classes/assets/textures/default%20knight-white.png
13:43:04.743 [FXGL Background Thread 1 ] DEBUG FXGLAssetLoaderServi - Loading from file system: file:/C:/Materials/Coding/ChessKing/target/classes/assets/textures/default%20knight-black.png
13:43:04.747 [FXGL Background Thread 1 ] DEBUG FXGLAssetLoaderServi - Loading from file system: file:/C:/Materials/Coding/ChessKing/target/classes/assets/textures/default%20bishop-white.png
13:43:04.749 [FXGL Background Thread 1 ] DEBUG FXGLAssetLoaderServi - Loading from file system: file:/C:/Materials/Coding/ChessKing/target/classes/assets/textures/default%20bishop-black.png
13:43:04.751 [FXGL Background Thread 1 ] DEBUG FXGLAssetLoaderServi - Loading from file system: file:/C:/Materials/Coding/ChessKing/target/classes/assets/textures/default%20queen-white.png
13:43:04.753 [FXGL Background Thread 1 ] DEBUG FXGLAssetLoaderServi - Loading from file system: file:/C:/Materials/Coding/ChessKing/target/classes/assets/textures/default%20king-white.png
13:43:04.754 [FXGL Background Thread 1 ] DEBUG FXGLAssetLoaderServi - Loading from file system: file:/C:/Materials/Coding/ChessKing/target/classes/assets/textures/default%20queen-black.png
13:43:04.756 [FXGL Background Thread 1 ] DEBUG FXGLAssetLoaderServi - Loading from file system: file:/C:/Materials/Coding/ChessKing/target/classes/assets/textures/default%20king-black.png
13:43:04.759 [FXGL Background Thread 1 ] INFO  FXGLApplication      - Game initialization took: 0.178 sec
13:43:04.765 [FXGL Background Thread 2 ] WARN  UpdaterService       - Failed to find updates: java.net.UnknownHostException: raw.githubusercontent.com
13:43:04.771 [JavaFX Application Thread] DEBUG Input                - Clearing active input actions
13:43:04.784 [JavaFX Application Thread] DEBUG GameApplicationServi - Removing overlay from FXGLLoadingScene and adding to GameScene
13:43:04.785 [JavaFX Application Thread] DEBUG PrimaryStageWindow   - FXGLLoadingScene -> GameScene
13:43:07.467 [FXGL Background Thread 3 ] DEBUG Engine               - Logging environment variables
13:43:07.467 [FXGL Background Thread 3 ] DEBUG Engine               - achievements: []
13:43:07.467 [FXGL Background Thread 3 ] DEBUG Engine               - actualHeight: 800.0
13:43:07.468 [FXGL Background Thread 3 ] DEBUG Engine               - actualHeightProperty: ReadOnlyDoubleProperty [value: 800.0]
13:43:07.468 [FXGL Background Thread 3 ] DEBUG Engine               - actualWidth: 1200.0
13:43:07.468 [FXGL Background Thread 3 ] DEBUG Engine               - actualWidthProperty: ReadOnlyDoubleProperty [value: 1200.0]
13:43:07.468 [FXGL Background Thread 3 ] DEBUG Engine               - appIcon: fxgl_icon.png
13:43:07.468 [FXGL Background Thread 3 ] DEBUG Engine               - applicationMode: DEVELOPER
13:43:07.468 [FXGL Background Thread 3 ] DEBUG Engine               - cSSList: [fxgl_dark.css]
13:43:07.468 [FXGL Background Thread 3 ] DEBUG Engine               - collisionDetectionStrategy: BRUTE_FORCE
13:43:07.468 [FXGL Background Thread 3 ] DEBUG Engine               - configClass: Optional.empty
13:43:07.468 [FXGL Background Thread 3 ] DEBUG Engine               - credits: []
13:43:07.469 [FXGL Background Thread 3 ] DEBUG Engine               - defaultCursor: CursorInfo(imageName=fxgl_default_cursor.png, hotspotX=7.0, hotspotY=6.0)
13:43:07.469 [FXGL Background Thread 3 ] DEBUG Engine               - devBBoxColorProperty: ObjectProperty [value: 0xff0000ff]
13:43:07.469 [FXGL Background Thread 3 ] DEBUG Engine               - devEnableDebugCameraProperty: BooleanProperty [value: false]
13:43:07.469 [FXGL Background Thread 3 ] DEBUG Engine               - devSensorColorProperty: ObjectProperty [value: 0xffff00ff]
13:43:07.469 [FXGL Background Thread 3 ] DEBUG Engine               - devShowBBoxProperty: BooleanProperty [value: false]
13:43:07.469 [FXGL Background Thread 3 ] DEBUG Engine               - devShowPositionProperty: BooleanProperty [value: false]
13:43:07.470 [FXGL Background Thread 3 ] DEBUG Engine               - enabledMenuItems: []
13:43:07.470 [FXGL Background Thread 3 ] DEBUG Engine               - engineServices: [class com.almasb.fxgl.app.services.FXGLAssetLoaderService, class com.almasb.fxgl.app.FXGLApplication$GameApplicationService, class com.almasb.fxgl.app.services.FXGLDialogService, class com.almasb.fxgl.app.services.IOTaskExecutorService, class com.almasb.fxgl.io.FileSystemService, class com.almasb.fxgl.localization.LocalizationService, class com.almasb.fxgl.app.services.SystemBundleService, class com.almasb.fxgl.profile.SaveLoadService, class com.almasb.fxgl.ui.FXGLUIFactoryServiceProvider, class com.almasb.fxgl.ui.FXGLDialogFactoryServiceProvider, class com.almasb.fxgl.audio.AudioPlayer, class com.almasb.fxgl.notification.impl.NotificationServiceProvider, class com.almasb.fxgl.achievement.AchievementService, class com.almasb.fxgl.cutscene.CutsceneService, class com.almasb.fxgl.minigames.MiniGameService, class com.almasb.fxgl.net.NetService, class com.almasb.fxgl.app.services.UpdaterService, class com.almasb.fxgl.dev.DevService]
13:43:07.470 [FXGL Background Thread 3 ] DEBUG Engine               - fontGame: Abel-Regular.ttf
13:43:07.470 [FXGL Background Thread 3 ] DEBUG Engine               - fontMono: TerminalLandMono-Regular.otf
13:43:07.470 [FXGL Background Thread 3 ] DEBUG Engine               - fontText: Courier-Prime.ttf
13:43:07.470 [FXGL Background Thread 3 ] DEBUG Engine               - fontUI: VarelaRound-Regular.ttf
13:43:07.470 [FXGL Background Thread 3 ] DEBUG Engine               - fullScreen: BooleanProperty [value: false]
13:43:07.470 [FXGL Background Thread 3 ] DEBUG Engine               - gameDifficulty: MEDIUM
13:43:07.470 [FXGL Background Thread 3 ] DEBUG Engine               - gameDifficultyProperty: ObjectProperty [value: MEDIUM]
13:43:07.470 [FXGL Background Thread 3 ] DEBUG Engine               - globalMusicVolume: 0.5
13:43:07.471 [FXGL Background Thread 3 ] DEBUG Engine               - globalMusicVolumeProperty: DoubleProperty [value: 0.5]
13:43:07.471 [FXGL Background Thread 3 ] DEBUG Engine               - globalSoundVolume: 0.5
13:43:07.471 [FXGL Background Thread 3 ] DEBUG Engine               - globalSoundVolumeProperty: DoubleProperty [value: 0.5]
13:43:07.471 [FXGL Background Thread 3 ] DEBUG Engine               - height: 800
13:43:07.471 [FXGL Background Thread 3 ] DEBUG Engine               - is3D: false
13:43:07.471 [FXGL Background Thread 3 ] DEBUG Engine               - isAndroid: false
13:43:07.471 [FXGL Background Thread 3 ] DEBUG Engine               - isBrowser: false
13:43:07.471 [FXGL Background Thread 3 ] DEBUG Engine               - isClickFeedbackEnabled: false
13:43:07.471 [FXGL Background Thread 3 ] DEBUG Engine               - isCloseConfirmation: false
13:43:07.471 [FXGL Background Thread 3 ] DEBUG Engine               - isDesktop: true
13:43:07.471 [FXGL Background Thread 3 ] DEBUG Engine               - isDeveloperMenuEnabled: false
13:43:07.472 [FXGL Background Thread 3 ] DEBUG Engine               - isEmbedded: false
13:43:07.472 [FXGL Background Thread 3 ] DEBUG Engine               - isEntityPreloadEnabled: true
13:43:07.472 [FXGL Background Thread 3 ] DEBUG Engine               - isExperimentalTiledLargeMap: false
13:43:07.472 [FXGL Background Thread 3 ] DEBUG Engine               - isFileSystemWriteAllowed: true
13:43:07.472 [FXGL Background Thread 3 ] DEBUG Engine               - isFullScreenAllowed: false
13:43:07.472 [FXGL Background Thread 3 ] DEBUG Engine               - isFullScreenFromStart: false
13:43:07.472 [FXGL Background Thread 3 ] DEBUG Engine               - isGameMenuEnabled: true
13:43:07.473 [FXGL Background Thread 3 ] DEBUG Engine               - isIOS: false
13:43:07.473 [FXGL Background Thread 3 ] DEBUG Engine               - isIntroEnabled: false
13:43:07.473 [FXGL Background Thread 3 ] DEBUG Engine               - isLinux: false
13:43:07.473 [FXGL Background Thread 3 ] DEBUG Engine               - isMac: false
13:43:07.473 [FXGL Background Thread 3 ] DEBUG Engine               - isMainMenuEnabled: false
13:43:07.473 [FXGL Background Thread 3 ] DEBUG Engine               - isManualResizeEnabled: false
13:43:07.473 [FXGL Background Thread 3 ] DEBUG Engine               - isMobile: false
13:43:07.473 [FXGL Background Thread 3 ] DEBUG Engine               - isNative: false
13:43:07.473 [FXGL Background Thread 3 ] DEBUG Engine               - isPauseMusicWhenMinimized: true
13:43:07.473 [FXGL Background Thread 3 ] DEBUG Engine               - isPreserveResizeRatio: false
13:43:07.473 [FXGL Background Thread 3 ] DEBUG Engine               - isProfilingEnabled: false
13:43:07.474 [FXGL Background Thread 3 ] DEBUG Engine               - isScaleAffectedOnResize: true
13:43:07.474 [FXGL Background Thread 3 ] DEBUG Engine               - isSingleStep: false
13:43:07.474 [FXGL Background Thread 3 ] DEBUG Engine               - isUserProfileEnabled: false
13:43:07.474 [FXGL Background Thread 3 ] DEBUG Engine               - isWindows: true
13:43:07.475 [FXGL Background Thread 3 ] DEBUG Engine               - language: ObjectProperty [value: ENGLISH]
13:43:07.475 [FXGL Background Thread 3 ] DEBUG Engine               - menuKey: ESCAPE
13:43:07.475 [FXGL Background Thread 3 ] DEBUG Engine               - mouseSensitivity: 0.2
13:43:07.475 [FXGL Background Thread 3 ] DEBUG Engine               - notificationViewClass: class com.almasb.fxgl.notification.view.XboxNotificationView
13:43:07.475 [FXGL Background Thread 3 ] DEBUG Engine               - pixelsPerMeter: 50.0
13:43:07.475 [FXGL Background Thread 3 ] DEBUG Engine               - platform: WINDOWS
13:43:07.476 [FXGL Background Thread 3 ] DEBUG Engine               - prefHeightProperty: ReadOnlyDoubleProperty [value: 800.0]
13:43:07.476 [FXGL Background Thread 3 ] DEBUG Engine               - prefWidthProperty: ReadOnlyDoubleProperty [value: 1200.0]
13:43:07.476 [FXGL Background Thread 3 ] DEBUG Engine               - profileDir: profiles/
13:43:07.476 [FXGL Background Thread 3 ] DEBUG Engine               - profileName: StringProperty [value: DEFAULT]
13:43:07.477 [FXGL Background Thread 3 ] DEBUG Engine               - randomSeed: -1
13:43:07.478 [FXGL Background Thread 3 ] DEBUG Engine               - runtimeInfo: RuntimeInfo(platform=WINDOWS, version=17.1, build=24.03.2022 17.34)
13:43:07.478 [FXGL Background Thread 3 ] DEBUG Engine               - saveFileExt: sav
13:43:07.478 [FXGL Background Thread 3 ] DEBUG Engine               - scaledHeightProp$fxgl: DoubleProperty [bound, value: 800.0]
13:43:07.478 [FXGL Background Thread 3 ] DEBUG Engine               - scaledWidthProp$fxgl: DoubleProperty [bound, value: 1200.0]
13:43:07.478 [FXGL Background Thread 3 ] DEBUG Engine               - sceneFactory: com.almasb.fxgl.app.scene.SceneFactory@7f7c73e9
13:43:07.478 [FXGL Background Thread 3 ] DEBUG Engine               - secondsIn24h: 60
13:43:07.478 [FXGL Background Thread 3 ] DEBUG Engine               - soundMenuBack: menu/back.wav
13:43:07.478 [FXGL Background Thread 3 ] DEBUG Engine               - soundMenuPress: menu/press.wav
13:43:07.478 [FXGL Background Thread 3 ] DEBUG Engine               - soundMenuSelect: menu/select.wav
13:43:07.478 [FXGL Background Thread 3 ] DEBUG Engine               - soundNotification: core/notification.wav
13:43:07.478 [FXGL Background Thread 3 ] DEBUG Engine               - stageStyle: DECORATED
13:43:07.478 [FXGL Background Thread 3 ] DEBUG Engine               - supportedLanguages: [ENGLISH, FRENCH, GERMAN, HUNGARIAN, RUSSIAN]
13:43:07.478 [FXGL Background Thread 3 ] DEBUG Engine               - ticksPerSecond: -1
13:43:07.479 [FXGL Background Thread 3 ] DEBUG Engine               - title: Chess King
13:43:07.479 [FXGL Background Thread 3 ] DEBUG Engine               - urlGithub: https://github.com/AlmasB/FXGL
13:43:07.479 [FXGL Background Thread 3 ] DEBUG Engine               - urlLeaderboard: http://fxgl-top.herokuapp.com/
13:43:07.479 [FXGL Background Thread 3 ] DEBUG Engine               - urlPOM: https://raw.githubusercontent.com/AlmasB/FXGL/release/README.md
13:43:07.479 [FXGL Background Thread 3 ] DEBUG Engine               - userAppClass: class edu.sustech.chessking.ChessKingApp
13:43:07.479 [FXGL Background Thread 3 ] DEBUG Engine               - version: 0.1
13:43:07.479 [FXGL Background Thread 3 ] DEBUG Engine               - versionCheckDays: 7
13:43:07.479 [FXGL Background Thread 3 ] DEBUG Engine               - width: 1200
13:43:07.479 [FXGL Background Thread 3 ] DEBUG Engine               - Logging services
13:43:07.479 [FXGL Background Thread 3 ] DEBUG Engine               - class com.almasb.fxgl.app.services.FXGLAssetLoaderService
13:43:07.479 [FXGL Background Thread 3 ] DEBUG Engine               - class com.almasb.fxgl.app.FXGLApplication$GameApplicationService
13:43:07.479 [FXGL Background Thread 3 ] DEBUG Engine               - class com.almasb.fxgl.app.services.FXGLDialogService
13:43:07.479 [FXGL Background Thread 3 ] DEBUG Engine               - class com.almasb.fxgl.app.services.IOTaskExecutorService
13:43:07.479 [FXGL Background Thread 3 ] DEBUG Engine               - class com.almasb.fxgl.io.FileSystemService
13:43:07.480 [FXGL Background Thread 3 ] DEBUG Engine               - class com.almasb.fxgl.localization.LocalizationService
13:43:07.480 [FXGL Background Thread 3 ] DEBUG Engine               - class com.almasb.fxgl.app.services.SystemBundleService
13:43:07.480 [FXGL Background Thread 3 ] DEBUG Engine               - class com.almasb.fxgl.profile.SaveLoadService
13:43:07.480 [FXGL Background Thread 3 ] DEBUG Engine               - class com.almasb.fxgl.ui.FXGLUIFactoryServiceProvider
13:43:07.480 [FXGL Background Thread 3 ] DEBUG Engine               - class com.almasb.fxgl.ui.FXGLDialogFactoryServiceProvider
13:43:07.480 [FXGL Background Thread 3 ] DEBUG Engine               - class com.almasb.fxgl.audio.AudioPlayer
13:43:07.480 [FXGL Background Thread 3 ] DEBUG Engine               - class com.almasb.fxgl.notification.impl.NotificationServiceProvider
13:43:07.480 [FXGL Background Thread 3 ] DEBUG Engine               - class com.almasb.fxgl.achievement.AchievementService
13:43:07.480 [FXGL Background Thread 3 ] DEBUG Engine               - class com.almasb.fxgl.cutscene.CutsceneService
13:43:07.480 [FXGL Background Thread 3 ] DEBUG Engine               - class com.almasb.fxgl.minigames.MiniGameService
13:43:07.480 [FXGL Background Thread 3 ] DEBUG Engine               - class com.almasb.fxgl.net.NetService
13:43:07.480 [FXGL Background Thread 3 ] DEBUG Engine               - class com.almasb.fxgl.app.services.UpdaterService
13:43:07.480 [FXGL Background Thread 3 ] DEBUG Engine               - class com.almasb.fxgl.dev.DevService
13:43:08.806 [JavaFX Application Thread] DEBUG FXGLApplication      - Exiting FXGL
13:43:08.806 [JavaFX Application Thread] DEBUG LoopRunner           - Stopping loop
13:43:08.806 [JavaFX Application Thread] DEBUG SystemBundleService  - Saving FXGL system data
13:43:08.808 [JavaFX Application Thread] DEBUG FileSystemAccess     - Writing to: C:\Materials\Coding\ChessKing\system\fxgl.bundle
13:43:08.810 [JavaFX Application Thread] DEBUG Async                - Shutting down background threads
13:43:08.810 [JavaFX Application Thread] DEBUG PrimaryStageWindow   - Closing main window
13:43:08.821 [JavaFX Application Thread] DEBUG Logger               - Closing Logger
