13:41:47.053 [main                     ] DEBUG Logger               - Configured Logger
13:41:47.078 [main                     ] DEBUG GameApplication      - Logging settings
Title: Chess King
Version: 0.1
Width: 1200
Height: 800
Fullscreen: false
Intro: false
Profiling: false
Single step:false
App Mode: DEVELOPER
Menu Key: ESCAPE
Stage Style: DECORATED
Scene Factory: class com.almasb.fxgl.app.scene.SceneFactory

13:41:47.382 [JavaFX Application Thread] DEBUG FXGLApplication      - Initializing FXGL
13:41:47.386 [JavaFX Application Thread] INFO  Engine               - FXGL-17.1 (24.03.2022 17.34) on WINDOWS (J:17.0.1 FX:18)
13:41:47.386 [JavaFX Application Thread] DEBUG Engine               - JRE Vendor Name: Oracle Corporation
13:41:47.386 [JavaFX Application Thread] DEBUG Engine               - Running on OS: Windows 10 version 10.0
13:41:47.386 [JavaFX Application Thread] DEBUG Engine               - Architecture: amd64
13:41:47.387 [JavaFX Application Thread] INFO  Engine               - Source code and latest versions at: https://github.com/AlmasB/FXGL
13:41:47.387 [JavaFX Application Thread] INFO  Engine               -       Ask questions and discuss at: https://github.com/AlmasB/FXGL/discussions
13:41:47.387 [JavaFX Application Thread] INFO  Engine               -              Join the FXGL chat at: https://gitter.im/AlmasB/FXGL
13:41:47.485 [JavaFX Application Thread] DEBUG PrimaryStageWindow   - Creating a JavaFX scene
13:41:47.550 [JavaFX Application Thread] DEBUG PrimaryStageWindow   - Target settings size: 1200.0 x 800.0
13:41:47.551 [JavaFX Application Thread] DEBUG PrimaryStageWindow   - Scaled scene size:    1200.0 x 800.0
13:41:47.551 [JavaFX Application Thread] DEBUG PrimaryStageWindow   - Scaled ratio: (1.0, 1.0)
13:41:47.552 [JavaFX Application Thread] DEBUG PrimaryStageWindow   - Set initial scene to FXGLStartupScene
13:41:47.560 [JavaFX Application Thread] DEBUG PrimaryStageWindow   - Opening main window
13:41:47.747 [JavaFX Application Thread] DEBUG PrimaryStageWindow   - Window border size: (14.4000244140625, 37.5999755859375)
13:41:47.748 [JavaFX Application Thread] DEBUG PrimaryStageWindow   - Scaled size: 1200.0 x 800.0
13:41:47.749 [JavaFX Application Thread] DEBUG PrimaryStageWindow   - Scaled ratio: (1.0, 1.0)
13:41:47.749 [JavaFX Application Thread] DEBUG PrimaryStageWindow   - Scene size: 1200.0 x 800.0
13:41:47.749 [JavaFX Application Thread] DEBUG PrimaryStageWindow   - Stage size: 1214.4000244140625 x 837.5999755859375
13:41:47.767 [FXGL Background Thread 1 ] DEBUG Engine               - Initializing environment variables
13:41:47.834 [FXGL Background Thread 1 ] DEBUG FXGLAssetLoaderServi - User app class for loading assets: class edu.sustech.chessking.ChessKingApp
13:41:47.835 [FXGL Background Thread 1 ] DEBUG GameApplicationServi - Applying CSS: fxgl_dark.css
13:41:47.838 [FXGL Background Thread 1 ] DEBUG FXGLAssetLoaderServi - Loading from file system: jar:file:///C:/Users/19687/.m2/repository/com/github/almasb/fxgl/17.1/fxgl-17.1.jar!/fxglassets/ui/css/fxgl_dark.css
13:41:47.958 [FXGL Background Thread 1 ] DEBUG GameApplicationServi - Initializing application scenes
13:41:48.241 [FXGL Background Thread 1 ] DEBUG GameWorld            - Game world initialized
13:41:48.317 [FXGL Background Thread 1 ] DEBUG PhysicsWorld         - Physics world initialized: appHeight=800, physics.ppm=50.0
13:41:48.318 [FXGL Background Thread 1 ] DEBUG PhysicsWorld         - Using strategy: BRUTE_FORCE
13:41:48.328 [FXGL Background Thread 1 ] DEBUG GameScene            - Game scene initialized: 1200x800
13:41:48.365 [FXGL Background Thread 1 ] DEBUG FXGL.DefaultMenu     - createMenuBodyGameMenu()
13:41:48.399 [FXGL Background Thread 1 ] DEBUG FXGL.DefaultMenu     - createOptionsMenu()
13:41:48.427 [FXGL Background Thread 1 ] DEBUG FXGLAssetLoaderServi - Loading from file system: jar:file:///C:/Users/19687/.m2/repository/com/github/almasb/fxgl/17.1/fxgl-17.1.jar!/fxglassets/textures/particles/smoke.png
13:41:48.552 [FXGL Background Thread 1 ] DEBUG FXGLAssetLoaderServi - Loading from file system: jar:file:///C:/Users/19687/.m2/repository/com/github/almasb/fxgl/17.1/fxgl-17.1.jar!/fxglassets/textures/particles/trace_horizontal.png
13:41:48.597 [FXGL Background Thread 1 ] DEBUG GameApplicationServi - Application scenes initialized
13:41:48.632 [FXGL Background Thread 1 ] DEBUG SystemBundleService  - Loading FXGL system data
13:41:48.649 [FXGL Background Thread 1 ] DEBUG FileSystemAccess     - Reading from: C:\Materials\Coding\ChessKing\system\fxgl.bundle
13:41:48.664 [FXGL Background Thread 1 ] DEBUG SystemBundleService  - Bundle FXGL: {}
13:41:48.664 [FXGL Background Thread 1 ] DEBUG UpdaterService       - Checking for updates
13:41:48.671 [FXGL Background Thread 4 ] DEBUG FXGLApplication      - Loading fonts
13:41:48.672 [FXGL Background Thread 1 ] DEBUG FXGLApplication      - Loading default localization
13:41:48.672 [FXGL Background Thread 4 ] DEBUG FXGLAssetLoaderServi - Loading from file system: jar:file:///C:/Users/19687/.m2/repository/com/github/almasb/fxgl/17.1/fxgl-17.1.jar!/fxglassets/ui/fonts/VarelaRound-Regular.ttf
13:41:48.673 [FXGL Background Thread 1 ] DEBUG FXGLAssetLoaderServi - Loading from file system: jar:file:///C:/Users/19687/.m2/repository/com/github/almasb/fxgl/17.1/fxgl-17.1.jar!/fxglassets/languages/english.lang
13:41:48.700 [FXGL Background Thread 1 ] INFO  FXGLApplication      - FXGL initialization took: 0.931 sec
13:41:48.710 [JavaFX Application Thread] DEBUG FXGLAssetLoaderServi - Loading from file system: jar:file:///C:/Users/19687/.m2/repository/com/github/almasb/fxgl/17.1/fxgl-17.1.jar!/fxglassets/textures/fxgl_icon.png
13:41:48.737 [JavaFX Application Thread] DEBUG FXGLAssetLoaderServi - Loading from file system: jar:file:///C:/Users/19687/.m2/repository/com/github/almasb/fxgl/17.1/fxgl-17.1.jar!/fxglassets/textures/fxgl_default_cursor.png
13:41:48.759 [JavaFX Application Thread] DEBUG Input                - Registered new binding: Screenshot - CTRL+8
13:41:48.761 [JavaFX Application Thread] DEBUG Input                - Registered new binding: System info dump - CTRL+9
13:41:48.762 [JavaFX Application Thread] DEBUG Input                - Registered new binding: Restart - CTRL+R
13:41:48.763 [FXGL Background Thread 4 ] DEBUG FXGLAssetLoaderServi - Loading from file system: jar:file:///C:/Users/19687/.m2/repository/com/github/almasb/fxgl/17.1/fxgl-17.1.jar!/fxglassets/ui/fonts/Abel-Regular.ttf
13:41:48.763 [JavaFX Application Thread] DEBUG Input                - Registered new binding: Toggle Debug Camera - CTRL+7
13:41:48.767 [JavaFX Application Thread] DEBUG LoopRunner           - Starting loop
13:41:48.768 [JavaFX Application Thread] DEBUG LoopRunner           - Initializing JavaFX AnimationTimerLoop
13:41:48.769 [FXGL Background Thread 4 ] DEBUG FXGLAssetLoaderServi - Loading from file system: jar:file:///C:/Users/19687/.m2/repository/com/github/almasb/fxgl/17.1/fxgl-17.1.jar!/fxglassets/ui/fonts/TerminalLandMono-Regular.otf
13:41:48.773 [JavaFX Application Thread] DEBUG GameApplicationServi - Starting new game
13:41:48.774 [JavaFX Application Thread] DEBUG Input                - Clearing active input actions
13:41:48.781 [FXGL Background Thread 4 ] DEBUG FXGLAssetLoaderServi - Loading from file system: jar:file:///C:/Users/19687/.m2/repository/com/github/almasb/fxgl/17.1/fxgl-17.1.jar!/fxglassets/ui/fonts/Courier-Prime.ttf
13:41:48.794 [JavaFX Application Thread] DEBUG GameApplicationServi - Removing overlay from FXGLStartupScene and adding to FXGLLoadingScene
13:41:48.795 [JavaFX Application Thread] DEBUG PrimaryStageWindow   - FXGLStartupScene -> FXGLLoadingScene
13:41:48.795 [JavaFX Application Thread] DEBUG GameApplicationServi - Clearing previous game
13:41:48.795 [JavaFX Application Thread] DEBUG GameScene            - Clearing game scene
13:41:48.795 [JavaFX Application Thread] DEBUG GameWorld            - Clearing game world
13:41:48.795 [JavaFX Application Thread] DEBUG PhysicsWorld         - Clearing physics world
13:41:48.800 [FXGL Background Thread 4 ] DEBUG FXGLApplication      - Initializing game
13:41:48.863 [JavaFX Application Thread] DEBUG FXGLApplication      - Registering font factories with UI factory
13:41:48.894 [FXGL Background Thread 4 ] DEBUG FXGLAssetLoaderServi - Loading from file system: file:/C:/Materials/Coding/ChessKing/target/classes/assets/textures/default%20pawn-white.png
13:41:48.926 [FXGL Background Thread 4 ] DEBUG FXGLAssetLoaderServi - Loading from file system: file:/C:/Materials/Coding/ChessKing/target/classes/assets/textures/default%20pawn-black.png
13:41:48.966 [FXGL Background Thread 4 ] DEBUG FXGLAssetLoaderServi - Loading from file system: file:/C:/Materials/Coding/ChessKing/target/classes/assets/textures/default%20rook-white.png
13:41:48.972 [FXGL Background Thread 4 ] DEBUG FXGLAssetLoaderServi - Loading from file system: file:/C:/Materials/Coding/ChessKing/target/classes/assets/textures/default%20rook-black.png
13:41:48.984 [FXGL Background Thread 4 ] DEBUG FXGLAssetLoaderServi - Loading from file system: file:/C:/Materials/Coding/ChessKing/target/classes/assets/textures/default%20knight-white.png
13:41:48.993 [FXGL Background Thread 4 ] DEBUG FXGLAssetLoaderServi - Loading from file system: file:/C:/Materials/Coding/ChessKing/target/classes/assets/textures/default%20knight-black.png
13:41:49.002 [FXGL Background Thread 4 ] DEBUG FXGLAssetLoaderServi - Loading from file system: file:/C:/Materials/Coding/ChessKing/target/classes/assets/textures/default%20bishop-white.png
13:41:49.012 [FXGL Background Thread 4 ] DEBUG FXGLAssetLoaderServi - Loading from file system: file:/C:/Materials/Coding/ChessKing/target/classes/assets/textures/default%20bishop-black.png
13:41:49.025 [FXGL Background Thread 2 ] WARN  UpdaterService       - Failed to find updates: java.net.UnknownHostException: raw.githubusercontent.com
13:41:49.025 [FXGL Background Thread 4 ] DEBUG FXGLAssetLoaderServi - Loading from file system: file:/C:/Materials/Coding/ChessKing/target/classes/assets/textures/default%20queen-white.png
13:41:49.032 [FXGL Background Thread 4 ] DEBUG FXGLAssetLoaderServi - Loading from file system: file:/C:/Materials/Coding/ChessKing/target/classes/assets/textures/default%20king-white.png
13:41:49.037 [FXGL Background Thread 4 ] DEBUG FXGLAssetLoaderServi - Loading from file system: file:/C:/Materials/Coding/ChessKing/target/classes/assets/textures/default%20queen-black.png
13:41:49.042 [FXGL Background Thread 4 ] DEBUG FXGLAssetLoaderServi - Loading from file system: file:/C:/Materials/Coding/ChessKing/target/classes/assets/textures/default%20king-black.png
13:41:49.046 [FXGL Background Thread 4 ] INFO  FXGLApplication      - Game initialization took: 0.246 sec
13:41:49.048 [JavaFX Application Thread] DEBUG Input                - Clearing active input actions
13:41:49.060 [JavaFX Application Thread] DEBUG GameApplicationServi - Removing overlay from FXGLLoadingScene and adding to GameScene
13:41:49.062 [JavaFX Application Thread] DEBUG PrimaryStageWindow   - FXGLLoadingScene -> GameScene
13:41:49.066 [JavaFX Application Thread] DEBUG Input                - Registered new binding: action0 - LMB
13:41:49.066 [JavaFX Application Thread] DEBUG LoopRunner           - Stopping loop
13:41:49.068 [JavaFX Application Thread] FATAL FXGLApplication      - Uncaught Exception:
java.lang.IllegalArgumentException: Trigger is already bound: LMB
	at com.almasb.fxgl.core@17.1/com.almasb.fxgl.input.Input.addBinding(Input.kt:451)
	at com.almasb.fxgl.core@17.1/com.almasb.fxgl.input.Input.addAction(Input.kt:433)
	at com.almasb.fxgl.core@17.1/com.almasb.fxgl.input.Input.addAction$default(Input.kt:432)
	at com.almasb.fxgl.all@17.1/com.almasb.fxgl.dsl.FXGL$Companion.onBtnDown(FXGL.kt:522)
	at com.almasb.fxgl.all@17.1/com.almasb.fxgl.dsl.FXGL$Companion.onBtnDown(FXGL.kt:518)
	at com.almasb.fxgl.all@17.1/com.almasb.fxgl.dsl.FXGLForKtKt.onBtnDown(FXGLForKt.kt:147)
	at ChessKing/edu.sustech.chessking.components.ChessComponent.onUpdate(ChessComponent.java:31)
	at com.almasb.fxgl.entity@17.1/com.almasb.fxgl.entity.Entity$ComponentMap.update(Entity.java:60)
	at com.almasb.fxgl.entity@17.1/com.almasb.fxgl.entity.Entity.update(Entity.java:248)
	at com.almasb.fxgl.entity@17.1/com.almasb.fxgl.entity.GameWorld.onUpdate(GameWorld.kt:177)
	at com.almasb.fxgl.all@17.1/com.almasb.fxgl.app.scene.GameScene.step(GameScene.kt:224)
	at com.almasb.fxgl.all@17.1/com.almasb.fxgl.app.scene.GameScene.onUpdate(GameScene.kt:220)
	at com.almasb.fxgl.scene@17.1/com.almasb.fxgl.scene.Scene.update(Scene.kt:105)
	at com.almasb.fxgl.all@17.1/com.almasb.fxgl.app.MainWindow$update$1.invoke(MainWindow.kt:115)
	at com.almasb.fxgl.all@17.1/com.almasb.fxgl.app.MainWindow$update$1.invoke(MainWindow.kt:115)
	at com.almasb.fxgl.core@17.1/com.almasb.fxgl.core.fsm.StateMachine.runOnActiveStates(StateMachine.kt:69)
	at com.almasb.fxgl.all@17.1/com.almasb.fxgl.app.MainWindow.update(MainWindow.kt:115)
	at com.almasb.fxgl.all@17.1/com.almasb.fxgl.app.FXGLApplication$GameApplicationService.onUpdate(FXGLApplication.kt:426)
	at com.almasb.fxgl.all@17.1/com.almasb.fxgl.app.Engine.loop(Engine.kt:134)
	at com.almasb.fxgl.all@17.1/com.almasb.fxgl.app.Engine.access$loop(Engine.kt:24)
	at com.almasb.fxgl.all@17.1/com.almasb.fxgl.app.Engine$loop$1.invoke(Engine.kt:28)
	at com.almasb.fxgl.all@17.1/com.almasb.fxgl.app.Engine$loop$1.invoke(Engine.kt:28)
	at com.almasb.fxgl.all@17.1/com.almasb.fxgl.app.LoopRunner.frame(LoopRunner.kt:103)
	at com.almasb.fxgl.all@17.1/com.almasb.fxgl.app.LoopRunner.access$frame(LoopRunner.kt:23)
	at com.almasb.fxgl.all@17.1/com.almasb.fxgl.app.LoopRunner$impl$2$1.onTick(LoopRunner.kt:57)
	at com.almasb.fxgl.all@17.1/com.almasb.fxgl.app.AnimationTimerLoop$timer$1.handle(LoopRunner.kt:137)
	at javafx.graphics@18/javafx.animation.AnimationTimer$AnimationTimerReceiver.lambda$handle$0(AnimationTimer.java:58)
	at java.base/java.security.AccessController.doPrivileged(AccessController.java:399)
	at javafx.graphics@18/javafx.animation.AnimationTimer$AnimationTimerReceiver.handle(AnimationTimer.java:57)
	at javafx.graphics@18/com.sun.scenario.animation.AbstractPrimaryTimer.timePulseImpl(AbstractPrimaryTimer.java:356)
	at javafx.graphics@18/com.sun.scenario.animation.AbstractPrimaryTimer$MainLoop.run(AbstractPrimaryTimer.java:266)
	at javafx.graphics@18/com.sun.javafx.tk.quantum.QuantumToolkit.pulse(QuantumToolkit.java:571)
	at javafx.graphics@18/com.sun.javafx.tk.quantum.QuantumToolkit.pulse(QuantumToolkit.java:555)
	at javafx.graphics@18/com.sun.javafx.tk.quantum.QuantumToolkit.pulseFromQueue(QuantumToolkit.java:548)
	at javafx.graphics@18/com.sun.javafx.tk.quantum.QuantumToolkit.lambda$runToolkit$11(QuantumToolkit.java:352)
	at javafx.graphics@18/com.sun.glass.ui.InvokeLaterDispatcher$Future.run(InvokeLaterDispatcher.java:96)
	at javafx.graphics@18/com.sun.glass.ui.win.WinApplication._runLoop(Native Method)
	at javafx.graphics@18/com.sun.glass.ui.win.WinApplication.lambda$runLoop$3(WinApplication.java:184)
	at java.base/java.lang.Thread.run(Thread.java:833)

13:41:49.069 [JavaFX Application Thread] FATAL FXGLApplication      - Application will now exit
13:41:49.105 [JavaFX Application Thread] DEBUG PrimaryStageWindow   - Push state: ErrorSubScene
13:41:49.106 [JavaFX Application Thread] DEBUG Input                - Clearing active input actions
13:41:49.118 [JavaFX Application Thread] DEBUG GameApplicationServi - Removing overlay from GameScene and adding to ErrorSubScene
13:41:49.119 [JavaFX Application Thread] DEBUG PrimaryStageWindow   - GameScene -> ErrorSubScene
13:41:51.670 [FXGL Background Thread 3 ] DEBUG Engine               - Logging environment variables
13:41:51.670 [FXGL Background Thread 3 ] DEBUG Engine               - achievements: []
13:41:51.671 [FXGL Background Thread 3 ] DEBUG Engine               - actualHeight: 800.0
13:41:51.671 [FXGL Background Thread 3 ] DEBUG Engine               - actualHeightProperty: ReadOnlyDoubleProperty [value: 800.0]
13:41:51.671 [FXGL Background Thread 3 ] DEBUG Engine               - actualWidth: 1200.0
13:41:51.671 [FXGL Background Thread 3 ] DEBUG Engine               - actualWidthProperty: ReadOnlyDoubleProperty [value: 1200.0]
13:41:51.671 [FXGL Background Thread 3 ] DEBUG Engine               - appIcon: fxgl_icon.png
13:41:51.671 [FXGL Background Thread 3 ] DEBUG Engine               - applicationMode: DEVELOPER
13:41:51.671 [FXGL Background Thread 3 ] DEBUG Engine               - cSSList: [fxgl_dark.css]
13:41:51.671 [FXGL Background Thread 3 ] DEBUG Engine               - collisionDetectionStrategy: BRUTE_FORCE
13:41:51.671 [FXGL Background Thread 3 ] DEBUG Engine               - configClass: Optional.empty
13:41:51.671 [FXGL Background Thread 3 ] DEBUG Engine               - credits: []
13:41:51.672 [FXGL Background Thread 3 ] DEBUG Engine               - defaultCursor: CursorInfo(imageName=fxgl_default_cursor.png, hotspotX=7.0, hotspotY=6.0)
13:41:51.672 [FXGL Background Thread 3 ] DEBUG Engine               - devBBoxColorProperty: ObjectProperty [value: 0xff0000ff]
13:41:51.672 [FXGL Background Thread 3 ] DEBUG Engine               - devEnableDebugCameraProperty: BooleanProperty [value: false]
13:41:51.672 [FXGL Background Thread 3 ] DEBUG Engine               - devSensorColorProperty: ObjectProperty [value: 0xffff00ff]
13:41:51.672 [FXGL Background Thread 3 ] DEBUG Engine               - devShowBBoxProperty: BooleanProperty [value: false]
13:41:51.673 [FXGL Background Thread 3 ] DEBUG Engine               - devShowPositionProperty: BooleanProperty [value: false]
13:41:51.673 [FXGL Background Thread 3 ] DEBUG Engine               - enabledMenuItems: []
13:41:51.673 [FXGL Background Thread 3 ] DEBUG Engine               - engineServices: [class com.almasb.fxgl.app.services.FXGLAssetLoaderService, class com.almasb.fxgl.app.FXGLApplication$GameApplicationService, class com.almasb.fxgl.app.services.FXGLDialogService, class com.almasb.fxgl.app.services.IOTaskExecutorService, class com.almasb.fxgl.io.FileSystemService, class com.almasb.fxgl.localization.LocalizationService, class com.almasb.fxgl.app.services.SystemBundleService, class com.almasb.fxgl.profile.SaveLoadService, class com.almasb.fxgl.ui.FXGLUIFactoryServiceProvider, class com.almasb.fxgl.ui.FXGLDialogFactoryServiceProvider, class com.almasb.fxgl.audio.AudioPlayer, class com.almasb.fxgl.notification.impl.NotificationServiceProvider, class com.almasb.fxgl.achievement.AchievementService, class com.almasb.fxgl.cutscene.CutsceneService, class com.almasb.fxgl.minigames.MiniGameService, class com.almasb.fxgl.net.NetService, class com.almasb.fxgl.app.services.UpdaterService, class com.almasb.fxgl.dev.DevService]
13:41:51.673 [FXGL Background Thread 3 ] DEBUG Engine               - fontGame: Abel-Regular.ttf
13:41:51.673 [FXGL Background Thread 3 ] DEBUG Engine               - fontMono: TerminalLandMono-Regular.otf
13:41:51.673 [FXGL Background Thread 3 ] DEBUG Engine               - fontText: Courier-Prime.ttf
13:41:51.673 [FXGL Background Thread 3 ] DEBUG Engine               - fontUI: VarelaRound-Regular.ttf
13:41:51.673 [FXGL Background Thread 3 ] DEBUG Engine               - fullScreen: BooleanProperty [value: false]
13:41:51.673 [FXGL Background Thread 3 ] DEBUG Engine               - gameDifficulty: MEDIUM
13:41:51.673 [FXGL Background Thread 3 ] DEBUG Engine               - gameDifficultyProperty: ObjectProperty [value: MEDIUM]
13:41:51.673 [FXGL Background Thread 3 ] DEBUG Engine               - globalMusicVolume: 0.5
13:41:51.674 [FXGL Background Thread 3 ] DEBUG Engine               - globalMusicVolumeProperty: DoubleProperty [value: 0.5]
13:41:51.674 [FXGL Background Thread 3 ] DEBUG Engine               - globalSoundVolume: 0.5
13:41:51.674 [FXGL Background Thread 3 ] DEBUG Engine               - globalSoundVolumeProperty: DoubleProperty [value: 0.5]
13:41:51.674 [FXGL Background Thread 3 ] DEBUG Engine               - height: 800
13:41:51.674 [FXGL Background Thread 3 ] DEBUG Engine               - is3D: false
13:41:51.674 [FXGL Background Thread 3 ] DEBUG Engine               - isAndroid: false
13:41:51.674 [FXGL Background Thread 3 ] DEBUG Engine               - isBrowser: false
13:41:51.674 [FXGL Background Thread 3 ] DEBUG Engine               - isClickFeedbackEnabled: false
13:41:51.674 [FXGL Background Thread 3 ] DEBUG Engine               - isCloseConfirmation: false
13:41:51.674 [FXGL Background Thread 3 ] DEBUG Engine               - isDesktop: true
13:41:51.674 [FXGL Background Thread 3 ] DEBUG Engine               - isDeveloperMenuEnabled: false
13:41:51.674 [FXGL Background Thread 3 ] DEBUG Engine               - isEmbedded: false
13:41:51.674 [FXGL Background Thread 3 ] DEBUG Engine               - isEntityPreloadEnabled: true
13:41:51.674 [FXGL Background Thread 3 ] DEBUG Engine               - isExperimentalTiledLargeMap: false
13:41:51.674 [FXGL Background Thread 3 ] DEBUG Engine               - isFileSystemWriteAllowed: true
13:41:51.674 [FXGL Background Thread 3 ] DEBUG Engine               - isFullScreenAllowed: false
13:41:51.674 [FXGL Background Thread 3 ] DEBUG Engine               - isFullScreenFromStart: false
13:41:51.674 [FXGL Background Thread 3 ] DEBUG Engine               - isGameMenuEnabled: true
13:41:51.674 [FXGL Background Thread 3 ] DEBUG Engine               - isIOS: false
13:41:51.675 [FXGL Background Thread 3 ] DEBUG Engine               - isIntroEnabled: false
13:41:51.675 [FXGL Background Thread 3 ] DEBUG Engine               - isLinux: false
13:41:51.675 [FXGL Background Thread 3 ] DEBUG Engine               - isMac: false
13:41:51.675 [FXGL Background Thread 3 ] DEBUG Engine               - isMainMenuEnabled: false
13:41:51.675 [FXGL Background Thread 3 ] DEBUG Engine               - isManualResizeEnabled: false
13:41:51.675 [FXGL Background Thread 3 ] DEBUG Engine               - isMobile: false
13:41:51.675 [FXGL Background Thread 3 ] DEBUG Engine               - isNative: false
13:41:51.675 [FXGL Background Thread 3 ] DEBUG Engine               - isPauseMusicWhenMinimized: true
13:41:51.675 [FXGL Background Thread 3 ] DEBUG Engine               - isPreserveResizeRatio: false
13:41:51.675 [FXGL Background Thread 3 ] DEBUG Engine               - isProfilingEnabled: false
13:41:51.675 [FXGL Background Thread 3 ] DEBUG Engine               - isScaleAffectedOnResize: true
13:41:51.675 [FXGL Background Thread 3 ] DEBUG Engine               - isSingleStep: false
13:41:51.675 [FXGL Background Thread 3 ] DEBUG Engine               - isUserProfileEnabled: false
13:41:51.675 [FXGL Background Thread 3 ] DEBUG Engine               - isWindows: true
13:41:51.675 [FXGL Background Thread 3 ] DEBUG Engine               - language: ObjectProperty [value: ENGLISH]
13:41:51.675 [FXGL Background Thread 3 ] DEBUG Engine               - menuKey: ESCAPE
13:41:51.675 [FXGL Background Thread 3 ] DEBUG Engine               - mouseSensitivity: 0.2
13:41:51.675 [FXGL Background Thread 3 ] DEBUG Engine               - notificationViewClass: class com.almasb.fxgl.notification.view.XboxNotificationView
13:41:51.675 [FXGL Background Thread 3 ] DEBUG Engine               - pixelsPerMeter: 50.0
13:41:51.675 [FXGL Background Thread 3 ] DEBUG Engine               - platform: WINDOWS
13:41:51.675 [FXGL Background Thread 3 ] DEBUG Engine               - prefHeightProperty: ReadOnlyDoubleProperty [value: 800.0]
13:41:51.676 [FXGL Background Thread 3 ] DEBUG Engine               - prefWidthProperty: ReadOnlyDoubleProperty [value: 1200.0]
13:41:51.676 [FXGL Background Thread 3 ] DEBUG Engine               - profileDir: profiles/
13:41:51.676 [FXGL Background Thread 3 ] DEBUG Engine               - profileName: StringProperty [value: DEFAULT]
13:41:51.676 [FXGL Background Thread 3 ] DEBUG Engine               - randomSeed: -1
13:41:51.676 [FXGL Background Thread 3 ] DEBUG Engine               - runtimeInfo: RuntimeInfo(platform=WINDOWS, version=17.1, build=24.03.2022 17.34)
13:41:51.676 [FXGL Background Thread 3 ] DEBUG Engine               - saveFileExt: sav
13:41:51.676 [FXGL Background Thread 3 ] DEBUG Engine               - scaledHeightProp$fxgl: DoubleProperty [bound, value: 800.0]
13:41:51.676 [FXGL Background Thread 3 ] DEBUG Engine               - scaledWidthProp$fxgl: DoubleProperty [bound, value: 1200.0]
13:41:51.676 [FXGL Background Thread 3 ] DEBUG Engine               - sceneFactory: com.almasb.fxgl.app.scene.SceneFactory@6ce45418
13:41:51.676 [FXGL Background Thread 3 ] DEBUG Engine               - secondsIn24h: 60
13:41:51.676 [FXGL Background Thread 3 ] DEBUG Engine               - soundMenuBack: menu/back.wav
13:41:51.676 [FXGL Background Thread 3 ] DEBUG Engine               - soundMenuPress: menu/press.wav
13:41:51.676 [FXGL Background Thread 3 ] DEBUG Engine               - soundMenuSelect: menu/select.wav
13:41:51.676 [FXGL Background Thread 3 ] DEBUG Engine               - soundNotification: core/notification.wav
13:41:51.676 [FXGL Background Thread 3 ] DEBUG Engine               - stageStyle: DECORATED
13:41:51.676 [FXGL Background Thread 3 ] DEBUG Engine               - supportedLanguages: [ENGLISH, FRENCH, GERMAN, HUNGARIAN, RUSSIAN]
13:41:51.677 [FXGL Background Thread 3 ] DEBUG Engine               - ticksPerSecond: -1
13:41:51.677 [FXGL Background Thread 3 ] DEBUG Engine               - title: Chess King
13:41:51.677 [FXGL Background Thread 3 ] DEBUG Engine               - urlGithub: https://github.com/AlmasB/FXGL
13:41:51.677 [FXGL Background Thread 3 ] DEBUG Engine               - urlLeaderboard: http://fxgl-top.herokuapp.com/
13:41:51.677 [FXGL Background Thread 3 ] DEBUG Engine               - urlPOM: https://raw.githubusercontent.com/AlmasB/FXGL/release/README.md
13:41:51.677 [FXGL Background Thread 3 ] DEBUG Engine               - userAppClass: class edu.sustech.chessking.ChessKingApp
13:41:51.677 [FXGL Background Thread 3 ] DEBUG Engine               - version: 0.1
13:41:51.677 [FXGL Background Thread 3 ] DEBUG Engine               - versionCheckDays: 7
13:41:51.677 [FXGL Background Thread 3 ] DEBUG Engine               - width: 1200
13:41:51.677 [FXGL Background Thread 3 ] DEBUG Engine               - Logging services
13:41:51.677 [FXGL Background Thread 3 ] DEBUG Engine               - class com.almasb.fxgl.app.services.FXGLAssetLoaderService
13:41:51.677 [FXGL Background Thread 3 ] DEBUG Engine               - class com.almasb.fxgl.app.FXGLApplication$GameApplicationService
13:41:51.677 [FXGL Background Thread 3 ] DEBUG Engine               - class com.almasb.fxgl.app.services.FXGLDialogService
13:41:51.677 [FXGL Background Thread 3 ] DEBUG Engine               - class com.almasb.fxgl.app.services.IOTaskExecutorService
13:41:51.677 [FXGL Background Thread 3 ] DEBUG Engine               - class com.almasb.fxgl.io.FileSystemService
13:41:51.677 [FXGL Background Thread 3 ] DEBUG Engine               - class com.almasb.fxgl.localization.LocalizationService
13:41:51.677 [FXGL Background Thread 3 ] DEBUG Engine               - class com.almasb.fxgl.app.services.SystemBundleService
13:41:51.677 [FXGL Background Thread 3 ] DEBUG Engine               - class com.almasb.fxgl.profile.SaveLoadService
13:41:51.677 [FXGL Background Thread 3 ] DEBUG Engine               - class com.almasb.fxgl.ui.FXGLUIFactoryServiceProvider
13:41:51.677 [FXGL Background Thread 3 ] DEBUG Engine               - class com.almasb.fxgl.ui.FXGLDialogFactoryServiceProvider
13:41:51.677 [FXGL Background Thread 3 ] DEBUG Engine               - class com.almasb.fxgl.audio.AudioPlayer
13:41:51.677 [FXGL Background Thread 3 ] DEBUG Engine               - class com.almasb.fxgl.notification.impl.NotificationServiceProvider
13:41:51.678 [FXGL Background Thread 3 ] DEBUG Engine               - class com.almasb.fxgl.achievement.AchievementService
13:41:51.678 [FXGL Background Thread 3 ] DEBUG Engine               - class com.almasb.fxgl.cutscene.CutsceneService
13:41:51.678 [FXGL Background Thread 3 ] DEBUG Engine               - class com.almasb.fxgl.minigames.MiniGameService
13:41:51.678 [FXGL Background Thread 3 ] DEBUG Engine               - class com.almasb.fxgl.net.NetService
13:41:51.678 [FXGL Background Thread 3 ] DEBUG Engine               - class com.almasb.fxgl.app.services.UpdaterService
13:41:51.678 [FXGL Background Thread 3 ] DEBUG Engine               - class com.almasb.fxgl.dev.DevService
13:42:15.530 [JavaFX Application Thread] DEBUG FXGLApplication      - Exiting FXGL
13:42:15.530 [JavaFX Application Thread] DEBUG Async                - Shutting down background threads
13:42:15.530 [JavaFX Application Thread] DEBUG PrimaryStageWindow   - Closing main window
13:42:15.551 [JavaFX Application Thread] DEBUG Logger               - Closing Logger
