13:50:33.889 [main                     ] DEBUG Logger               - Configured Logger
13:50:33.919 [main                     ] DEBUG GameApplication      - Logging settings
Title: Chess King
Version: 0.1
Width: 1200
Height: 800
Fullscreen: false
Intro: false
Profiling: false
Single step:false
App Mode: DEVELOPER
Menu Key: ESCAPE
Stage Style: DECORATED
Scene Factory: class com.almasb.fxgl.app.scene.SceneFactory

13:50:34.285 [JavaFX Application Thread] DEBUG FXGLApplication      - Initializing FXGL
13:50:34.292 [JavaFX Application Thread] INFO  Engine               - FXGL-17.1 (24.03.2022 17.34) on WINDOWS (J:17.0.1 FX:18)
13:50:34.293 [JavaFX Application Thread] DEBUG Engine               - JRE Vendor Name: Oracle Corporation
13:50:34.294 [JavaFX Application Thread] DEBUG Engine               - Running on OS: Windows 10 version 10.0
13:50:34.294 [JavaFX Application Thread] DEBUG Engine               - Architecture: amd64
13:50:34.294 [JavaFX Application Thread] INFO  Engine               - Source code and latest versions at: https://github.com/AlmasB/FXGL
13:50:34.294 [JavaFX Application Thread] INFO  Engine               -       Ask questions and discuss at: https://github.com/AlmasB/FXGL/discussions
13:50:34.294 [JavaFX Application Thread] INFO  Engine               -              Join the FXGL chat at: https://gitter.im/AlmasB/FXGL
13:50:34.370 [JavaFX Application Thread] DEBUG PrimaryStageWindow   - Creating a JavaFX scene
13:50:34.404 [JavaFX Application Thread] DEBUG PrimaryStageWindow   - Target settings size: 1200.0 x 800.0
13:50:34.405 [JavaFX Application Thread] DEBUG PrimaryStageWindow   - Scaled scene size:    1200.0 x 800.0
13:50:34.405 [JavaFX Application Thread] DEBUG PrimaryStageWindow   - Scaled ratio: (1.0, 1.0)
13:50:34.406 [JavaFX Application Thread] DEBUG PrimaryStageWindow   - Set initial scene to FXGLStartupScene
13:50:34.416 [JavaFX Application Thread] DEBUG PrimaryStageWindow   - Opening main window
13:50:34.579 [JavaFX Application Thread] DEBUG PrimaryStageWindow   - Window border size: (14.4000244140625, 37.5999755859375)
13:50:34.579 [JavaFX Application Thread] DEBUG PrimaryStageWindow   - Scaled size: 1200.0 x 800.0
13:50:34.580 [JavaFX Application Thread] DEBUG PrimaryStageWindow   - Scaled ratio: (1.0, 1.0)
13:50:34.580 [JavaFX Application Thread] DEBUG PrimaryStageWindow   - Scene size: 1200.0 x 800.0
13:50:34.580 [JavaFX Application Thread] DEBUG PrimaryStageWindow   - Stage size: 1214.4000244140625 x 837.5999755859375
13:50:34.591 [FXGL Background Thread 1 ] DEBUG Engine               - Initializing environment variables
13:50:34.654 [FXGL Background Thread 1 ] DEBUG FXGLAssetLoaderServi - User app class for loading assets: class edu.sustech.chessking.ChessKingApp
13:50:34.655 [FXGL Background Thread 1 ] DEBUG GameApplicationServi - Applying CSS: fxgl_dark.css
13:50:34.658 [FXGL Background Thread 1 ] DEBUG FXGLAssetLoaderServi - Loading from file system: jar:file:///C:/Users/19687/.m2/repository/com/github/almasb/fxgl/17.1/fxgl-17.1.jar!/fxglassets/ui/css/fxgl_dark.css
13:50:34.755 [FXGL Background Thread 1 ] DEBUG GameApplicationServi - Initializing application scenes
13:50:34.996 [FXGL Background Thread 1 ] DEBUG GameWorld            - Game world initialized
13:50:35.076 [FXGL Background Thread 1 ] DEBUG PhysicsWorld         - Physics world initialized: appHeight=800, physics.ppm=50.0
13:50:35.077 [FXGL Background Thread 1 ] DEBUG PhysicsWorld         - Using strategy: BRUTE_FORCE
13:50:35.085 [FXGL Background Thread 1 ] DEBUG GameScene            - Game scene initialized: 1200x800
13:50:35.115 [FXGL Background Thread 1 ] DEBUG FXGL.DefaultMenu     - createMenuBodyGameMenu()
13:50:35.136 [FXGL Background Thread 1 ] DEBUG FXGL.DefaultMenu     - createOptionsMenu()
13:50:35.162 [FXGL Background Thread 1 ] DEBUG FXGLAssetLoaderServi - Loading from file system: jar:file:///C:/Users/19687/.m2/repository/com/github/almasb/fxgl/17.1/fxgl-17.1.jar!/fxglassets/textures/particles/smoke.png
13:50:35.284 [FXGL Background Thread 1 ] DEBUG FXGLAssetLoaderServi - Loading from file system: jar:file:///C:/Users/19687/.m2/repository/com/github/almasb/fxgl/17.1/fxgl-17.1.jar!/fxglassets/textures/particles/trace_horizontal.png
13:50:35.324 [FXGL Background Thread 1 ] DEBUG GameApplicationServi - Application scenes initialized
13:50:35.349 [FXGL Background Thread 1 ] DEBUG SystemBundleService  - Loading FXGL system data
13:50:35.368 [FXGL Background Thread 1 ] DEBUG FileSystemAccess     - Reading from: C:\Materials\Coding\ChessKing\system\fxgl.bundle
13:50:35.380 [FXGL Background Thread 1 ] DEBUG SystemBundleService  - Bundle FXGL: {}
13:50:35.380 [FXGL Background Thread 1 ] DEBUG UpdaterService       - Checking for updates
13:50:35.386 [FXGL Background Thread 4 ] DEBUG FXGLApplication      - Loading fonts
13:50:35.386 [FXGL Background Thread 1 ] DEBUG FXGLApplication      - Loading default localization
13:50:35.387 [FXGL Background Thread 4 ] DEBUG FXGLAssetLoaderServi - Loading from file system: jar:file:///C:/Users/19687/.m2/repository/com/github/almasb/fxgl/17.1/fxgl-17.1.jar!/fxglassets/ui/fonts/VarelaRound-Regular.ttf
13:50:35.387 [FXGL Background Thread 1 ] DEBUG FXGLAssetLoaderServi - Loading from file system: jar:file:///C:/Users/19687/.m2/repository/com/github/almasb/fxgl/17.1/fxgl-17.1.jar!/fxglassets/languages/english.lang
13:50:35.410 [FXGL Background Thread 1 ] INFO  FXGLApplication      - FXGL initialization took: 0.818 sec
13:50:35.416 [JavaFX Application Thread] DEBUG FXGLAssetLoaderServi - Loading from file system: jar:file:///C:/Users/19687/.m2/repository/com/github/almasb/fxgl/17.1/fxgl-17.1.jar!/fxglassets/textures/fxgl_icon.png
13:50:35.447 [JavaFX Application Thread] DEBUG FXGLAssetLoaderServi - Loading from file system: jar:file:///C:/Users/19687/.m2/repository/com/github/almasb/fxgl/17.1/fxgl-17.1.jar!/fxglassets/textures/fxgl_default_cursor.png
13:50:35.469 [JavaFX Application Thread] DEBUG Input                - Registered new binding: Screenshot - CTRL+8
13:50:35.471 [JavaFX Application Thread] DEBUG Input                - Registered new binding: System info dump - CTRL+9
13:50:35.472 [JavaFX Application Thread] DEBUG Input                - Registered new binding: Restart - CTRL+R
13:50:35.473 [JavaFX Application Thread] DEBUG Input                - Registered new binding: Toggle Debug Camera - CTRL+7
13:50:35.478 [FXGL Background Thread 4 ] DEBUG FXGLAssetLoaderServi - Loading from file system: jar:file:///C:/Users/19687/.m2/repository/com/github/almasb/fxgl/17.1/fxgl-17.1.jar!/fxglassets/ui/fonts/Abel-Regular.ttf
13:50:35.479 [JavaFX Application Thread] DEBUG LoopRunner           - Starting loop
13:50:35.479 [JavaFX Application Thread] DEBUG LoopRunner           - Initializing JavaFX AnimationTimerLoop
13:50:35.481 [JavaFX Application Thread] DEBUG GameApplicationServi - Starting new game
13:50:35.482 [JavaFX Application Thread] DEBUG Input                - Clearing active input actions
13:50:35.484 [FXGL Background Thread 4 ] DEBUG FXGLAssetLoaderServi - Loading from file system: jar:file:///C:/Users/19687/.m2/repository/com/github/almasb/fxgl/17.1/fxgl-17.1.jar!/fxglassets/ui/fonts/TerminalLandMono-Regular.otf
13:50:35.496 [FXGL Background Thread 4 ] DEBUG FXGLAssetLoaderServi - Loading from file system: jar:file:///C:/Users/19687/.m2/repository/com/github/almasb/fxgl/17.1/fxgl-17.1.jar!/fxglassets/ui/fonts/Courier-Prime.ttf
13:50:35.504 [JavaFX Application Thread] DEBUG GameApplicationServi - Removing overlay from FXGLStartupScene and adding to FXGLLoadingScene
13:50:35.507 [JavaFX Application Thread] DEBUG PrimaryStageWindow   - FXGLStartupScene -> FXGLLoadingScene
13:50:35.507 [JavaFX Application Thread] DEBUG GameApplicationServi - Clearing previous game
13:50:35.509 [JavaFX Application Thread] DEBUG GameScene            - Clearing game scene
13:50:35.509 [JavaFX Application Thread] DEBUG GameWorld            - Clearing game world
13:50:35.509 [JavaFX Application Thread] DEBUG PhysicsWorld         - Clearing physics world
13:50:35.513 [FXGL Background Thread 4 ] DEBUG FXGLApplication      - Initializing game
13:50:35.599 [JavaFX Application Thread] DEBUG FXGLApplication      - Registering font factories with UI factory
13:50:35.615 [FXGL Background Thread 4 ] DEBUG FXGLAssetLoaderServi - Loading from file system: file:/C:/Materials/Coding/ChessKing/target/classes/assets/textures/default%20pawn-white.png
13:50:35.622 [FXGL Background Thread 4 ] DEBUG FXGLAssetLoaderServi - Loading from file system: file:/C:/Materials/Coding/ChessKing/target/classes/assets/textures/default%20pawn-black.png
13:50:35.644 [FXGL Background Thread 4 ] DEBUG FXGLAssetLoaderServi - Loading from file system: file:/C:/Materials/Coding/ChessKing/target/classes/assets/textures/default%20rook-white.png
13:50:35.664 [FXGL Background Thread 4 ] DEBUG FXGLAssetLoaderServi - Loading from file system: file:/C:/Materials/Coding/ChessKing/target/classes/assets/textures/default%20rook-black.png
13:50:35.672 [FXGL Background Thread 4 ] DEBUG FXGLAssetLoaderServi - Loading from file system: file:/C:/Materials/Coding/ChessKing/target/classes/assets/textures/default%20knight-white.png
13:50:35.680 [FXGL Background Thread 4 ] DEBUG FXGLAssetLoaderServi - Loading from file system: file:/C:/Materials/Coding/ChessKing/target/classes/assets/textures/default%20knight-black.png
13:50:35.693 [FXGL Background Thread 4 ] DEBUG FXGLAssetLoaderServi - Loading from file system: file:/C:/Materials/Coding/ChessKing/target/classes/assets/textures/default%20bishop-white.png
13:50:35.701 [FXGL Background Thread 4 ] DEBUG FXGLAssetLoaderServi - Loading from file system: file:/C:/Materials/Coding/ChessKing/target/classes/assets/textures/default%20bishop-black.png
13:50:35.707 [FXGL Background Thread 4 ] DEBUG FXGLAssetLoaderServi - Loading from file system: file:/C:/Materials/Coding/ChessKing/target/classes/assets/textures/default%20queen-white.png
13:50:35.713 [FXGL Background Thread 4 ] DEBUG FXGLAssetLoaderServi - Loading from file system: file:/C:/Materials/Coding/ChessKing/target/classes/assets/textures/default%20king-white.png
13:50:35.715 [FXGL Background Thread 4 ] DEBUG FXGLAssetLoaderServi - Loading from file system: file:/C:/Materials/Coding/ChessKing/target/classes/assets/textures/default%20queen-black.png
13:50:35.717 [FXGL Background Thread 4 ] DEBUG FXGLAssetLoaderServi - Loading from file system: file:/C:/Materials/Coding/ChessKing/target/classes/assets/textures/default%20king-black.png
13:50:35.720 [FXGL Background Thread 4 ] INFO  FXGLApplication      - Game initialization took: 0.207 sec
13:50:35.737 [FXGL Background Thread 2 ] WARN  UpdaterService       - Failed to find updates: java.net.UnknownHostException: raw.githubusercontent.com
13:50:35.748 [JavaFX Application Thread] DEBUG Input                - Clearing active input actions
13:50:35.766 [JavaFX Application Thread] DEBUG GameApplicationServi - Removing overlay from FXGLLoadingScene and adding to GameScene
13:50:35.767 [JavaFX Application Thread] DEBUG PrimaryStageWindow   - FXGLLoadingScene -> GameScene
13:50:38.385 [FXGL Background Thread 3 ] DEBUG Engine               - Logging environment variables
13:50:38.385 [FXGL Background Thread 3 ] DEBUG Engine               - achievements: []
13:50:38.385 [FXGL Background Thread 3 ] DEBUG Engine               - actualHeight: 800.0
13:50:38.385 [FXGL Background Thread 3 ] DEBUG Engine               - actualHeightProperty: ReadOnlyDoubleProperty [value: 800.0]
13:50:38.386 [FXGL Background Thread 3 ] DEBUG Engine               - actualWidth: 1200.0
13:50:38.386 [FXGL Background Thread 3 ] DEBUG Engine               - actualWidthProperty: ReadOnlyDoubleProperty [value: 1200.0]
13:50:38.386 [FXGL Background Thread 3 ] DEBUG Engine               - appIcon: fxgl_icon.png
13:50:38.386 [FXGL Background Thread 3 ] DEBUG Engine               - applicationMode: DEVELOPER
13:50:38.386 [FXGL Background Thread 3 ] DEBUG Engine               - cSSList: [fxgl_dark.css]
13:50:38.386 [FXGL Background Thread 3 ] DEBUG Engine               - collisionDetectionStrategy: BRUTE_FORCE
13:50:38.386 [FXGL Background Thread 3 ] DEBUG Engine               - configClass: Optional.empty
13:50:38.386 [FXGL Background Thread 3 ] DEBUG Engine               - credits: []
13:50:38.387 [FXGL Background Thread 3 ] DEBUG Engine               - defaultCursor: CursorInfo(imageName=fxgl_default_cursor.png, hotspotX=7.0, hotspotY=6.0)
13:50:38.387 [FXGL Background Thread 3 ] DEBUG Engine               - devBBoxColorProperty: ObjectProperty [value: 0xff0000ff]
13:50:38.387 [FXGL Background Thread 3 ] DEBUG Engine               - devEnableDebugCameraProperty: BooleanProperty [value: false]
13:50:38.388 [FXGL Background Thread 3 ] DEBUG Engine               - devSensorColorProperty: ObjectProperty [value: 0xffff00ff]
13:50:38.388 [FXGL Background Thread 3 ] DEBUG Engine               - devShowBBoxProperty: BooleanProperty [value: false]
13:50:38.388 [FXGL Background Thread 3 ] DEBUG Engine               - devShowPositionProperty: BooleanProperty [value: false]
13:50:38.388 [FXGL Background Thread 3 ] DEBUG Engine               - enabledMenuItems: []
13:50:38.388 [FXGL Background Thread 3 ] DEBUG Engine               - engineServices: [class com.almasb.fxgl.app.services.FXGLAssetLoaderService, class com.almasb.fxgl.app.FXGLApplication$GameApplicationService, class com.almasb.fxgl.app.services.FXGLDialogService, class com.almasb.fxgl.app.services.IOTaskExecutorService, class com.almasb.fxgl.io.FileSystemService, class com.almasb.fxgl.localization.LocalizationService, class com.almasb.fxgl.app.services.SystemBundleService, class com.almasb.fxgl.profile.SaveLoadService, class com.almasb.fxgl.ui.FXGLUIFactoryServiceProvider, class com.almasb.fxgl.ui.FXGLDialogFactoryServiceProvider, class com.almasb.fxgl.audio.AudioPlayer, class com.almasb.fxgl.notification.impl.NotificationServiceProvider, class com.almasb.fxgl.achievement.AchievementService, class com.almasb.fxgl.cutscene.CutsceneService, class com.almasb.fxgl.minigames.MiniGameService, class com.almasb.fxgl.net.NetService, class com.almasb.fxgl.app.services.UpdaterService, class com.almasb.fxgl.dev.DevService]
13:50:38.388 [FXGL Background Thread 3 ] DEBUG Engine               - fontGame: Abel-Regular.ttf
13:50:38.388 [FXGL Background Thread 3 ] DEBUG Engine               - fontMono: TerminalLandMono-Regular.otf
13:50:38.389 [FXGL Background Thread 3 ] DEBUG Engine               - fontText: Courier-Prime.ttf
13:50:38.389 [FXGL Background Thread 3 ] DEBUG Engine               - fontUI: VarelaRound-Regular.ttf
13:50:38.389 [FXGL Background Thread 3 ] DEBUG Engine               - fullScreen: BooleanProperty [value: false]
13:50:38.389 [FXGL Background Thread 3 ] DEBUG Engine               - gameDifficulty: MEDIUM
13:50:38.389 [FXGL Background Thread 3 ] DEBUG Engine               - gameDifficultyProperty: ObjectProperty [value: MEDIUM]
13:50:38.389 [FXGL Background Thread 3 ] DEBUG Engine               - globalMusicVolume: 0.5
13:50:38.389 [FXGL Background Thread 3 ] DEBUG Engine               - globalMusicVolumeProperty: DoubleProperty [value: 0.5]
13:50:38.390 [FXGL Background Thread 3 ] DEBUG Engine               - globalSoundVolume: 0.5
13:50:38.390 [FXGL Background Thread 3 ] DEBUG Engine               - globalSoundVolumeProperty: DoubleProperty [value: 0.5]
13:50:38.390 [FXGL Background Thread 3 ] DEBUG Engine               - height: 800
13:50:38.390 [FXGL Background Thread 3 ] DEBUG Engine               - is3D: false
13:50:38.390 [FXGL Background Thread 3 ] DEBUG Engine               - isAndroid: false
13:50:38.390 [FXGL Background Thread 3 ] DEBUG Engine               - isBrowser: false
13:50:38.390 [FXGL Background Thread 3 ] DEBUG Engine               - isClickFeedbackEnabled: false
13:50:38.390 [FXGL Background Thread 3 ] DEBUG Engine               - isCloseConfirmation: false
13:50:38.390 [FXGL Background Thread 3 ] DEBUG Engine               - isDesktop: true
13:50:38.390 [FXGL Background Thread 3 ] DEBUG Engine               - isDeveloperMenuEnabled: false
13:50:38.390 [FXGL Background Thread 3 ] DEBUG Engine               - isEmbedded: false
13:50:38.390 [FXGL Background Thread 3 ] DEBUG Engine               - isEntityPreloadEnabled: true
13:50:38.390 [FXGL Background Thread 3 ] DEBUG Engine               - isExperimentalTiledLargeMap: false
13:50:38.390 [FXGL Background Thread 3 ] DEBUG Engine               - isFileSystemWriteAllowed: true
13:50:38.391 [FXGL Background Thread 3 ] DEBUG Engine               - isFullScreenAllowed: false
13:50:38.391 [FXGL Background Thread 3 ] DEBUG Engine               - isFullScreenFromStart: false
13:50:38.391 [FXGL Background Thread 3 ] DEBUG Engine               - isGameMenuEnabled: true
13:50:38.391 [FXGL Background Thread 3 ] DEBUG Engine               - isIOS: false
13:50:38.391 [FXGL Background Thread 3 ] DEBUG Engine               - isIntroEnabled: false
13:50:38.391 [FXGL Background Thread 3 ] DEBUG Engine               - isLinux: false
13:50:38.392 [FXGL Background Thread 3 ] DEBUG Engine               - isMac: false
13:50:38.392 [FXGL Background Thread 3 ] DEBUG Engine               - isMainMenuEnabled: false
13:50:38.392 [FXGL Background Thread 3 ] DEBUG Engine               - isManualResizeEnabled: false
13:50:38.392 [FXGL Background Thread 3 ] DEBUG Engine               - isMobile: false
13:50:38.392 [FXGL Background Thread 3 ] DEBUG Engine               - isNative: false
13:50:38.392 [FXGL Background Thread 3 ] DEBUG Engine               - isPauseMusicWhenMinimized: true
13:50:38.392 [FXGL Background Thread 3 ] DEBUG Engine               - isPreserveResizeRatio: false
13:50:38.392 [FXGL Background Thread 3 ] DEBUG Engine               - isProfilingEnabled: false
13:50:38.392 [FXGL Background Thread 3 ] DEBUG Engine               - isScaleAffectedOnResize: true
13:50:38.392 [FXGL Background Thread 3 ] DEBUG Engine               - isSingleStep: false
13:50:38.392 [FXGL Background Thread 3 ] DEBUG Engine               - isUserProfileEnabled: false
13:50:38.392 [FXGL Background Thread 3 ] DEBUG Engine               - isWindows: true
13:50:38.392 [FXGL Background Thread 3 ] DEBUG Engine               - language: ObjectProperty [value: ENGLISH]
13:50:38.392 [FXGL Background Thread 3 ] DEBUG Engine               - menuKey: ESCAPE
13:50:38.392 [FXGL Background Thread 3 ] DEBUG Engine               - mouseSensitivity: 0.2
13:50:38.393 [FXGL Background Thread 3 ] DEBUG Engine               - notificationViewClass: class com.almasb.fxgl.notification.view.XboxNotificationView
13:50:38.393 [FXGL Background Thread 3 ] DEBUG Engine               - pixelsPerMeter: 50.0
13:50:38.393 [FXGL Background Thread 3 ] DEBUG Engine               - platform: WINDOWS
13:50:38.393 [FXGL Background Thread 3 ] DEBUG Engine               - prefHeightProperty: ReadOnlyDoubleProperty [value: 800.0]
13:50:38.393 [FXGL Background Thread 3 ] DEBUG Engine               - prefWidthProperty: ReadOnlyDoubleProperty [value: 1200.0]
13:50:38.393 [FXGL Background Thread 3 ] DEBUG Engine               - profileDir: profiles/
13:50:38.393 [FXGL Background Thread 3 ] DEBUG Engine               - profileName: StringProperty [value: DEFAULT]
13:50:38.393 [FXGL Background Thread 3 ] DEBUG Engine               - randomSeed: -1
13:50:38.393 [FXGL Background Thread 3 ] DEBUG Engine               - runtimeInfo: RuntimeInfo(platform=WINDOWS, version=17.1, build=24.03.2022 17.34)
13:50:38.393 [FXGL Background Thread 3 ] DEBUG Engine               - saveFileExt: sav
13:50:38.393 [FXGL Background Thread 3 ] DEBUG Engine               - scaledHeightProp$fxgl: DoubleProperty [bound, value: 800.0]
13:50:38.393 [FXGL Background Thread 3 ] DEBUG Engine               - scaledWidthProp$fxgl: DoubleProperty [bound, value: 1200.0]
13:50:38.393 [FXGL Background Thread 3 ] DEBUG Engine               - sceneFactory: com.almasb.fxgl.app.scene.SceneFactory@1cce5aa3
13:50:38.393 [FXGL Background Thread 3 ] DEBUG Engine               - secondsIn24h: 60
13:50:38.393 [FXGL Background Thread 3 ] DEBUG Engine               - soundMenuBack: menu/back.wav
13:50:38.394 [FXGL Background Thread 3 ] DEBUG Engine               - soundMenuPress: menu/press.wav
13:50:38.394 [FXGL Background Thread 3 ] DEBUG Engine               - soundMenuSelect: menu/select.wav
13:50:38.394 [FXGL Background Thread 3 ] DEBUG Engine               - soundNotification: core/notification.wav
13:50:38.394 [FXGL Background Thread 3 ] DEBUG Engine               - stageStyle: DECORATED
13:50:38.394 [FXGL Background Thread 3 ] DEBUG Engine               - supportedLanguages: [ENGLISH, FRENCH, GERMAN, HUNGARIAN, RUSSIAN]
13:50:38.394 [FXGL Background Thread 3 ] DEBUG Engine               - ticksPerSecond: -1
13:50:38.394 [FXGL Background Thread 3 ] DEBUG Engine               - title: Chess King
13:50:38.394 [FXGL Background Thread 3 ] DEBUG Engine               - urlGithub: https://github.com/AlmasB/FXGL
13:50:38.394 [FXGL Background Thread 3 ] DEBUG Engine               - urlLeaderboard: http://fxgl-top.herokuapp.com/
13:50:38.394 [FXGL Background Thread 3 ] DEBUG Engine               - urlPOM: https://raw.githubusercontent.com/AlmasB/FXGL/release/README.md
13:50:38.394 [FXGL Background Thread 3 ] DEBUG Engine               - userAppClass: class edu.sustech.chessking.ChessKingApp
13:50:38.394 [FXGL Background Thread 3 ] DEBUG Engine               - version: 0.1
13:50:38.394 [FXGL Background Thread 3 ] DEBUG Engine               - versionCheckDays: 7
13:50:38.394 [FXGL Background Thread 3 ] DEBUG Engine               - width: 1200
13:50:38.394 [FXGL Background Thread 3 ] DEBUG Engine               - Logging services
13:50:38.394 [FXGL Background Thread 3 ] DEBUG Engine               - class com.almasb.fxgl.app.services.FXGLAssetLoaderService
13:50:38.394 [FXGL Background Thread 3 ] DEBUG Engine               - class com.almasb.fxgl.app.FXGLApplication$GameApplicationService
13:50:38.394 [FXGL Background Thread 3 ] DEBUG Engine               - class com.almasb.fxgl.app.services.FXGLDialogService
13:50:38.394 [FXGL Background Thread 3 ] DEBUG Engine               - class com.almasb.fxgl.app.services.IOTaskExecutorService
13:50:38.394 [FXGL Background Thread 3 ] DEBUG Engine               - class com.almasb.fxgl.io.FileSystemService
13:50:38.395 [FXGL Background Thread 3 ] DEBUG Engine               - class com.almasb.fxgl.localization.LocalizationService
13:50:38.395 [FXGL Background Thread 3 ] DEBUG Engine               - class com.almasb.fxgl.app.services.SystemBundleService
13:50:38.395 [FXGL Background Thread 3 ] DEBUG Engine               - class com.almasb.fxgl.profile.SaveLoadService
13:50:38.395 [FXGL Background Thread 3 ] DEBUG Engine               - class com.almasb.fxgl.ui.FXGLUIFactoryServiceProvider
13:50:38.395 [FXGL Background Thread 3 ] DEBUG Engine               - class com.almasb.fxgl.ui.FXGLDialogFactoryServiceProvider
13:50:38.395 [FXGL Background Thread 3 ] DEBUG Engine               - class com.almasb.fxgl.audio.AudioPlayer
13:50:38.395 [FXGL Background Thread 3 ] DEBUG Engine               - class com.almasb.fxgl.notification.impl.NotificationServiceProvider
13:50:38.395 [FXGL Background Thread 3 ] DEBUG Engine               - class com.almasb.fxgl.achievement.AchievementService
13:50:38.395 [FXGL Background Thread 3 ] DEBUG Engine               - class com.almasb.fxgl.cutscene.CutsceneService
13:50:38.395 [FXGL Background Thread 3 ] DEBUG Engine               - class com.almasb.fxgl.minigames.MiniGameService
13:50:38.395 [FXGL Background Thread 3 ] DEBUG Engine               - class com.almasb.fxgl.net.NetService
13:50:38.395 [FXGL Background Thread 3 ] DEBUG Engine               - class com.almasb.fxgl.app.services.UpdaterService
13:50:38.395 [FXGL Background Thread 3 ] DEBUG Engine               - class com.almasb.fxgl.dev.DevService
13:50:42.982 [JavaFX Application Thread] DEBUG FXGLApplication      - Exiting FXGL
13:50:42.983 [JavaFX Application Thread] DEBUG LoopRunner           - Stopping loop
13:50:42.983 [JavaFX Application Thread] DEBUG SystemBundleService  - Saving FXGL system data
13:50:42.984 [JavaFX Application Thread] DEBUG FileSystemAccess     - Writing to: C:\Materials\Coding\ChessKing\system\fxgl.bundle
13:50:42.985 [JavaFX Application Thread] DEBUG Async                - Shutting down background threads
13:50:42.986 [JavaFX Application Thread] DEBUG PrimaryStageWindow   - Closing main window
13:50:43.005 [JavaFX Application Thread] DEBUG Logger               - Closing Logger
