23:22:36.196 [main                     ] DEBUG Logger               - Configured Logger
23:22:36.215 [main                     ] DEBUG GameApplication      - Logging settings
Title: Untitled
Version: 0.0
Width: 800
Height: 600
Fullscreen: false
Intro: false
Profiling: false
Single step:false
App Mode: DEVELOPER
Menu Key: ESCAPE
Stage Style: DECORATED
Scene Factory: class com.almasb.fxgl.app.scene.SceneFactory

23:22:36.468 [JavaFX Application Thread] DEBUG FXGLApplication      - Initializing FXGL
23:22:36.471 [JavaFX Application Thread] INFO  Engine               - FXGL-17.1 (24.03.2022 17.34) on WINDOWS (J:17.0.1 FX:18)
23:22:36.471 [JavaFX Application Thread] DEBUG Engine               - JRE Vendor Name: Oracle Corporation
23:22:36.472 [JavaFX Application Thread] DEBUG Engine               - Running on OS: Windows 10 version 10.0
23:22:36.472 [JavaFX Application Thread] DEBUG Engine               - Architecture: amd64
23:22:36.472 [JavaFX Application Thread] INFO  Engine               - Source code and latest versions at: https://github.com/AlmasB/FXGL
23:22:36.472 [JavaFX Application Thread] INFO  Engine               -       Ask questions and discuss at: https://github.com/AlmasB/FXGL/discussions
23:22:36.472 [JavaFX Application Thread] INFO  Engine               -              Join the FXGL chat at: https://gitter.im/AlmasB/FXGL
23:22:36.542 [JavaFX Application Thread] DEBUG PrimaryStageWindow   - Creating a JavaFX scene
23:22:36.571 [JavaFX Application Thread] DEBUG PrimaryStageWindow   - Target settings size: 800.0 x 600.0
23:22:36.571 [JavaFX Application Thread] DEBUG PrimaryStageWindow   - Scaled scene size:    800.0 x 600.0
23:22:36.571 [JavaFX Application Thread] DEBUG PrimaryStageWindow   - Scaled ratio: (1.0, 1.0)
23:22:36.572 [JavaFX Application Thread] DEBUG PrimaryStageWindow   - Set initial scene to FXGLStartupScene
23:22:36.577 [JavaFX Application Thread] DEBUG PrimaryStageWindow   - Opening main window
23:22:36.685 [JavaFX Application Thread] DEBUG PrimaryStageWindow   - Window border size: (14.4000244140625, 37.5999755859375)
23:22:36.685 [JavaFX Application Thread] DEBUG PrimaryStageWindow   - Scaled size: 800.0 x 600.0
23:22:36.686 [JavaFX Application Thread] DEBUG PrimaryStageWindow   - Scaled ratio: (1.0, 1.0)
23:22:36.686 [JavaFX Application Thread] DEBUG PrimaryStageWindow   - Scene size: 800.0 x 600.0
23:22:36.687 [JavaFX Application Thread] DEBUG PrimaryStageWindow   - Stage size: 814.4000244140625 x 637.5999755859375
23:22:36.695 [FXGL Background Thread 1 ] DEBUG Engine               - Initializing environment variables
23:22:36.734 [FXGL Background Thread 1 ] DEBUG FXGLAssetLoaderServi - User app class for loading assets: class edu.sustech.chessking.ChessKingApp
23:22:36.735 [FXGL Background Thread 1 ] DEBUG GameApplicationServi - Applying CSS: fxgl_dark.css
23:22:36.736 [FXGL Background Thread 1 ] DEBUG FXGLAssetLoaderServi - Loading from file system: jar:file:/C:/Users/19687/.m2/repository/com/github/almasb/fxgl/17.1/fxgl-17.1.jar!/fxglassets/ui/css/fxgl_dark.css
23:22:36.781 [FXGL Background Thread 1 ] DEBUG GameApplicationServi - Initializing application scenes
23:22:36.906 [FXGL Background Thread 1 ] DEBUG GameWorld            - Game world initialized
23:22:36.949 [FXGL Background Thread 1 ] DEBUG PhysicsWorld         - Physics world initialized: appHeight=600, physics.ppm=50.0
23:22:36.949 [FXGL Background Thread 1 ] DEBUG PhysicsWorld         - Using strategy: BRUTE_FORCE
23:22:36.952 [FXGL Background Thread 1 ] DEBUG GameScene            - Game scene initialized: 800x600
23:22:36.961 [FXGL Background Thread 1 ] DEBUG FXGL.DefaultMenu     - createMenuBodyGameMenu()
23:22:36.980 [FXGL Background Thread 1 ] DEBUG FXGL.DefaultMenu     - createOptionsMenu()
23:22:36.987 [FXGL Background Thread 1 ] DEBUG FXGLAssetLoaderServi - Loading from file system: jar:file:/C:/Users/19687/.m2/repository/com/github/almasb/fxgl/17.1/fxgl-17.1.jar!/fxglassets/textures/particles/smoke.png
23:22:37.048 [FXGL Background Thread 1 ] DEBUG FXGLAssetLoaderServi - Loading from file system: jar:file:/C:/Users/19687/.m2/repository/com/github/almasb/fxgl/17.1/fxgl-17.1.jar!/fxglassets/textures/particles/trace_horizontal.png
23:22:37.069 [FXGL Background Thread 1 ] DEBUG GameApplicationServi - Application scenes initialized
23:22:37.082 [FXGL Background Thread 1 ] DEBUG SystemBundleService  - Loading default FXGL system data
23:22:37.082 [FXGL Background Thread 1 ] DEBUG UpdaterService       - Checking for updates
23:22:37.084 [FXGL Background Thread 4 ] DEBUG FXGLApplication      - Loading fonts
23:22:37.085 [FXGL Background Thread 1 ] DEBUG FXGLApplication      - Loading default localization
23:22:37.085 [FXGL Background Thread 4 ] DEBUG FXGLAssetLoaderServi - Loading from file system: jar:file:/C:/Users/19687/.m2/repository/com/github/almasb/fxgl/17.1/fxgl-17.1.jar!/fxglassets/ui/fonts/VarelaRound-Regular.ttf
23:22:37.085 [FXGL Background Thread 1 ] DEBUG FXGLAssetLoaderServi - Loading from file system: jar:file:/C:/Users/19687/.m2/repository/com/github/almasb/fxgl/17.1/fxgl-17.1.jar!/fxglassets/languages/english.lang
23:22:37.098 [FXGL Background Thread 1 ] INFO  FXGLApplication      - FXGL initialization took: 0.403 sec
23:22:37.099 [JavaFX Application Thread] DEBUG FXGLAssetLoaderServi - Loading from file system: jar:file:/C:/Users/19687/.m2/repository/com/github/almasb/fxgl/17.1/fxgl-17.1.jar!/fxglassets/textures/fxgl_icon.png
23:22:37.116 [JavaFX Application Thread] DEBUG FXGLAssetLoaderServi - Loading from file system: jar:file:/C:/Users/19687/.m2/repository/com/github/almasb/fxgl/17.1/fxgl-17.1.jar!/fxglassets/textures/fxgl_default_cursor.png
23:22:37.128 [JavaFX Application Thread] DEBUG Input                - Registered new binding: Screenshot - CTRL+8
23:22:37.129 [JavaFX Application Thread] DEBUG Input                - Registered new binding: System info dump - CTRL+9
23:22:37.130 [JavaFX Application Thread] DEBUG Input                - Registered new binding: Restart - CTRL+R
23:22:37.131 [JavaFX Application Thread] DEBUG Input                - Registered new binding: Toggle Debug Camera - CTRL+7
23:22:37.134 [JavaFX Application Thread] DEBUG LoopRunner           - Starting loop
23:22:37.134 [JavaFX Application Thread] DEBUG LoopRunner           - Initializing JavaFX AnimationTimerLoop
23:22:37.137 [JavaFX Application Thread] DEBUG GameApplicationServi - Starting new game
23:22:37.138 [JavaFX Application Thread] DEBUG Input                - Clearing active input actions
23:22:37.138 [FXGL Background Thread 4 ] DEBUG FXGLAssetLoaderServi - Loading from file system: jar:file:/C:/Users/19687/.m2/repository/com/github/almasb/fxgl/17.1/fxgl-17.1.jar!/fxglassets/ui/fonts/Abel-Regular.ttf
23:22:37.143 [FXGL Background Thread 4 ] DEBUG FXGLAssetLoaderServi - Loading from file system: jar:file:/C:/Users/19687/.m2/repository/com/github/almasb/fxgl/17.1/fxgl-17.1.jar!/fxglassets/ui/fonts/TerminalLandMono-Regular.otf
23:22:37.147 [FXGL Background Thread 4 ] DEBUG FXGLAssetLoaderServi - Loading from file system: jar:file:/C:/Users/19687/.m2/repository/com/github/almasb/fxgl/17.1/fxgl-17.1.jar!/fxglassets/ui/fonts/Courier-Prime.ttf
23:22:37.151 [JavaFX Application Thread] DEBUG GameApplicationServi - Removing overlay from FXGLStartupScene and adding to FXGLLoadingScene
23:22:37.152 [JavaFX Application Thread] DEBUG PrimaryStageWindow   - FXGLStartupScene -> FXGLLoadingScene
23:22:37.152 [JavaFX Application Thread] DEBUG GameApplicationServi - Clearing previous game
23:22:37.152 [JavaFX Application Thread] DEBUG GameScene            - Clearing game scene
23:22:37.153 [JavaFX Application Thread] DEBUG GameWorld            - Clearing game world
23:22:37.154 [JavaFX Application Thread] DEBUG PhysicsWorld         - Clearing physics world
23:22:37.155 [FXGL Background Thread 1 ] DEBUG FXGLApplication      - Initializing game
23:22:37.156 [FXGL Background Thread 1 ] INFO  FXGLApplication      - Game initialization took: 0.001 sec
23:22:37.195 [JavaFX Application Thread] DEBUG FXGLApplication      - Registering font factories with UI factory
23:22:37.199 [JavaFX Application Thread] DEBUG Input                - Clearing active input actions
23:22:37.205 [JavaFX Application Thread] DEBUG GameApplicationServi - Removing overlay from FXGLLoadingScene and adding to GameScene
23:22:37.205 [JavaFX Application Thread] DEBUG PrimaryStageWindow   - FXGLLoadingScene -> GameScene
23:22:37.276 [FXGL Background Thread 2 ] WARN  UpdaterService       - Failed to find updates: java.net.UnknownHostException: raw.githubusercontent.com
23:22:39.142 [JavaFX Application Thread] DEBUG FXGLApplication      - Exiting FXGL
23:22:39.142 [JavaFX Application Thread] DEBUG LoopRunner           - Stopping loop
23:22:39.143 [JavaFX Application Thread] DEBUG SystemBundleService  - Saving FXGL system data
23:22:39.144 [JavaFX Application Thread] DEBUG FileSystemAccess     - Writing to: C:\Materials\Coding\ChessKing\system\fxgl.bundle
23:22:39.148 [JavaFX Application Thread] DEBUG Async                - Shutting down background threads
23:22:39.148 [JavaFX Application Thread] DEBUG PrimaryStageWindow   - Closing main window
23:22:39.160 [JavaFX Application Thread] DEBUG Logger               - Closing Logger
