12:46:31.735 [main                     ] DEBUG Logger               - Configured Logger
12:46:31.786 [main                     ] DEBUG GameApplication      - Logging settings
Title: Untitled
Version: 0.0
Width: 800
Height: 600
Fullscreen: false
Intro: false
Profiling: false
Single step:false
App Mode: DEVELOPER
Menu Key: ESCAPE
Stage Style: DECORATED
Scene Factory: class com.almasb.fxgl.app.scene.SceneFactory

12:46:32.122 [JavaFX Application Thread] DEBUG FXGLApplication      - Initializing FXGL
12:46:32.129 [JavaFX Application Thread] INFO  Engine               - FXGL-17.1 (24.03.2022 17.34) on WINDOWS (J:17.0.1 FX:18)
12:46:32.131 [JavaFX Application Thread] DEBUG Engine               - JRE Vendor Name: Oracle Corporation
12:46:32.131 [JavaFX Application Thread] DEBUG Engine               - Running on OS: Windows 10 version 10.0
12:46:32.132 [JavaFX Application Thread] DEBUG Engine               - Architecture: amd64
12:46:32.132 [JavaFX Application Thread] INFO  Engine               - Source code and latest versions at: https://github.com/AlmasB/FXGL
12:46:32.132 [JavaFX Application Thread] INFO  Engine               -       Ask questions and discuss at: https://github.com/AlmasB/FXGL/discussions
12:46:32.132 [JavaFX Application Thread] INFO  Engine               -              Join the FXGL chat at: https://gitter.im/AlmasB/FXGL
12:46:32.270 [JavaFX Application Thread] DEBUG PrimaryStageWindow   - Creating a JavaFX scene
12:46:32.360 [JavaFX Application Thread] DEBUG PrimaryStageWindow   - Target settings size: 800.0 x 600.0
12:46:32.362 [JavaFX Application Thread] DEBUG PrimaryStageWindow   - Scaled scene size:    800.0 x 600.0
12:46:32.363 [JavaFX Application Thread] DEBUG PrimaryStageWindow   - Scaled ratio: (1.0, 1.0)
12:46:32.366 [JavaFX Application Thread] DEBUG PrimaryStageWindow   - Set initial scene to FXGLStartupScene
12:46:32.378 [JavaFX Application Thread] DEBUG PrimaryStageWindow   - Opening main window
12:46:32.706 [JavaFX Application Thread] DEBUG PrimaryStageWindow   - Window border size: (14.4000244140625, 37.5999755859375)
12:46:32.708 [JavaFX Application Thread] DEBUG PrimaryStageWindow   - Scaled size: 800.0 x 600.0
12:46:32.709 [JavaFX Application Thread] DEBUG PrimaryStageWindow   - Scaled ratio: (1.0, 1.0)
12:46:32.709 [JavaFX Application Thread] DEBUG PrimaryStageWindow   - Scene size: 800.0 x 600.0
12:46:32.710 [JavaFX Application Thread] DEBUG PrimaryStageWindow   - Stage size: 814.4000244140625 x 637.5999755859375
12:46:32.734 [FXGL Background Thread 1 ] DEBUG Engine               - Initializing environment variables
12:46:32.805 [FXGL Background Thread 1 ] DEBUG FXGLAssetLoaderServi - User app class for loading assets: class edu.sustech.chessking.gameLogic.GameLogicTestApp
12:46:32.806 [FXGL Background Thread 1 ] DEBUG GameApplicationServi - Applying CSS: fxgl_dark.css
12:46:32.810 [FXGL Background Thread 1 ] DEBUG FXGLAssetLoaderServi - Loading from file system: jar:file:///C:/Users/19687/.m2/repository/com/github/almasb/fxgl/17.1/fxgl-17.1.jar!/fxglassets/ui/css/fxgl_dark.css
12:46:32.890 [FXGL Background Thread 1 ] DEBUG GameApplicationServi - Initializing application scenes
12:46:33.189 [FXGL Background Thread 1 ] DEBUG GameWorld            - Game world initialized
12:46:33.282 [FXGL Background Thread 1 ] DEBUG PhysicsWorld         - Physics world initialized: appHeight=600, physics.ppm=50.0
12:46:33.284 [FXGL Background Thread 1 ] DEBUG PhysicsWorld         - Using strategy: BRUTE_FORCE
12:46:33.296 [FXGL Background Thread 1 ] DEBUG GameScene            - Game scene initialized: 800x600
12:46:33.320 [FXGL Background Thread 1 ] DEBUG FXGL.DefaultMenu     - createMenuBodyGameMenu()
12:46:33.343 [FXGL Background Thread 1 ] DEBUG FXGL.DefaultMenu     - createOptionsMenu()
12:46:33.358 [FXGL Background Thread 1 ] DEBUG FXGLAssetLoaderServi - Loading from file system: jar:file:///C:/Users/19687/.m2/repository/com/github/almasb/fxgl/17.1/fxgl-17.1.jar!/fxglassets/textures/particles/smoke.png
12:46:33.466 [FXGL Background Thread 1 ] DEBUG FXGLAssetLoaderServi - Loading from file system: jar:file:///C:/Users/19687/.m2/repository/com/github/almasb/fxgl/17.1/fxgl-17.1.jar!/fxglassets/textures/particles/trace_horizontal.png
12:46:33.511 [FXGL Background Thread 1 ] DEBUG GameApplicationServi - Application scenes initialized
12:46:33.533 [FXGL Background Thread 1 ] DEBUG SystemBundleService  - Loading FXGL system data
12:46:33.540 [FXGL Background Thread 1 ] DEBUG FileSystemAccess     - Reading from: C:\Materials\Coding\ChessKing\system\fxgl.bundle
12:46:33.554 [FXGL Background Thread 1 ] DEBUG SystemBundleService  - Bundle FXGL: {}
12:46:33.554 [FXGL Background Thread 1 ] DEBUG UpdaterService       - Checking for updates
12:46:33.567 [FXGL Background Thread 4 ] DEBUG FXGLApplication      - Loading fonts
12:46:33.568 [FXGL Background Thread 1 ] DEBUG FXGLApplication      - Loading default localization
12:46:33.569 [FXGL Background Thread 4 ] DEBUG FXGLAssetLoaderServi - Loading from file system: jar:file:///C:/Users/19687/.m2/repository/com/github/almasb/fxgl/17.1/fxgl-17.1.jar!/fxglassets/ui/fonts/VarelaRound-Regular.ttf
12:46:33.569 [FXGL Background Thread 1 ] DEBUG FXGLAssetLoaderServi - Loading from file system: jar:file:///C:/Users/19687/.m2/repository/com/github/almasb/fxgl/17.1/fxgl-17.1.jar!/fxglassets/languages/english.lang
12:46:33.601 [FXGL Background Thread 1 ] INFO  FXGLApplication      - FXGL initialization took: 0.866 sec
12:46:33.607 [JavaFX Application Thread] DEBUG FXGLAssetLoaderServi - Loading from file system: jar:file:///C:/Users/19687/.m2/repository/com/github/almasb/fxgl/17.1/fxgl-17.1.jar!/fxglassets/textures/fxgl_icon.png
12:46:33.634 [JavaFX Application Thread] DEBUG FXGLAssetLoaderServi - Loading from file system: jar:file:///C:/Users/19687/.m2/repository/com/github/almasb/fxgl/17.1/fxgl-17.1.jar!/fxglassets/textures/fxgl_default_cursor.png
12:46:33.658 [JavaFX Application Thread] DEBUG Input                - Registered new binding: Screenshot - CTRL+8
12:46:33.660 [JavaFX Application Thread] DEBUG Input                - Registered new binding: System info dump - CTRL+9
12:46:33.664 [JavaFX Application Thread] DEBUG Input                - Registered new binding: Restart - CTRL+R
12:46:33.666 [JavaFX Application Thread] DEBUG Input                - Registered new binding: Toggle Debug Camera - CTRL+7
12:46:33.670 [JavaFX Application Thread] DEBUG LoopRunner           - Starting loop
12:46:33.671 [JavaFX Application Thread] DEBUG LoopRunner           - Initializing JavaFX AnimationTimerLoop
12:46:33.676 [JavaFX Application Thread] DEBUG GameApplicationServi - Starting new game
12:46:33.679 [JavaFX Application Thread] DEBUG Input                - Clearing active input actions
12:46:33.683 [FXGL Background Thread 4 ] DEBUG FXGLAssetLoaderServi - Loading from file system: jar:file:///C:/Users/19687/.m2/repository/com/github/almasb/fxgl/17.1/fxgl-17.1.jar!/fxglassets/ui/fonts/Abel-Regular.ttf
12:46:33.699 [FXGL Background Thread 4 ] DEBUG FXGLAssetLoaderServi - Loading from file system: jar:file:///C:/Users/19687/.m2/repository/com/github/almasb/fxgl/17.1/fxgl-17.1.jar!/fxglassets/ui/fonts/TerminalLandMono-Regular.otf
12:46:33.701 [JavaFX Application Thread] DEBUG GameApplicationServi - Removing overlay from FXGLStartupScene and adding to FXGLLoadingScene
12:46:33.703 [JavaFX Application Thread] DEBUG PrimaryStageWindow   - FXGLStartupScene -> FXGLLoadingScene
12:46:33.703 [JavaFX Application Thread] DEBUG GameApplicationServi - Clearing previous game
12:46:33.703 [JavaFX Application Thread] DEBUG GameScene            - Clearing game scene
12:46:33.703 [JavaFX Application Thread] DEBUG GameWorld            - Clearing game world
12:46:33.704 [JavaFX Application Thread] DEBUG PhysicsWorld         - Clearing physics world
12:46:33.707 [FXGL Background Thread 1 ] DEBUG FXGLApplication      - Initializing game
12:46:33.708 [FXGL Background Thread 4 ] DEBUG FXGLAssetLoaderServi - Loading from file system: jar:file:///C:/Users/19687/.m2/repository/com/github/almasb/fxgl/17.1/fxgl-17.1.jar!/fxglassets/ui/fonts/Courier-Prime.ttf
12:46:33.784 [JavaFX Application Thread] DEBUG FXGLApplication      - Registering font factories with UI factory
12:46:33.786 [JavaFX Application Thread] DEBUG LoopRunner           - Stopping loop
12:46:33.788 [JavaFX Application Thread] FATAL FXGLApplication      - Uncaught Exception:
java.lang.RuntimeException: Initialization failed
	at com.almasb.fxgl.all@17.1/com.almasb.fxgl.app.FXGLApplication$InitAppTask.failed(FXGLApplication.kt:343)
	at javafx.graphics@18/javafx.concurrent.Task.setState(Task.java:710)
	at javafx.graphics@18/javafx.concurrent.Task$TaskCallable.lambda$call$2(Task.java:1456)
	at javafx.graphics@18/com.sun.javafx.application.PlatformImpl.lambda$runLater$10(PlatformImpl.java:457)
	at java.base/java.security.AccessController.doPrivileged(AccessController.java:399)
	at javafx.graphics@18/com.sun.javafx.application.PlatformImpl.lambda$runLater$11(PlatformImpl.java:456)
	at javafx.graphics@18/com.sun.glass.ui.InvokeLaterDispatcher$Future.run(InvokeLaterDispatcher.java:96)
	at javafx.graphics@18/com.sun.glass.ui.win.WinApplication._runLoop(Native Method)
	at javafx.graphics@18/com.sun.glass.ui.win.WinApplication.lambda$runLoop$3(WinApplication.java:184)
	at java.base/java.lang.Thread.run(Thread.java:833)
Caused by: java.lang.NullPointerException: Cannot invoke "edu.sustech.chessking.gameLogic.Position.toString()" because "pos" is null
	at ChessKing/edu.sustech.chessking.gameLogic.GameLogicTestApp.initGame(GameLogicTestApp.java:34)
	at com.almasb.fxgl.all@17.1/com.almasb.fxgl.app.FXGLApplication$InitAppTask.initGame(FXGLApplication.kt:339)
	at com.almasb.fxgl.all@17.1/com.almasb.fxgl.app.FXGLApplication$InitAppTask.call(FXGLApplication.kt:319)
	at com.almasb.fxgl.all@17.1/com.almasb.fxgl.app.FXGLApplication$InitAppTask.call(FXGLApplication.kt:311)
	at javafx.graphics@18/javafx.concurrent.Task$TaskCallable.call(Task.java:1426)
	at java.base/java.util.concurrent.FutureTask.run(FutureTask.java:264)
	at java.base/java.util.concurrent.Executors$RunnableAdapter.call(Executors.java:539)
	at java.base/java.util.concurrent.FutureTask.run(FutureTask.java:264)
	at java.base/java.util.concurrent.ThreadPoolExecutor.runWorker(ThreadPoolExecutor.java:1136)
	at java.base/java.util.concurrent.ThreadPoolExecutor$Worker.run(ThreadPoolExecutor.java:635)
	... 1 more

12:46:33.788 [JavaFX Application Thread] FATAL FXGLApplication      - Application will now exit
12:46:33.822 [JavaFX Application Thread] DEBUG PrimaryStageWindow   - Push state: ErrorSubScene
12:46:33.822 [JavaFX Application Thread] DEBUG Input                - Clearing active input actions
12:46:33.853 [JavaFX Application Thread] DEBUG GameApplicationServi - Removing overlay from FXGLLoadingScene and adding to ErrorSubScene
12:46:33.856 [JavaFX Application Thread] DEBUG PrimaryStageWindow   - FXGLLoadingScene -> ErrorSubScene
12:46:33.946 [FXGL Background Thread 2 ] WARN  UpdaterService       - Failed to find updates: java.net.UnknownHostException: raw.githubusercontent.com
12:46:36.563 [FXGL Background Thread 3 ] DEBUG Engine               - Logging environment variables
12:46:36.571 [FXGL Background Thread 3 ] DEBUG Engine               - achievements: []
12:46:36.572 [FXGL Background Thread 3 ] DEBUG Engine               - actualHeight: 600.0
12:46:36.572 [FXGL Background Thread 3 ] DEBUG Engine               - actualHeightProperty: ReadOnlyDoubleProperty [value: 600.0]
12:46:36.572 [FXGL Background Thread 3 ] DEBUG Engine               - actualWidth: 800.0
12:46:36.572 [FXGL Background Thread 3 ] DEBUG Engine               - actualWidthProperty: ReadOnlyDoubleProperty [value: 800.0]
12:46:36.572 [FXGL Background Thread 3 ] DEBUG Engine               - appIcon: fxgl_icon.png
12:46:36.572 [FXGL Background Thread 3 ] DEBUG Engine               - applicationMode: DEVELOPER
12:46:36.572 [FXGL Background Thread 3 ] DEBUG Engine               - cSSList: [fxgl_dark.css]
12:46:36.572 [FXGL Background Thread 3 ] DEBUG Engine               - collisionDetectionStrategy: BRUTE_FORCE
12:46:36.573 [FXGL Background Thread 3 ] DEBUG Engine               - configClass: Optional.empty
12:46:36.573 [FXGL Background Thread 3 ] DEBUG Engine               - credits: []
12:46:36.575 [FXGL Background Thread 3 ] DEBUG Engine               - defaultCursor: CursorInfo(imageName=fxgl_default_cursor.png, hotspotX=7.0, hotspotY=6.0)
12:46:36.576 [FXGL Background Thread 3 ] DEBUG Engine               - devBBoxColorProperty: ObjectProperty [value: 0xff0000ff]
12:46:36.576 [FXGL Background Thread 3 ] DEBUG Engine               - devEnableDebugCameraProperty: BooleanProperty [value: false]
12:46:36.576 [FXGL Background Thread 3 ] DEBUG Engine               - devSensorColorProperty: ObjectProperty [value: 0xffff00ff]
12:46:36.577 [FXGL Background Thread 3 ] DEBUG Engine               - devShowBBoxProperty: BooleanProperty [value: false]
12:46:36.577 [FXGL Background Thread 3 ] DEBUG Engine               - devShowPositionProperty: BooleanProperty [value: false]
12:46:36.577 [FXGL Background Thread 3 ] DEBUG Engine               - enabledMenuItems: []
12:46:36.578 [FXGL Background Thread 3 ] DEBUG Engine               - engineServices: [class com.almasb.fxgl.app.services.FXGLAssetLoaderService, class com.almasb.fxgl.app.FXGLApplication$GameApplicationService, class com.almasb.fxgl.app.services.FXGLDialogService, class com.almasb.fxgl.app.services.IOTaskExecutorService, class com.almasb.fxgl.io.FileSystemService, class com.almasb.fxgl.localization.LocalizationService, class com.almasb.fxgl.app.services.SystemBundleService, class com.almasb.fxgl.profile.SaveLoadService, class com.almasb.fxgl.ui.FXGLUIFactoryServiceProvider, class com.almasb.fxgl.ui.FXGLDialogFactoryServiceProvider, class com.almasb.fxgl.audio.AudioPlayer, class com.almasb.fxgl.notification.impl.NotificationServiceProvider, class com.almasb.fxgl.achievement.AchievementService, class com.almasb.fxgl.cutscene.CutsceneService, class com.almasb.fxgl.minigames.MiniGameService, class com.almasb.fxgl.net.NetService, class com.almasb.fxgl.app.services.UpdaterService, class com.almasb.fxgl.dev.DevService]
12:46:36.578 [FXGL Background Thread 3 ] DEBUG Engine               - fontGame: Abel-Regular.ttf
12:46:36.578 [FXGL Background Thread 3 ] DEBUG Engine               - fontMono: TerminalLandMono-Regular.otf
12:46:36.578 [FXGL Background Thread 3 ] DEBUG Engine               - fontText: Courier-Prime.ttf
12:46:36.578 [FXGL Background Thread 3 ] DEBUG Engine               - fontUI: VarelaRound-Regular.ttf
12:46:36.578 [FXGL Background Thread 3 ] DEBUG Engine               - fullScreen: BooleanProperty [value: false]
12:46:36.579 [FXGL Background Thread 3 ] DEBUG Engine               - gameDifficulty: MEDIUM
12:46:36.579 [FXGL Background Thread 3 ] DEBUG Engine               - gameDifficultyProperty: ObjectProperty [value: MEDIUM]
12:46:36.579 [FXGL Background Thread 3 ] DEBUG Engine               - globalMusicVolume: 0.5
12:46:36.579 [FXGL Background Thread 3 ] DEBUG Engine               - globalMusicVolumeProperty: DoubleProperty [value: 0.5]
12:46:36.579 [FXGL Background Thread 3 ] DEBUG Engine               - globalSoundVolume: 0.5
12:46:36.579 [FXGL Background Thread 3 ] DEBUG Engine               - globalSoundVolumeProperty: DoubleProperty [value: 0.5]
12:46:36.579 [FXGL Background Thread 3 ] DEBUG Engine               - height: 600
12:46:36.579 [FXGL Background Thread 3 ] DEBUG Engine               - is3D: false
12:46:36.579 [FXGL Background Thread 3 ] DEBUG Engine               - isAndroid: false
12:46:36.579 [FXGL Background Thread 3 ] DEBUG Engine               - isBrowser: false
12:46:36.579 [FXGL Background Thread 3 ] DEBUG Engine               - isClickFeedbackEnabled: false
12:46:36.580 [FXGL Background Thread 3 ] DEBUG Engine               - isCloseConfirmation: false
12:46:36.580 [FXGL Background Thread 3 ] DEBUG Engine               - isDesktop: true
12:46:36.580 [FXGL Background Thread 3 ] DEBUG Engine               - isDeveloperMenuEnabled: false
12:46:36.580 [FXGL Background Thread 3 ] DEBUG Engine               - isEmbedded: false
12:46:36.580 [FXGL Background Thread 3 ] DEBUG Engine               - isEntityPreloadEnabled: true
12:46:36.580 [FXGL Background Thread 3 ] DEBUG Engine               - isExperimentalTiledLargeMap: false
12:46:36.580 [FXGL Background Thread 3 ] DEBUG Engine               - isFileSystemWriteAllowed: true
12:46:36.580 [FXGL Background Thread 3 ] DEBUG Engine               - isFullScreenAllowed: false
12:46:36.581 [FXGL Background Thread 3 ] DEBUG Engine               - isFullScreenFromStart: false
12:46:36.581 [FXGL Background Thread 3 ] DEBUG Engine               - isGameMenuEnabled: true
12:46:36.581 [FXGL Background Thread 3 ] DEBUG Engine               - isIOS: false
12:46:36.581 [FXGL Background Thread 3 ] DEBUG Engine               - isIntroEnabled: false
12:46:36.581 [FXGL Background Thread 3 ] DEBUG Engine               - isLinux: false
12:46:36.581 [FXGL Background Thread 3 ] DEBUG Engine               - isMac: false
12:46:36.581 [FXGL Background Thread 3 ] DEBUG Engine               - isMainMenuEnabled: false
12:46:36.581 [FXGL Background Thread 3 ] DEBUG Engine               - isManualResizeEnabled: false
12:46:36.581 [FXGL Background Thread 3 ] DEBUG Engine               - isMobile: false
12:46:36.581 [FXGL Background Thread 3 ] DEBUG Engine               - isNative: false
12:46:36.581 [FXGL Background Thread 3 ] DEBUG Engine               - isPauseMusicWhenMinimized: true
12:46:36.582 [FXGL Background Thread 3 ] DEBUG Engine               - isPreserveResizeRatio: false
12:46:36.582 [FXGL Background Thread 3 ] DEBUG Engine               - isProfilingEnabled: false
12:46:36.582 [FXGL Background Thread 3 ] DEBUG Engine               - isScaleAffectedOnResize: true
12:46:36.582 [FXGL Background Thread 3 ] DEBUG Engine               - isSingleStep: false
12:46:36.582 [FXGL Background Thread 3 ] DEBUG Engine               - isUserProfileEnabled: false
12:46:36.582 [FXGL Background Thread 3 ] DEBUG Engine               - isWindows: true
12:46:36.582 [FXGL Background Thread 3 ] DEBUG Engine               - language: ObjectProperty [value: ENGLISH]
12:46:36.582 [FXGL Background Thread 3 ] DEBUG Engine               - menuKey: ESCAPE
12:46:36.582 [FXGL Background Thread 3 ] DEBUG Engine               - mouseSensitivity: 0.2
12:46:36.582 [FXGL Background Thread 3 ] DEBUG Engine               - notificationViewClass: class com.almasb.fxgl.notification.view.XboxNotificationView
12:46:36.582 [FXGL Background Thread 3 ] DEBUG Engine               - pixelsPerMeter: 50.0
12:46:36.582 [FXGL Background Thread 3 ] DEBUG Engine               - platform: WINDOWS
12:46:36.582 [FXGL Background Thread 3 ] DEBUG Engine               - prefHeightProperty: ReadOnlyDoubleProperty [value: 600.0]
12:46:36.582 [FXGL Background Thread 3 ] DEBUG Engine               - prefWidthProperty: ReadOnlyDoubleProperty [value: 800.0]
12:46:36.582 [FXGL Background Thread 3 ] DEBUG Engine               - profileDir: profiles/
12:46:36.582 [FXGL Background Thread 3 ] DEBUG Engine               - profileName: StringProperty [value: DEFAULT]
12:46:36.582 [FXGL Background Thread 3 ] DEBUG Engine               - randomSeed: -1
12:46:36.583 [FXGL Background Thread 3 ] DEBUG Engine               - runtimeInfo: RuntimeInfo(platform=WINDOWS, version=17.1, build=24.03.2022 17.34)
12:46:36.583 [FXGL Background Thread 3 ] DEBUG Engine               - saveFileExt: sav
12:46:36.583 [FXGL Background Thread 3 ] DEBUG Engine               - scaledHeightProp$fxgl: DoubleProperty [bound, value: 600.0]
12:46:36.583 [FXGL Background Thread 3 ] DEBUG Engine               - scaledWidthProp$fxgl: DoubleProperty [bound, value: 800.0]
12:46:36.583 [FXGL Background Thread 3 ] DEBUG Engine               - sceneFactory: com.almasb.fxgl.app.scene.SceneFactory@7738cf6a
12:46:36.583 [FXGL Background Thread 3 ] DEBUG Engine               - secondsIn24h: 60
12:46:36.583 [FXGL Background Thread 3 ] DEBUG Engine               - soundMenuBack: menu/back.wav
12:46:36.583 [FXGL Background Thread 3 ] DEBUG Engine               - soundMenuPress: menu/press.wav
12:46:36.583 [FXGL Background Thread 3 ] DEBUG Engine               - soundMenuSelect: menu/select.wav
12:46:36.583 [FXGL Background Thread 3 ] DEBUG Engine               - soundNotification: core/notification.wav
12:46:36.583 [FXGL Background Thread 3 ] DEBUG Engine               - stageStyle: DECORATED
12:46:36.583 [FXGL Background Thread 3 ] DEBUG Engine               - supportedLanguages: [ENGLISH, FRENCH, GERMAN, HUNGARIAN, RUSSIAN]
12:46:36.584 [FXGL Background Thread 3 ] DEBUG Engine               - ticksPerSecond: -1
12:46:36.584 [FXGL Background Thread 3 ] DEBUG Engine               - title: Untitled
12:46:36.584 [FXGL Background Thread 3 ] DEBUG Engine               - urlGithub: https://github.com/AlmasB/FXGL
12:46:36.584 [FXGL Background Thread 3 ] DEBUG Engine               - urlLeaderboard: http://fxgl-top.herokuapp.com/
12:46:36.584 [FXGL Background Thread 3 ] DEBUG Engine               - urlPOM: https://raw.githubusercontent.com/AlmasB/FXGL/release/README.md
12:46:36.584 [FXGL Background Thread 3 ] DEBUG Engine               - userAppClass: class edu.sustech.chessking.gameLogic.GameLogicTestApp
12:46:36.584 [FXGL Background Thread 3 ] DEBUG Engine               - version: 0.0
12:46:36.584 [FXGL Background Thread 3 ] DEBUG Engine               - versionCheckDays: 7
12:46:36.584 [FXGL Background Thread 3 ] DEBUG Engine               - width: 800
12:46:36.584 [FXGL Background Thread 3 ] DEBUG Engine               - Logging services
12:46:36.584 [FXGL Background Thread 3 ] DEBUG Engine               - class com.almasb.fxgl.app.services.FXGLAssetLoaderService
12:46:36.584 [FXGL Background Thread 3 ] DEBUG Engine               - class com.almasb.fxgl.app.FXGLApplication$GameApplicationService
12:46:36.584 [FXGL Background Thread 3 ] DEBUG Engine               - class com.almasb.fxgl.app.services.FXGLDialogService
12:46:36.584 [FXGL Background Thread 3 ] DEBUG Engine               - class com.almasb.fxgl.app.services.IOTaskExecutorService
12:46:36.584 [FXGL Background Thread 3 ] DEBUG Engine               - class com.almasb.fxgl.io.FileSystemService
12:46:36.585 [FXGL Background Thread 3 ] DEBUG Engine               - class com.almasb.fxgl.localization.LocalizationService
12:46:36.585 [FXGL Background Thread 3 ] DEBUG Engine               - class com.almasb.fxgl.app.services.SystemBundleService
12:46:36.585 [FXGL Background Thread 3 ] DEBUG Engine               - class com.almasb.fxgl.profile.SaveLoadService
12:46:36.585 [FXGL Background Thread 3 ] DEBUG Engine               - class com.almasb.fxgl.ui.FXGLUIFactoryServiceProvider
12:46:36.585 [FXGL Background Thread 3 ] DEBUG Engine               - class com.almasb.fxgl.ui.FXGLDialogFactoryServiceProvider
12:46:36.585 [FXGL Background Thread 3 ] DEBUG Engine               - class com.almasb.fxgl.audio.AudioPlayer
12:46:36.585 [FXGL Background Thread 3 ] DEBUG Engine               - class com.almasb.fxgl.notification.impl.NotificationServiceProvider
12:46:36.585 [FXGL Background Thread 3 ] DEBUG Engine               - class com.almasb.fxgl.achievement.AchievementService
12:46:36.586 [FXGL Background Thread 3 ] DEBUG Engine               - class com.almasb.fxgl.cutscene.CutsceneService
12:46:36.586 [FXGL Background Thread 3 ] DEBUG Engine               - class com.almasb.fxgl.minigames.MiniGameService
12:46:36.586 [FXGL Background Thread 3 ] DEBUG Engine               - class com.almasb.fxgl.net.NetService
12:46:36.586 [FXGL Background Thread 3 ] DEBUG Engine               - class com.almasb.fxgl.app.services.UpdaterService
12:46:36.586 [FXGL Background Thread 3 ] DEBUG Engine               - class com.almasb.fxgl.dev.DevService
12:46:48.331 [JavaFX Application Thread] DEBUG FXGLApplication      - Exiting FXGL
12:46:48.332 [JavaFX Application Thread] DEBUG Async                - Shutting down background threads
12:46:48.332 [JavaFX Application Thread] DEBUG PrimaryStageWindow   - Closing main window
12:46:48.357 [JavaFX Application Thread] DEBUG Logger               - Closing Logger
