12:40:44.415 [main                     ] DEBUG Logger               - Configured Logger
12:40:44.468 [main                     ] DEBUG GameApplication      - Logging settings
Title: Untitled
Version: 0.0
Width: 800
Height: 600
Fullscreen: false
Intro: false
Profiling: false
Single step:false
App Mode: DEVELOPER
Menu Key: ESCAPE
Stage Style: DECORATED
Scene Factory: class com.almasb.fxgl.app.scene.SceneFactory

12:40:44.980 [JavaFX Application Thread] DEBUG FXGLApplication      - Initializing FXGL
12:40:44.991 [JavaFX Application Thread] INFO  Engine               - FXGL-17.1 (24.03.2022 17.34) on WINDOWS (J:17.0.1 FX:18)
12:40:44.992 [JavaFX Application Thread] DEBUG Engine               - JRE Vendor Name: Oracle Corporation
12:40:44.994 [JavaFX Application Thread] DEBUG Engine               - Running on OS: Windows 10 version 10.0
12:40:44.994 [JavaFX Application Thread] DEBUG Engine               - Architecture: amd64
12:40:44.994 [JavaFX Application Thread] INFO  Engine               - Source code and latest versions at: https://github.com/AlmasB/FXGL
12:40:44.995 [JavaFX Application Thread] INFO  Engine               -       Ask questions and discuss at: https://github.com/AlmasB/FXGL/discussions
12:40:44.995 [JavaFX Application Thread] INFO  Engine               -              Join the FXGL chat at: https://gitter.im/AlmasB/FXGL
12:40:45.083 [JavaFX Application Thread] DEBUG PrimaryStageWindow   - Creating a JavaFX scene
12:40:45.121 [JavaFX Application Thread] DEBUG PrimaryStageWindow   - Target settings size: 800.0 x 600.0
12:40:45.121 [JavaFX Application Thread] DEBUG PrimaryStageWindow   - Scaled scene size:    800.0 x 600.0
12:40:45.122 [JavaFX Application Thread] DEBUG PrimaryStageWindow   - Scaled ratio: (1.0, 1.0)
12:40:45.123 [JavaFX Application Thread] DEBUG PrimaryStageWindow   - Set initial scene to FXGLStartupScene
12:40:45.132 [JavaFX Application Thread] DEBUG PrimaryStageWindow   - Opening main window
12:40:45.276 [JavaFX Application Thread] DEBUG PrimaryStageWindow   - Window border size: (14.4000244140625, 37.5999755859375)
12:40:45.277 [JavaFX Application Thread] DEBUG PrimaryStageWindow   - Scaled size: 800.0 x 600.0
12:40:45.277 [JavaFX Application Thread] DEBUG PrimaryStageWindow   - Scaled ratio: (1.0, 1.0)
12:40:45.277 [JavaFX Application Thread] DEBUG PrimaryStageWindow   - Scene size: 800.0 x 600.0
12:40:45.277 [JavaFX Application Thread] DEBUG PrimaryStageWindow   - Stage size: 814.4000244140625 x 637.5999755859375
12:40:45.289 [FXGL Background Thread 1 ] DEBUG Engine               - Initializing environment variables
12:40:45.366 [FXGL Background Thread 1 ] DEBUG FXGLAssetLoaderServi - User app class for loading assets: class edu.sustech.chessking.gameLogic.GameLogicTestApp
12:40:45.367 [FXGL Background Thread 1 ] DEBUG GameApplicationServi - Applying CSS: fxgl_dark.css
12:40:45.368 [FXGL Background Thread 1 ] DEBUG FXGLAssetLoaderServi - Loading from file system: jar:file:///C:/Users/19687/.m2/repository/com/github/almasb/fxgl/17.1/fxgl-17.1.jar!/fxglassets/ui/css/fxgl_dark.css
12:40:45.462 [FXGL Background Thread 1 ] DEBUG GameApplicationServi - Initializing application scenes
12:40:45.730 [FXGL Background Thread 1 ] DEBUG GameWorld            - Game world initialized
12:40:45.822 [FXGL Background Thread 1 ] DEBUG PhysicsWorld         - Physics world initialized: appHeight=600, physics.ppm=50.0
12:40:45.823 [FXGL Background Thread 1 ] DEBUG PhysicsWorld         - Using strategy: BRUTE_FORCE
12:40:45.837 [FXGL Background Thread 1 ] DEBUG GameScene            - Game scene initialized: 800x600
12:40:45.875 [FXGL Background Thread 1 ] DEBUG FXGL.DefaultMenu     - createMenuBodyGameMenu()
12:40:45.916 [FXGL Background Thread 1 ] DEBUG FXGL.DefaultMenu     - createOptionsMenu()
12:40:45.962 [FXGL Background Thread 1 ] DEBUG FXGLAssetLoaderServi - Loading from file system: jar:file:///C:/Users/19687/.m2/repository/com/github/almasb/fxgl/17.1/fxgl-17.1.jar!/fxglassets/textures/particles/smoke.png
12:40:46.118 [FXGL Background Thread 1 ] DEBUG FXGLAssetLoaderServi - Loading from file system: jar:file:///C:/Users/19687/.m2/repository/com/github/almasb/fxgl/17.1/fxgl-17.1.jar!/fxglassets/textures/particles/trace_horizontal.png
12:40:46.165 [FXGL Background Thread 1 ] DEBUG GameApplicationServi - Application scenes initialized
12:40:46.183 [FXGL Background Thread 1 ] DEBUG SystemBundleService  - Loading FXGL system data
12:40:46.199 [FXGL Background Thread 1 ] DEBUG FileSystemAccess     - Reading from: C:\Materials\Coding\ChessKing\system\fxgl.bundle
12:40:46.215 [FXGL Background Thread 1 ] DEBUG SystemBundleService  - Bundle FXGL: {}
12:40:46.216 [FXGL Background Thread 1 ] DEBUG UpdaterService       - Checking for updates
12:40:46.223 [FXGL Background Thread 4 ] DEBUG FXGLApplication      - Loading fonts
12:40:46.224 [FXGL Background Thread 1 ] DEBUG FXGLApplication      - Loading default localization
12:40:46.225 [FXGL Background Thread 1 ] DEBUG FXGLAssetLoaderServi - Loading from file system: jar:file:///C:/Users/19687/.m2/repository/com/github/almasb/fxgl/17.1/fxgl-17.1.jar!/fxglassets/languages/english.lang
12:40:46.225 [FXGL Background Thread 4 ] DEBUG FXGLAssetLoaderServi - Loading from file system: jar:file:///C:/Users/19687/.m2/repository/com/github/almasb/fxgl/17.1/fxgl-17.1.jar!/fxglassets/ui/fonts/VarelaRound-Regular.ttf
12:40:46.256 [FXGL Background Thread 1 ] INFO  FXGLApplication      - FXGL initialization took: 0.965 sec
12:40:46.259 [JavaFX Application Thread] DEBUG FXGLAssetLoaderServi - Loading from file system: jar:file:///C:/Users/19687/.m2/repository/com/github/almasb/fxgl/17.1/fxgl-17.1.jar!/fxglassets/textures/fxgl_icon.png
12:40:46.287 [JavaFX Application Thread] DEBUG FXGLAssetLoaderServi - Loading from file system: jar:file:///C:/Users/19687/.m2/repository/com/github/almasb/fxgl/17.1/fxgl-17.1.jar!/fxglassets/textures/fxgl_default_cursor.png
12:40:46.302 [JavaFX Application Thread] DEBUG Input                - Registered new binding: Screenshot - CTRL+8
12:40:46.303 [JavaFX Application Thread] DEBUG Input                - Registered new binding: System info dump - CTRL+9
12:40:46.303 [JavaFX Application Thread] DEBUG Input                - Registered new binding: Restart - CTRL+R
12:40:46.304 [JavaFX Application Thread] DEBUG Input                - Registered new binding: Toggle Debug Camera - CTRL+7
12:40:46.312 [JavaFX Application Thread] DEBUG LoopRunner           - Starting loop
12:40:46.313 [JavaFX Application Thread] DEBUG LoopRunner           - Initializing JavaFX AnimationTimerLoop
12:40:46.319 [FXGL Background Thread 4 ] DEBUG FXGLAssetLoaderServi - Loading from file system: jar:file:///C:/Users/19687/.m2/repository/com/github/almasb/fxgl/17.1/fxgl-17.1.jar!/fxglassets/ui/fonts/Abel-Regular.ttf
12:40:46.319 [JavaFX Application Thread] DEBUG GameApplicationServi - Starting new game
12:40:46.321 [JavaFX Application Thread] DEBUG Input                - Clearing active input actions
12:40:46.330 [FXGL Background Thread 4 ] DEBUG FXGLAssetLoaderServi - Loading from file system: jar:file:///C:/Users/19687/.m2/repository/com/github/almasb/fxgl/17.1/fxgl-17.1.jar!/fxglassets/ui/fonts/TerminalLandMono-Regular.otf
12:40:46.334 [FXGL Background Thread 4 ] DEBUG FXGLAssetLoaderServi - Loading from file system: jar:file:///C:/Users/19687/.m2/repository/com/github/almasb/fxgl/17.1/fxgl-17.1.jar!/fxglassets/ui/fonts/Courier-Prime.ttf
12:40:46.335 [JavaFX Application Thread] DEBUG GameApplicationServi - Removing overlay from FXGLStartupScene and adding to FXGLLoadingScene
12:40:46.336 [JavaFX Application Thread] DEBUG PrimaryStageWindow   - FXGLStartupScene -> FXGLLoadingScene
12:40:46.336 [JavaFX Application Thread] DEBUG GameApplicationServi - Clearing previous game
12:40:46.336 [JavaFX Application Thread] DEBUG GameScene            - Clearing game scene
12:40:46.336 [JavaFX Application Thread] DEBUG GameWorld            - Clearing game world
12:40:46.336 [JavaFX Application Thread] DEBUG PhysicsWorld         - Clearing physics world
12:40:46.338 [FXGL Background Thread 1 ] DEBUG FXGLApplication      - Initializing game
12:40:46.379 [JavaFX Application Thread] DEBUG FXGLApplication      - Registering font factories with UI factory
12:40:46.381 [JavaFX Application Thread] DEBUG LoopRunner           - Stopping loop
12:40:46.384 [JavaFX Application Thread] FATAL FXGLApplication      - Uncaught Exception:
java.lang.RuntimeException: Initialization failed
	at com.almasb.fxgl.all@17.1/com.almasb.fxgl.app.FXGLApplication$InitAppTask.failed(FXGLApplication.kt:343)
	at javafx.graphics@18/javafx.concurrent.Task.setState(Task.java:710)
	at javafx.graphics@18/javafx.concurrent.Task$TaskCallable.lambda$call$2(Task.java:1456)
	at javafx.graphics@18/com.sun.javafx.application.PlatformImpl.lambda$runLater$10(PlatformImpl.java:457)
	at java.base/java.security.AccessController.doPrivileged(AccessController.java:399)
	at javafx.graphics@18/com.sun.javafx.application.PlatformImpl.lambda$runLater$11(PlatformImpl.java:456)
	at javafx.graphics@18/com.sun.glass.ui.InvokeLaterDispatcher$Future.run(InvokeLaterDispatcher.java:96)
	at javafx.graphics@18/com.sun.glass.ui.win.WinApplication._runLoop(Native Method)
	at javafx.graphics@18/com.sun.glass.ui.win.WinApplication.lambda$runLoop$3(WinApplication.java:184)
	at java.base/java.lang.Thread.run(Thread.java:833)
Caused by: edu.sustech.chessking.gameLogic.exception.ConstructorException: Invalid column for position constructor
	at ChessKing/edu.sustech.chessking.gameLogic.Position.<init>(Position.java:44)
	at ChessKing/edu.sustech.chessking.gameLogic.Chess.<init>(Chess.java:41)
	at ChessKing/edu.sustech.chessking.gameLogic.GameLogicTestApp.setChess(GameLogicTestApp.java:16)
	at ChessKing/edu.sustech.chessking.gameLogic.GameLogicTestApp.initGame(GameLogicTestApp.java:28)
	at com.almasb.fxgl.all@17.1/com.almasb.fxgl.app.FXGLApplication$InitAppTask.initGame(FXGLApplication.kt:339)
	at com.almasb.fxgl.all@17.1/com.almasb.fxgl.app.FXGLApplication$InitAppTask.call(FXGLApplication.kt:319)
	at com.almasb.fxgl.all@17.1/com.almasb.fxgl.app.FXGLApplication$InitAppTask.call(FXGLApplication.kt:311)
	at javafx.graphics@18/javafx.concurrent.Task$TaskCallable.call(Task.java:1426)
	at java.base/java.util.concurrent.FutureTask.run(FutureTask.java:264)
	at java.base/java.util.concurrent.Executors$RunnableAdapter.call(Executors.java:539)
	at java.base/java.util.concurrent.FutureTask.run(FutureTask.java:264)
	at java.base/java.util.concurrent.ThreadPoolExecutor.runWorker(ThreadPoolExecutor.java:1136)
	at java.base/java.util.concurrent.ThreadPoolExecutor$Worker.run(ThreadPoolExecutor.java:635)
	... 1 more

12:40:46.384 [JavaFX Application Thread] FATAL FXGLApplication      - Application will now exit
12:40:46.409 [JavaFX Application Thread] DEBUG PrimaryStageWindow   - Push state: ErrorSubScene
12:40:46.426 [JavaFX Application Thread] DEBUG Input                - Clearing active input actions
12:40:46.436 [JavaFX Application Thread] DEBUG GameApplicationServi - Removing overlay from FXGLLoadingScene and adding to ErrorSubScene
12:40:46.437 [JavaFX Application Thread] DEBUG PrimaryStageWindow   - FXGLLoadingScene -> ErrorSubScene
12:40:46.477 [FXGL Background Thread 2 ] WARN  UpdaterService       - Failed to find updates: java.net.UnknownHostException: raw.githubusercontent.com
12:40:49.222 [FXGL Background Thread 3 ] DEBUG Engine               - Logging environment variables
12:40:49.225 [FXGL Background Thread 3 ] DEBUG Engine               - achievements: []
12:40:49.226 [FXGL Background Thread 3 ] DEBUG Engine               - actualHeight: 600.0
12:40:49.226 [FXGL Background Thread 3 ] DEBUG Engine               - actualHeightProperty: ReadOnlyDoubleProperty [value: 600.0]
12:40:49.226 [FXGL Background Thread 3 ] DEBUG Engine               - actualWidth: 800.0
12:40:49.226 [FXGL Background Thread 3 ] DEBUG Engine               - actualWidthProperty: ReadOnlyDoubleProperty [value: 800.0]
12:40:49.227 [FXGL Background Thread 3 ] DEBUG Engine               - appIcon: fxgl_icon.png
12:40:49.227 [FXGL Background Thread 3 ] DEBUG Engine               - applicationMode: DEVELOPER
12:40:49.227 [FXGL Background Thread 3 ] DEBUG Engine               - cSSList: [fxgl_dark.css]
12:40:49.227 [FXGL Background Thread 3 ] DEBUG Engine               - collisionDetectionStrategy: BRUTE_FORCE
12:40:49.227 [FXGL Background Thread 3 ] DEBUG Engine               - configClass: Optional.empty
12:40:49.227 [FXGL Background Thread 3 ] DEBUG Engine               - credits: []
12:40:49.228 [FXGL Background Thread 3 ] DEBUG Engine               - defaultCursor: CursorInfo(imageName=fxgl_default_cursor.png, hotspotX=7.0, hotspotY=6.0)
12:40:49.228 [FXGL Background Thread 3 ] DEBUG Engine               - devBBoxColorProperty: ObjectProperty [value: 0xff0000ff]
12:40:49.228 [FXGL Background Thread 3 ] DEBUG Engine               - devEnableDebugCameraProperty: BooleanProperty [value: false]
12:40:49.228 [FXGL Background Thread 3 ] DEBUG Engine               - devSensorColorProperty: ObjectProperty [value: 0xffff00ff]
12:40:49.228 [FXGL Background Thread 3 ] DEBUG Engine               - devShowBBoxProperty: BooleanProperty [value: false]
12:40:49.228 [FXGL Background Thread 3 ] DEBUG Engine               - devShowPositionProperty: BooleanProperty [value: false]
12:40:49.229 [FXGL Background Thread 3 ] DEBUG Engine               - enabledMenuItems: []
12:40:49.229 [FXGL Background Thread 3 ] DEBUG Engine               - engineServices: [class com.almasb.fxgl.app.services.FXGLAssetLoaderService, class com.almasb.fxgl.app.FXGLApplication$GameApplicationService, class com.almasb.fxgl.app.services.FXGLDialogService, class com.almasb.fxgl.app.services.IOTaskExecutorService, class com.almasb.fxgl.io.FileSystemService, class com.almasb.fxgl.localization.LocalizationService, class com.almasb.fxgl.app.services.SystemBundleService, class com.almasb.fxgl.profile.SaveLoadService, class com.almasb.fxgl.ui.FXGLUIFactoryServiceProvider, class com.almasb.fxgl.ui.FXGLDialogFactoryServiceProvider, class com.almasb.fxgl.audio.AudioPlayer, class com.almasb.fxgl.notification.impl.NotificationServiceProvider, class com.almasb.fxgl.achievement.AchievementService, class com.almasb.fxgl.cutscene.CutsceneService, class com.almasb.fxgl.minigames.MiniGameService, class com.almasb.fxgl.net.NetService, class com.almasb.fxgl.app.services.UpdaterService, class com.almasb.fxgl.dev.DevService]
12:40:49.229 [FXGL Background Thread 3 ] DEBUG Engine               - fontGame: Abel-Regular.ttf
12:40:49.229 [FXGL Background Thread 3 ] DEBUG Engine               - fontMono: TerminalLandMono-Regular.otf
12:40:49.229 [FXGL Background Thread 3 ] DEBUG Engine               - fontText: Courier-Prime.ttf
12:40:49.229 [FXGL Background Thread 3 ] DEBUG Engine               - fontUI: VarelaRound-Regular.ttf
12:40:49.230 [FXGL Background Thread 3 ] DEBUG Engine               - fullScreen: BooleanProperty [value: false]
12:40:49.230 [FXGL Background Thread 3 ] DEBUG Engine               - gameDifficulty: MEDIUM
12:40:49.230 [FXGL Background Thread 3 ] DEBUG Engine               - gameDifficultyProperty: ObjectProperty [value: MEDIUM]
12:40:49.230 [FXGL Background Thread 3 ] DEBUG Engine               - globalMusicVolume: 0.5
12:40:49.230 [FXGL Background Thread 3 ] DEBUG Engine               - globalMusicVolumeProperty: DoubleProperty [value: 0.5]
12:40:49.230 [FXGL Background Thread 3 ] DEBUG Engine               - globalSoundVolume: 0.5
12:40:49.230 [FXGL Background Thread 3 ] DEBUG Engine               - globalSoundVolumeProperty: DoubleProperty [value: 0.5]
12:40:49.230 [FXGL Background Thread 3 ] DEBUG Engine               - height: 600
12:40:49.230 [FXGL Background Thread 3 ] DEBUG Engine               - is3D: false
12:40:49.230 [FXGL Background Thread 3 ] DEBUG Engine               - isAndroid: false
12:40:49.230 [FXGL Background Thread 3 ] DEBUG Engine               - isBrowser: false
12:40:49.230 [FXGL Background Thread 3 ] DEBUG Engine               - isClickFeedbackEnabled: false
12:40:49.231 [FXGL Background Thread 3 ] DEBUG Engine               - isCloseConfirmation: false
12:40:49.231 [FXGL Background Thread 3 ] DEBUG Engine               - isDesktop: true
12:40:49.231 [FXGL Background Thread 3 ] DEBUG Engine               - isDeveloperMenuEnabled: false
12:40:49.231 [FXGL Background Thread 3 ] DEBUG Engine               - isEmbedded: false
12:40:49.231 [FXGL Background Thread 3 ] DEBUG Engine               - isEntityPreloadEnabled: true
12:40:49.231 [FXGL Background Thread 3 ] DEBUG Engine               - isExperimentalTiledLargeMap: false
12:40:49.231 [FXGL Background Thread 3 ] DEBUG Engine               - isFileSystemWriteAllowed: true
12:40:49.231 [FXGL Background Thread 3 ] DEBUG Engine               - isFullScreenAllowed: false
12:40:49.231 [FXGL Background Thread 3 ] DEBUG Engine               - isFullScreenFromStart: false
12:40:49.231 [FXGL Background Thread 3 ] DEBUG Engine               - isGameMenuEnabled: true
12:40:49.231 [FXGL Background Thread 3 ] DEBUG Engine               - isIOS: false
12:40:49.231 [FXGL Background Thread 3 ] DEBUG Engine               - isIntroEnabled: false
12:40:49.232 [FXGL Background Thread 3 ] DEBUG Engine               - isLinux: false
12:40:49.232 [FXGL Background Thread 3 ] DEBUG Engine               - isMac: false
12:40:49.232 [FXGL Background Thread 3 ] DEBUG Engine               - isMainMenuEnabled: false
12:40:49.232 [FXGL Background Thread 3 ] DEBUG Engine               - isManualResizeEnabled: false
12:40:49.232 [FXGL Background Thread 3 ] DEBUG Engine               - isMobile: false
12:40:49.232 [FXGL Background Thread 3 ] DEBUG Engine               - isNative: false
12:40:49.232 [FXGL Background Thread 3 ] DEBUG Engine               - isPauseMusicWhenMinimized: true
12:40:49.232 [FXGL Background Thread 3 ] DEBUG Engine               - isPreserveResizeRatio: false
12:40:49.232 [FXGL Background Thread 3 ] DEBUG Engine               - isProfilingEnabled: false
12:40:49.232 [FXGL Background Thread 3 ] DEBUG Engine               - isScaleAffectedOnResize: true
12:40:49.232 [FXGL Background Thread 3 ] DEBUG Engine               - isSingleStep: false
12:40:49.232 [FXGL Background Thread 3 ] DEBUG Engine               - isUserProfileEnabled: false
12:40:49.232 [FXGL Background Thread 3 ] DEBUG Engine               - isWindows: true
12:40:49.232 [FXGL Background Thread 3 ] DEBUG Engine               - language: ObjectProperty [value: ENGLISH]
12:40:49.232 [FXGL Background Thread 3 ] DEBUG Engine               - menuKey: ESCAPE
12:40:49.233 [FXGL Background Thread 3 ] DEBUG Engine               - mouseSensitivity: 0.2
12:40:49.233 [FXGL Background Thread 3 ] DEBUG Engine               - notificationViewClass: class com.almasb.fxgl.notification.view.XboxNotificationView
12:40:49.233 [FXGL Background Thread 3 ] DEBUG Engine               - pixelsPerMeter: 50.0
12:40:49.233 [FXGL Background Thread 3 ] DEBUG Engine               - platform: WINDOWS
12:40:49.233 [FXGL Background Thread 3 ] DEBUG Engine               - prefHeightProperty: ReadOnlyDoubleProperty [value: 600.0]
12:40:49.233 [FXGL Background Thread 3 ] DEBUG Engine               - prefWidthProperty: ReadOnlyDoubleProperty [value: 800.0]
12:40:49.233 [FXGL Background Thread 3 ] DEBUG Engine               - profileDir: profiles/
12:40:49.233 [FXGL Background Thread 3 ] DEBUG Engine               - profileName: StringProperty [value: DEFAULT]
12:40:49.234 [FXGL Background Thread 3 ] DEBUG Engine               - randomSeed: -1
12:40:49.235 [FXGL Background Thread 3 ] DEBUG Engine               - runtimeInfo: RuntimeInfo(platform=WINDOWS, version=17.1, build=24.03.2022 17.34)
12:40:49.235 [FXGL Background Thread 3 ] DEBUG Engine               - saveFileExt: sav
12:40:49.235 [FXGL Background Thread 3 ] DEBUG Engine               - scaledHeightProp$fxgl: DoubleProperty [bound, value: 600.0]
12:40:49.235 [FXGL Background Thread 3 ] DEBUG Engine               - scaledWidthProp$fxgl: DoubleProperty [bound, value: 800.0]
12:40:49.236 [FXGL Background Thread 3 ] DEBUG Engine               - sceneFactory: com.almasb.fxgl.app.scene.SceneFactory@1e31cf23
12:40:49.236 [FXGL Background Thread 3 ] DEBUG Engine               - secondsIn24h: 60
12:40:49.236 [FXGL Background Thread 3 ] DEBUG Engine               - soundMenuBack: menu/back.wav
12:40:49.236 [FXGL Background Thread 3 ] DEBUG Engine               - soundMenuPress: menu/press.wav
12:40:49.236 [FXGL Background Thread 3 ] DEBUG Engine               - soundMenuSelect: menu/select.wav
12:40:49.236 [FXGL Background Thread 3 ] DEBUG Engine               - soundNotification: core/notification.wav
12:40:49.236 [FXGL Background Thread 3 ] DEBUG Engine               - stageStyle: DECORATED
12:40:49.236 [FXGL Background Thread 3 ] DEBUG Engine               - supportedLanguages: [ENGLISH, FRENCH, GERMAN, HUNGARIAN, RUSSIAN]
12:40:49.237 [FXGL Background Thread 3 ] DEBUG Engine               - ticksPerSecond: -1
12:40:49.237 [FXGL Background Thread 3 ] DEBUG Engine               - title: Untitled
12:40:49.237 [FXGL Background Thread 3 ] DEBUG Engine               - urlGithub: https://github.com/AlmasB/FXGL
12:40:49.237 [FXGL Background Thread 3 ] DEBUG Engine               - urlLeaderboard: http://fxgl-top.herokuapp.com/
12:40:49.237 [FXGL Background Thread 3 ] DEBUG Engine               - urlPOM: https://raw.githubusercontent.com/AlmasB/FXGL/release/README.md
12:40:49.237 [FXGL Background Thread 3 ] DEBUG Engine               - userAppClass: class edu.sustech.chessking.gameLogic.GameLogicTestApp
12:40:49.237 [FXGL Background Thread 3 ] DEBUG Engine               - version: 0.0
12:40:49.238 [FXGL Background Thread 3 ] DEBUG Engine               - versionCheckDays: 7
12:40:49.239 [FXGL Background Thread 3 ] DEBUG Engine               - width: 800
12:40:49.239 [FXGL Background Thread 3 ] DEBUG Engine               - Logging services
12:40:49.239 [FXGL Background Thread 3 ] DEBUG Engine               - class com.almasb.fxgl.app.services.FXGLAssetLoaderService
12:40:49.239 [FXGL Background Thread 3 ] DEBUG Engine               - class com.almasb.fxgl.app.FXGLApplication$GameApplicationService
12:40:49.239 [FXGL Background Thread 3 ] DEBUG Engine               - class com.almasb.fxgl.app.services.FXGLDialogService
12:40:49.239 [FXGL Background Thread 3 ] DEBUG Engine               - class com.almasb.fxgl.app.services.IOTaskExecutorService
12:40:49.239 [FXGL Background Thread 3 ] DEBUG Engine               - class com.almasb.fxgl.io.FileSystemService
12:40:49.240 [FXGL Background Thread 3 ] DEBUG Engine               - class com.almasb.fxgl.localization.LocalizationService
12:40:49.240 [FXGL Background Thread 3 ] DEBUG Engine               - class com.almasb.fxgl.app.services.SystemBundleService
12:40:49.240 [FXGL Background Thread 3 ] DEBUG Engine               - class com.almasb.fxgl.profile.SaveLoadService
12:40:49.240 [FXGL Background Thread 3 ] DEBUG Engine               - class com.almasb.fxgl.ui.FXGLUIFactoryServiceProvider
12:40:49.240 [FXGL Background Thread 3 ] DEBUG Engine               - class com.almasb.fxgl.ui.FXGLDialogFactoryServiceProvider
12:40:49.240 [FXGL Background Thread 3 ] DEBUG Engine               - class com.almasb.fxgl.audio.AudioPlayer
12:40:49.240 [FXGL Background Thread 3 ] DEBUG Engine               - class com.almasb.fxgl.notification.impl.NotificationServiceProvider
12:40:49.240 [FXGL Background Thread 3 ] DEBUG Engine               - class com.almasb.fxgl.achievement.AchievementService
12:40:49.240 [FXGL Background Thread 3 ] DEBUG Engine               - class com.almasb.fxgl.cutscene.CutsceneService
12:40:49.240 [FXGL Background Thread 3 ] DEBUG Engine               - class com.almasb.fxgl.minigames.MiniGameService
12:40:49.241 [FXGL Background Thread 3 ] DEBUG Engine               - class com.almasb.fxgl.net.NetService
12:40:49.241 [FXGL Background Thread 3 ] DEBUG Engine               - class com.almasb.fxgl.app.services.UpdaterService
12:40:49.241 [FXGL Background Thread 3 ] DEBUG Engine               - class com.almasb.fxgl.dev.DevService
12:41:18.076 [JavaFX Application Thread] DEBUG FXGLApplication      - Exiting FXGL
12:41:18.077 [JavaFX Application Thread] DEBUG Async                - Shutting down background threads
12:41:18.077 [JavaFX Application Thread] DEBUG PrimaryStageWindow   - Closing main window
12:41:18.099 [JavaFX Application Thread] DEBUG Logger               - Closing Logger
