13:54:16.737 [main                     ] DEBUG Logger               - Configured Logger
13:54:16.787 [main                     ] DEBUG GameApplication      - Logging settings
Title: Chess King
Version: 0.1
Width: 1200
Height: 800
Fullscreen: false
Intro: false
Profiling: false
Single step:false
App Mode: DEVELOPER
Menu Key: ESCAPE
Stage Style: DECORATED
Scene Factory: class com.almasb.fxgl.app.scene.SceneFactory

13:54:17.476 [JavaFX Application Thread] DEBUG FXGLApplication      - Initializing FXGL
13:54:17.480 [JavaFX Application Thread] INFO  Engine               - FXGL-17.1 (24.03.2022 17.34) on WINDOWS (J:17.0.1 FX:18)
13:54:17.480 [JavaFX Application Thread] DEBUG Engine               - JRE Vendor Name: Oracle Corporation
13:54:17.481 [JavaFX Application Thread] DEBUG Engine               - Running on OS: Windows 10 version 10.0
13:54:17.481 [JavaFX Application Thread] DEBUG Engine               - Architecture: amd64
13:54:17.481 [JavaFX Application Thread] INFO  Engine               - Source code and latest versions at: https://github.com/AlmasB/FXGL
13:54:17.481 [JavaFX Application Thread] INFO  Engine               -       Ask questions and discuss at: https://github.com/AlmasB/FXGL/discussions
13:54:17.481 [JavaFX Application Thread] INFO  Engine               -              Join the FXGL chat at: https://gitter.im/AlmasB/FXGL
13:54:17.618 [JavaFX Application Thread] DEBUG PrimaryStageWindow   - Creating a JavaFX scene
13:54:17.728 [JavaFX Application Thread] DEBUG PrimaryStageWindow   - Target settings size: 1200.0 x 800.0
13:54:17.730 [JavaFX Application Thread] DEBUG PrimaryStageWindow   - Scaled scene size:    1200.0 x 800.0
13:54:17.731 [JavaFX Application Thread] DEBUG PrimaryStageWindow   - Scaled ratio: (1.0, 1.0)
13:54:17.734 [JavaFX Application Thread] DEBUG PrimaryStageWindow   - Set initial scene to FXGLStartupScene
13:54:17.747 [JavaFX Application Thread] DEBUG PrimaryStageWindow   - Opening main window
13:54:17.930 [JavaFX Application Thread] DEBUG PrimaryStageWindow   - Window border size: (14.4000244140625, 37.5999755859375)
13:54:17.931 [JavaFX Application Thread] DEBUG PrimaryStageWindow   - Scaled size: 1200.0 x 800.0
13:54:17.931 [JavaFX Application Thread] DEBUG PrimaryStageWindow   - Scaled ratio: (1.0, 1.0)
13:54:17.931 [JavaFX Application Thread] DEBUG PrimaryStageWindow   - Scene size: 1200.0 x 800.0
13:54:17.931 [JavaFX Application Thread] DEBUG PrimaryStageWindow   - Stage size: 1214.4000244140625 x 837.5999755859375
13:54:17.949 [FXGL Background Thread 1 ] DEBUG Engine               - Initializing environment variables
13:54:18.019 [FXGL Background Thread 1 ] DEBUG FXGLAssetLoaderServi - User app class for loading assets: class edu.sustech.chessking.ChessKingApp
13:54:18.022 [FXGL Background Thread 1 ] DEBUG GameApplicationServi - Applying CSS: fxgl_dark.css
13:54:18.024 [FXGL Background Thread 1 ] DEBUG FXGLAssetLoaderServi - Loading from file system: jar:file:///C:/Users/19687/.m2/repository/com/github/almasb/fxgl/17.1/fxgl-17.1.jar!/fxglassets/ui/css/fxgl_dark.css
13:54:18.118 [FXGL Background Thread 1 ] DEBUG GameApplicationServi - Initializing application scenes
13:54:18.495 [FXGL Background Thread 1 ] DEBUG GameWorld            - Game world initialized
13:54:18.606 [FXGL Background Thread 1 ] DEBUG PhysicsWorld         - Physics world initialized: appHeight=800, physics.ppm=50.0
13:54:18.607 [FXGL Background Thread 1 ] DEBUG PhysicsWorld         - Using strategy: BRUTE_FORCE
13:54:18.619 [FXGL Background Thread 1 ] DEBUG GameScene            - Game scene initialized: 1200x800
13:54:18.671 [FXGL Background Thread 1 ] DEBUG FXGL.DefaultMenu     - createMenuBodyGameMenu()
13:54:18.713 [FXGL Background Thread 1 ] DEBUG FXGL.DefaultMenu     - createOptionsMenu()
13:54:18.744 [FXGL Background Thread 1 ] DEBUG FXGLAssetLoaderServi - Loading from file system: jar:file:///C:/Users/19687/.m2/repository/com/github/almasb/fxgl/17.1/fxgl-17.1.jar!/fxglassets/textures/particles/smoke.png
13:54:18.888 [FXGL Background Thread 1 ] DEBUG FXGLAssetLoaderServi - Loading from file system: jar:file:///C:/Users/19687/.m2/repository/com/github/almasb/fxgl/17.1/fxgl-17.1.jar!/fxglassets/textures/particles/trace_horizontal.png
13:54:18.951 [FXGL Background Thread 1 ] DEBUG GameApplicationServi - Application scenes initialized
13:54:18.975 [FXGL Background Thread 1 ] DEBUG SystemBundleService  - Loading FXGL system data
13:54:18.994 [FXGL Background Thread 1 ] DEBUG FileSystemAccess     - Reading from: C:\Materials\Coding\ChessKing\system\fxgl.bundle
13:54:19.013 [FXGL Background Thread 1 ] DEBUG SystemBundleService  - Bundle FXGL: {}
13:54:19.014 [FXGL Background Thread 1 ] DEBUG UpdaterService       - Checking for updates
13:54:19.022 [FXGL Background Thread 4 ] DEBUG FXGLApplication      - Loading fonts
13:54:19.023 [FXGL Background Thread 1 ] DEBUG FXGLApplication      - Loading default localization
13:54:19.024 [FXGL Background Thread 4 ] DEBUG FXGLAssetLoaderServi - Loading from file system: jar:file:///C:/Users/19687/.m2/repository/com/github/almasb/fxgl/17.1/fxgl-17.1.jar!/fxglassets/ui/fonts/VarelaRound-Regular.ttf
13:54:19.024 [FXGL Background Thread 1 ] DEBUG FXGLAssetLoaderServi - Loading from file system: jar:file:///C:/Users/19687/.m2/repository/com/github/almasb/fxgl/17.1/fxgl-17.1.jar!/fxglassets/languages/english.lang
13:54:19.049 [FXGL Background Thread 1 ] INFO  FXGLApplication      - FXGL initialization took: 1.100 sec
13:54:19.051 [JavaFX Application Thread] DEBUG FXGLAssetLoaderServi - Loading from file system: jar:file:///C:/Users/19687/.m2/repository/com/github/almasb/fxgl/17.1/fxgl-17.1.jar!/fxglassets/textures/fxgl_icon.png
13:54:19.077 [JavaFX Application Thread] DEBUG FXGLAssetLoaderServi - Loading from file system: jar:file:///C:/Users/19687/.m2/repository/com/github/almasb/fxgl/17.1/fxgl-17.1.jar!/fxglassets/textures/fxgl_default_cursor.png
13:54:19.085 [FXGL Background Thread 4 ] DEBUG FXGLAssetLoaderServi - Loading from file system: jar:file:///C:/Users/19687/.m2/repository/com/github/almasb/fxgl/17.1/fxgl-17.1.jar!/fxglassets/ui/fonts/Abel-Regular.ttf
13:54:19.096 [JavaFX Application Thread] DEBUG Input                - Registered new binding: Screenshot - CTRL+8
13:54:19.098 [JavaFX Application Thread] DEBUG Input                - Registered new binding: System info dump - CTRL+9
13:54:19.098 [FXGL Background Thread 4 ] DEBUG FXGLAssetLoaderServi - Loading from file system: jar:file:///C:/Users/19687/.m2/repository/com/github/almasb/fxgl/17.1/fxgl-17.1.jar!/fxglassets/ui/fonts/TerminalLandMono-Regular.otf
13:54:19.098 [JavaFX Application Thread] DEBUG Input                - Registered new binding: Restart - CTRL+R
13:54:19.099 [JavaFX Application Thread] DEBUG Input                - Registered new binding: Toggle Debug Camera - CTRL+7
13:54:19.102 [JavaFX Application Thread] DEBUG LoopRunner           - Starting loop
13:54:19.102 [FXGL Background Thread 4 ] DEBUG FXGLAssetLoaderServi - Loading from file system: jar:file:///C:/Users/19687/.m2/repository/com/github/almasb/fxgl/17.1/fxgl-17.1.jar!/fxglassets/ui/fonts/Courier-Prime.ttf
13:54:19.102 [JavaFX Application Thread] DEBUG LoopRunner           - Initializing JavaFX AnimationTimerLoop
13:54:19.105 [JavaFX Application Thread] DEBUG GameApplicationServi - Starting new game
13:54:19.107 [JavaFX Application Thread] DEBUG Input                - Clearing active input actions
13:54:19.122 [JavaFX Application Thread] DEBUG GameApplicationServi - Removing overlay from FXGLStartupScene and adding to FXGLLoadingScene
13:54:19.125 [JavaFX Application Thread] DEBUG PrimaryStageWindow   - FXGLStartupScene -> FXGLLoadingScene
13:54:19.127 [JavaFX Application Thread] DEBUG GameApplicationServi - Clearing previous game
13:54:19.128 [JavaFX Application Thread] DEBUG GameScene            - Clearing game scene
13:54:19.128 [JavaFX Application Thread] DEBUG GameWorld            - Clearing game world
13:54:19.128 [JavaFX Application Thread] DEBUG PhysicsWorld         - Clearing physics world
13:54:19.134 [FXGL Background Thread 4 ] DEBUG FXGLApplication      - Initializing game
13:54:19.213 [JavaFX Application Thread] DEBUG FXGLApplication      - Registering font factories with UI factory
13:54:19.270 [FXGL Background Thread 4 ] DEBUG FXGLAssetLoaderServi - Loading from file system: file:/C:/Materials/Coding/ChessKing/target/classes/assets/textures/default%20pawn-white.png
13:54:19.285 [FXGL Background Thread 4 ] DEBUG FXGLAssetLoaderServi - Loading from file system: file:/C:/Materials/Coding/ChessKing/target/classes/assets/textures/default%20pawn-black.png
13:54:19.317 [FXGL Background Thread 4 ] DEBUG FXGLAssetLoaderServi - Loading from file system: file:/C:/Materials/Coding/ChessKing/target/classes/assets/textures/default%20rook-white.png
13:54:19.329 [FXGL Background Thread 4 ] DEBUG FXGLAssetLoaderServi - Loading from file system: file:/C:/Materials/Coding/ChessKing/target/classes/assets/textures/default%20rook-black.png
13:54:19.339 [FXGL Background Thread 4 ] DEBUG FXGLAssetLoaderServi - Loading from file system: file:/C:/Materials/Coding/ChessKing/target/classes/assets/textures/default%20knight-white.png
13:54:19.352 [FXGL Background Thread 4 ] DEBUG FXGLAssetLoaderServi - Loading from file system: file:/C:/Materials/Coding/ChessKing/target/classes/assets/textures/default%20knight-black.png
13:54:19.385 [FXGL Background Thread 4 ] DEBUG FXGLAssetLoaderServi - Loading from file system: file:/C:/Materials/Coding/ChessKing/target/classes/assets/textures/default%20bishop-white.png
13:54:19.394 [FXGL Background Thread 4 ] DEBUG FXGLAssetLoaderServi - Loading from file system: file:/C:/Materials/Coding/ChessKing/target/classes/assets/textures/default%20bishop-black.png
13:54:19.404 [FXGL Background Thread 4 ] DEBUG FXGLAssetLoaderServi - Loading from file system: file:/C:/Materials/Coding/ChessKing/target/classes/assets/textures/default%20queen-white.png
13:54:19.413 [FXGL Background Thread 4 ] DEBUG FXGLAssetLoaderServi - Loading from file system: file:/C:/Materials/Coding/ChessKing/target/classes/assets/textures/default%20king-white.png
13:54:19.420 [FXGL Background Thread 4 ] DEBUG FXGLAssetLoaderServi - Loading from file system: file:/C:/Materials/Coding/ChessKing/target/classes/assets/textures/default%20queen-black.png
13:54:19.426 [FXGL Background Thread 4 ] DEBUG FXGLAssetLoaderServi - Loading from file system: file:/C:/Materials/Coding/ChessKing/target/classes/assets/textures/default%20king-black.png
13:54:19.430 [FXGL Background Thread 4 ] INFO  FXGLApplication      - Game initialization took: 0.296 sec
13:54:19.434 [JavaFX Application Thread] DEBUG Input                - Clearing active input actions
13:54:19.459 [JavaFX Application Thread] DEBUG GameApplicationServi - Removing overlay from FXGLLoadingScene and adding to GameScene
13:54:19.460 [JavaFX Application Thread] DEBUG PrimaryStageWindow   - FXGLLoadingScene -> GameScene
13:54:19.463 [FXGL Background Thread 2 ] WARN  UpdaterService       - Failed to find updates: java.net.UnknownHostException: raw.githubusercontent.com
13:54:22.021 [FXGL Background Thread 3 ] DEBUG Engine               - Logging environment variables
13:54:22.022 [FXGL Background Thread 3 ] DEBUG Engine               - achievements: []
13:54:22.023 [FXGL Background Thread 3 ] DEBUG Engine               - actualHeight: 800.0
13:54:22.023 [FXGL Background Thread 3 ] DEBUG Engine               - actualHeightProperty: ReadOnlyDoubleProperty [value: 800.0]
13:54:22.024 [FXGL Background Thread 3 ] DEBUG Engine               - actualWidth: 1200.0
13:54:22.024 [FXGL Background Thread 3 ] DEBUG Engine               - actualWidthProperty: ReadOnlyDoubleProperty [value: 1200.0]
13:54:22.024 [FXGL Background Thread 3 ] DEBUG Engine               - appIcon: fxgl_icon.png
13:54:22.024 [FXGL Background Thread 3 ] DEBUG Engine               - applicationMode: DEVELOPER
13:54:22.024 [FXGL Background Thread 3 ] DEBUG Engine               - cSSList: [fxgl_dark.css]
13:54:22.024 [FXGL Background Thread 3 ] DEBUG Engine               - collisionDetectionStrategy: BRUTE_FORCE
13:54:22.024 [FXGL Background Thread 3 ] DEBUG Engine               - configClass: Optional.empty
13:54:22.024 [FXGL Background Thread 3 ] DEBUG Engine               - credits: []
13:54:22.026 [FXGL Background Thread 3 ] DEBUG Engine               - defaultCursor: CursorInfo(imageName=fxgl_default_cursor.png, hotspotX=7.0, hotspotY=6.0)
13:54:22.027 [FXGL Background Thread 3 ] DEBUG Engine               - devBBoxColorProperty: ObjectProperty [value: 0xff0000ff]
13:54:22.027 [FXGL Background Thread 3 ] DEBUG Engine               - devEnableDebugCameraProperty: BooleanProperty [value: false]
13:54:22.027 [FXGL Background Thread 3 ] DEBUG Engine               - devSensorColorProperty: ObjectProperty [value: 0xffff00ff]
13:54:22.027 [FXGL Background Thread 3 ] DEBUG Engine               - devShowBBoxProperty: BooleanProperty [value: false]
13:54:22.027 [FXGL Background Thread 3 ] DEBUG Engine               - devShowPositionProperty: BooleanProperty [value: false]
13:54:22.028 [FXGL Background Thread 3 ] DEBUG Engine               - enabledMenuItems: []
13:54:22.028 [FXGL Background Thread 3 ] DEBUG Engine               - engineServices: [class com.almasb.fxgl.app.services.FXGLAssetLoaderService, class com.almasb.fxgl.app.FXGLApplication$GameApplicationService, class com.almasb.fxgl.app.services.FXGLDialogService, class com.almasb.fxgl.app.services.IOTaskExecutorService, class com.almasb.fxgl.io.FileSystemService, class com.almasb.fxgl.localization.LocalizationService, class com.almasb.fxgl.app.services.SystemBundleService, class com.almasb.fxgl.profile.SaveLoadService, class com.almasb.fxgl.ui.FXGLUIFactoryServiceProvider, class com.almasb.fxgl.ui.FXGLDialogFactoryServiceProvider, class com.almasb.fxgl.audio.AudioPlayer, class com.almasb.fxgl.notification.impl.NotificationServiceProvider, class com.almasb.fxgl.achievement.AchievementService, class com.almasb.fxgl.cutscene.CutsceneService, class com.almasb.fxgl.minigames.MiniGameService, class com.almasb.fxgl.net.NetService, class com.almasb.fxgl.app.services.UpdaterService, class com.almasb.fxgl.dev.DevService]
13:54:22.028 [FXGL Background Thread 3 ] DEBUG Engine               - fontGame: Abel-Regular.ttf
13:54:22.029 [FXGL Background Thread 3 ] DEBUG Engine               - fontMono: TerminalLandMono-Regular.otf
13:54:22.029 [FXGL Background Thread 3 ] DEBUG Engine               - fontText: Courier-Prime.ttf
13:54:22.029 [FXGL Background Thread 3 ] DEBUG Engine               - fontUI: VarelaRound-Regular.ttf
13:54:22.029 [FXGL Background Thread 3 ] DEBUG Engine               - fullScreen: BooleanProperty [value: false]
13:54:22.029 [FXGL Background Thread 3 ] DEBUG Engine               - gameDifficulty: MEDIUM
13:54:22.029 [FXGL Background Thread 3 ] DEBUG Engine               - gameDifficultyProperty: ObjectProperty [value: MEDIUM]
13:54:22.030 [FXGL Background Thread 3 ] DEBUG Engine               - globalMusicVolume: 0.5
13:54:22.030 [FXGL Background Thread 3 ] DEBUG Engine               - globalMusicVolumeProperty: DoubleProperty [value: 0.5]
13:54:22.031 [FXGL Background Thread 3 ] DEBUG Engine               - globalSoundVolume: 0.5
13:54:22.031 [FXGL Background Thread 3 ] DEBUG Engine               - globalSoundVolumeProperty: DoubleProperty [value: 0.5]
13:54:22.031 [FXGL Background Thread 3 ] DEBUG Engine               - height: 800
13:54:22.031 [FXGL Background Thread 3 ] DEBUG Engine               - is3D: false
13:54:22.031 [FXGL Background Thread 3 ] DEBUG Engine               - isAndroid: false
13:54:22.031 [FXGL Background Thread 3 ] DEBUG Engine               - isBrowser: false
13:54:22.031 [FXGL Background Thread 3 ] DEBUG Engine               - isClickFeedbackEnabled: false
13:54:22.031 [FXGL Background Thread 3 ] DEBUG Engine               - isCloseConfirmation: false
13:54:22.032 [FXGL Background Thread 3 ] DEBUG Engine               - isDesktop: true
13:54:22.032 [FXGL Background Thread 3 ] DEBUG Engine               - isDeveloperMenuEnabled: false
13:54:22.032 [FXGL Background Thread 3 ] DEBUG Engine               - isEmbedded: false
13:54:22.032 [FXGL Background Thread 3 ] DEBUG Engine               - isEntityPreloadEnabled: true
13:54:22.032 [FXGL Background Thread 3 ] DEBUG Engine               - isExperimentalTiledLargeMap: false
13:54:22.032 [FXGL Background Thread 3 ] DEBUG Engine               - isFileSystemWriteAllowed: true
13:54:22.032 [FXGL Background Thread 3 ] DEBUG Engine               - isFullScreenAllowed: false
13:54:22.032 [FXGL Background Thread 3 ] DEBUG Engine               - isFullScreenFromStart: false
13:54:22.032 [FXGL Background Thread 3 ] DEBUG Engine               - isGameMenuEnabled: true
13:54:22.033 [FXGL Background Thread 3 ] DEBUG Engine               - isIOS: false
13:54:22.033 [FXGL Background Thread 3 ] DEBUG Engine               - isIntroEnabled: false
13:54:22.033 [FXGL Background Thread 3 ] DEBUG Engine               - isLinux: false
13:54:22.033 [FXGL Background Thread 3 ] DEBUG Engine               - isMac: false
13:54:22.033 [FXGL Background Thread 3 ] DEBUG Engine               - isMainMenuEnabled: false
13:54:22.033 [FXGL Background Thread 3 ] DEBUG Engine               - isManualResizeEnabled: false
13:54:22.033 [FXGL Background Thread 3 ] DEBUG Engine               - isMobile: false
13:54:22.034 [FXGL Background Thread 3 ] DEBUG Engine               - isNative: false
13:54:22.034 [FXGL Background Thread 3 ] DEBUG Engine               - isPauseMusicWhenMinimized: true
13:54:22.034 [FXGL Background Thread 3 ] DEBUG Engine               - isPreserveResizeRatio: false
13:54:22.034 [FXGL Background Thread 3 ] DEBUG Engine               - isProfilingEnabled: false
13:54:22.034 [FXGL Background Thread 3 ] DEBUG Engine               - isScaleAffectedOnResize: true
13:54:22.034 [FXGL Background Thread 3 ] DEBUG Engine               - isSingleStep: false
13:54:22.034 [FXGL Background Thread 3 ] DEBUG Engine               - isUserProfileEnabled: false
13:54:22.034 [FXGL Background Thread 3 ] DEBUG Engine               - isWindows: true
13:54:22.034 [FXGL Background Thread 3 ] DEBUG Engine               - language: ObjectProperty [value: ENGLISH]
13:54:22.034 [FXGL Background Thread 3 ] DEBUG Engine               - menuKey: ESCAPE
13:54:22.034 [FXGL Background Thread 3 ] DEBUG Engine               - mouseSensitivity: 0.2
13:54:22.035 [FXGL Background Thread 3 ] DEBUG Engine               - notificationViewClass: class com.almasb.fxgl.notification.view.XboxNotificationView
13:54:22.035 [FXGL Background Thread 3 ] DEBUG Engine               - pixelsPerMeter: 50.0
13:54:22.035 [FXGL Background Thread 3 ] DEBUG Engine               - platform: WINDOWS
13:54:22.035 [FXGL Background Thread 3 ] DEBUG Engine               - prefHeightProperty: ReadOnlyDoubleProperty [value: 800.0]
13:54:22.035 [FXGL Background Thread 3 ] DEBUG Engine               - prefWidthProperty: ReadOnlyDoubleProperty [value: 1200.0]
13:54:22.035 [FXGL Background Thread 3 ] DEBUG Engine               - profileDir: profiles/
13:54:22.035 [FXGL Background Thread 3 ] DEBUG Engine               - profileName: StringProperty [value: DEFAULT]
13:54:22.035 [FXGL Background Thread 3 ] DEBUG Engine               - randomSeed: -1
13:54:22.037 [FXGL Background Thread 3 ] DEBUG Engine               - runtimeInfo: RuntimeInfo(platform=WINDOWS, version=17.1, build=24.03.2022 17.34)
13:54:22.037 [FXGL Background Thread 3 ] DEBUG Engine               - saveFileExt: sav
13:54:22.037 [FXGL Background Thread 3 ] DEBUG Engine               - scaledHeightProp$fxgl: DoubleProperty [bound, value: 800.0]
13:54:22.038 [FXGL Background Thread 3 ] DEBUG Engine               - scaledWidthProp$fxgl: DoubleProperty [bound, value: 1200.0]
13:54:22.038 [FXGL Background Thread 3 ] DEBUG Engine               - sceneFactory: com.almasb.fxgl.app.scene.SceneFactory@607681a0
13:54:22.038 [FXGL Background Thread 3 ] DEBUG Engine               - secondsIn24h: 60
13:54:22.038 [FXGL Background Thread 3 ] DEBUG Engine               - soundMenuBack: menu/back.wav
13:54:22.039 [FXGL Background Thread 3 ] DEBUG Engine               - soundMenuPress: menu/press.wav
13:54:22.039 [FXGL Background Thread 3 ] DEBUG Engine               - soundMenuSelect: menu/select.wav
13:54:22.039 [FXGL Background Thread 3 ] DEBUG Engine               - soundNotification: core/notification.wav
13:54:22.039 [FXGL Background Thread 3 ] DEBUG Engine               - stageStyle: DECORATED
13:54:22.039 [FXGL Background Thread 3 ] DEBUG Engine               - supportedLanguages: [ENGLISH, FRENCH, GERMAN, HUNGARIAN, RUSSIAN]
13:54:22.039 [FXGL Background Thread 3 ] DEBUG Engine               - ticksPerSecond: -1
13:54:22.039 [FXGL Background Thread 3 ] DEBUG Engine               - title: Chess King
13:54:22.039 [FXGL Background Thread 3 ] DEBUG Engine               - urlGithub: https://github.com/AlmasB/FXGL
13:54:22.039 [FXGL Background Thread 3 ] DEBUG Engine               - urlLeaderboard: http://fxgl-top.herokuapp.com/
13:54:22.039 [FXGL Background Thread 3 ] DEBUG Engine               - urlPOM: https://raw.githubusercontent.com/AlmasB/FXGL/release/README.md
13:54:22.039 [FXGL Background Thread 3 ] DEBUG Engine               - userAppClass: class edu.sustech.chessking.ChessKingApp
13:54:22.039 [FXGL Background Thread 3 ] DEBUG Engine               - version: 0.1
13:54:22.040 [FXGL Background Thread 3 ] DEBUG Engine               - versionCheckDays: 7
13:54:22.040 [FXGL Background Thread 3 ] DEBUG Engine               - width: 1200
13:54:22.040 [FXGL Background Thread 3 ] DEBUG Engine               - Logging services
13:54:22.040 [FXGL Background Thread 3 ] DEBUG Engine               - class com.almasb.fxgl.app.services.FXGLAssetLoaderService
13:54:22.040 [FXGL Background Thread 3 ] DEBUG Engine               - class com.almasb.fxgl.app.FXGLApplication$GameApplicationService
13:54:22.040 [FXGL Background Thread 3 ] DEBUG Engine               - class com.almasb.fxgl.app.services.FXGLDialogService
13:54:22.040 [FXGL Background Thread 3 ] DEBUG Engine               - class com.almasb.fxgl.app.services.IOTaskExecutorService
13:54:22.040 [FXGL Background Thread 3 ] DEBUG Engine               - class com.almasb.fxgl.io.FileSystemService
13:54:22.040 [FXGL Background Thread 3 ] DEBUG Engine               - class com.almasb.fxgl.localization.LocalizationService
13:54:22.040 [FXGL Background Thread 3 ] DEBUG Engine               - class com.almasb.fxgl.app.services.SystemBundleService
13:54:22.041 [FXGL Background Thread 3 ] DEBUG Engine               - class com.almasb.fxgl.profile.SaveLoadService
13:54:22.041 [FXGL Background Thread 3 ] DEBUG Engine               - class com.almasb.fxgl.ui.FXGLUIFactoryServiceProvider
13:54:22.041 [FXGL Background Thread 3 ] DEBUG Engine               - class com.almasb.fxgl.ui.FXGLDialogFactoryServiceProvider
13:54:22.041 [FXGL Background Thread 3 ] DEBUG Engine               - class com.almasb.fxgl.audio.AudioPlayer
13:54:22.041 [FXGL Background Thread 3 ] DEBUG Engine               - class com.almasb.fxgl.notification.impl.NotificationServiceProvider
13:54:22.041 [FXGL Background Thread 3 ] DEBUG Engine               - class com.almasb.fxgl.achievement.AchievementService
13:54:22.041 [FXGL Background Thread 3 ] DEBUG Engine               - class com.almasb.fxgl.cutscene.CutsceneService
13:54:22.041 [FXGL Background Thread 3 ] DEBUG Engine               - class com.almasb.fxgl.minigames.MiniGameService
13:54:22.041 [FXGL Background Thread 3 ] DEBUG Engine               - class com.almasb.fxgl.net.NetService
13:54:22.042 [FXGL Background Thread 3 ] DEBUG Engine               - class com.almasb.fxgl.app.services.UpdaterService
13:54:22.042 [FXGL Background Thread 3 ] DEBUG Engine               - class com.almasb.fxgl.dev.DevService
13:54:47.958 [JavaFX Application Thread] DEBUG FXGLApplication      - Exiting FXGL
13:54:47.958 [JavaFX Application Thread] DEBUG LoopRunner           - Stopping loop
13:54:47.958 [JavaFX Application Thread] DEBUG SystemBundleService  - Saving FXGL system data
13:54:47.959 [JavaFX Application Thread] DEBUG FileSystemAccess     - Writing to: C:\Materials\Coding\ChessKing\system\fxgl.bundle
13:54:47.962 [JavaFX Application Thread] DEBUG Async                - Shutting down background threads
13:54:47.962 [JavaFX Application Thread] DEBUG PrimaryStageWindow   - Closing main window
13:54:47.978 [JavaFX Application Thread] DEBUG Logger               - Closing Logger
