23:25:41.586 [main                     ] DEBUG Logger               - Configured Logger
23:25:41.606 [main                     ] DEBUG GameApplication      - Logging settings
Title: Chess King
Version: 0.1
Width: 1200
Height: 750
Fullscreen: false
Intro: false
Profiling: false
Single step:false
App Mode: DEVELOPER
Menu Key: ESCAPE
Stage Style: DECORATED
Scene Factory: class com.almasb.fxgl.app.scene.SceneFactory

23:25:41.795 [JavaFX Application Thread] DEBUG FXGLApplication      - Initializing FXGL
23:25:41.799 [JavaFX Application Thread] INFO  Engine               - FXGL-17.1 (24.03.2022 17.34) on WINDOWS (J:17.0.1 FX:18)
23:25:41.799 [JavaFX Application Thread] DEBUG Engine               - JRE Vendor Name: Oracle Corporation
23:25:41.799 [JavaFX Application Thread] DEBUG Engine               - Running on OS: Windows 10 version 10.0
23:25:41.799 [JavaFX Application Thread] DEBUG Engine               - Architecture: amd64
23:25:41.800 [JavaFX Application Thread] INFO  Engine               - Source code and latest versions at: https://github.com/AlmasB/FXGL
23:25:41.800 [JavaFX Application Thread] INFO  Engine               -       Ask questions and discuss at: https://github.com/AlmasB/FXGL/discussions
23:25:41.800 [JavaFX Application Thread] INFO  Engine               -              Join the FXGL chat at: https://gitter.im/AlmasB/FXGL
23:25:41.863 [JavaFX Application Thread] DEBUG PrimaryStageWindow   - Creating a JavaFX scene
23:25:41.893 [JavaFX Application Thread] DEBUG PrimaryStageWindow   - Target settings size: 1200.0 x 750.0
23:25:41.893 [JavaFX Application Thread] DEBUG PrimaryStageWindow   - Scaled scene size:    1200.0 x 750.0
23:25:41.893 [JavaFX Application Thread] DEBUG PrimaryStageWindow   - Scaled ratio: (1.0, 1.0)
23:25:41.894 [JavaFX Application Thread] DEBUG PrimaryStageWindow   - Set initial scene to FXGLStartupScene
23:25:41.898 [JavaFX Application Thread] DEBUG PrimaryStageWindow   - Opening main window
23:25:42.000 [JavaFX Application Thread] DEBUG PrimaryStageWindow   - Window border size: (14.4000244140625, 38.0)
23:25:42.000 [JavaFX Application Thread] DEBUG PrimaryStageWindow   - Scaled size: 1200.0 x 750.0
23:25:42.000 [JavaFX Application Thread] DEBUG PrimaryStageWindow   - Scaled ratio: (1.0, 1.0)
23:25:42.000 [JavaFX Application Thread] DEBUG PrimaryStageWindow   - Scene size: 1200.0 x 750.0
23:25:42.000 [JavaFX Application Thread] DEBUG PrimaryStageWindow   - Stage size: 1214.4000244140625 x 788.0
23:25:42.009 [FXGL Background Thread 1 ] DEBUG Engine               - Initializing environment variables
23:25:42.047 [FXGL Background Thread 1 ] DEBUG FXGLAssetLoaderServi - User app class for loading assets: class edu.sustech.chessking.ChessKingApp
23:25:42.048 [FXGL Background Thread 1 ] DEBUG GameApplicationServi - Applying CSS: fxgl_dark.css
23:25:42.050 [FXGL Background Thread 1 ] DEBUG FXGLAssetLoaderServi - Loading from file system: jar:file:///C:/Users/19687/.m2/repository/com/github/almasb/fxgl/17.1/fxgl-17.1.jar!/fxglassets/ui/css/fxgl_dark.css
23:25:42.096 [FXGL Background Thread 1 ] DEBUG GameApplicationServi - Initializing application scenes
23:25:42.228 [FXGL Background Thread 1 ] DEBUG GameWorld            - Game world initialized
23:25:42.276 [FXGL Background Thread 1 ] DEBUG PhysicsWorld         - Physics world initialized: appHeight=750, physics.ppm=50.0
23:25:42.276 [FXGL Background Thread 1 ] DEBUG PhysicsWorld         - Using strategy: BRUTE_FORCE
23:25:42.279 [FXGL Background Thread 1 ] DEBUG GameScene            - Game scene initialized: 1200x750
23:25:42.290 [FXGL Background Thread 1 ] DEBUG FXGL.DefaultMenu     - createMenuBodyGameMenu()
23:25:42.299 [FXGL Background Thread 1 ] DEBUG FXGL.DefaultMenu     - createOptionsMenu()
23:25:42.305 [FXGL Background Thread 1 ] DEBUG FXGLAssetLoaderServi - Loading from file system: jar:file:///C:/Users/19687/.m2/repository/com/github/almasb/fxgl/17.1/fxgl-17.1.jar!/fxglassets/textures/particles/smoke.png
23:25:42.359 [FXGL Background Thread 1 ] DEBUG FXGLAssetLoaderServi - Loading from file system: jar:file:///C:/Users/19687/.m2/repository/com/github/almasb/fxgl/17.1/fxgl-17.1.jar!/fxglassets/textures/particles/trace_horizontal.png
23:25:42.381 [FXGL Background Thread 1 ] DEBUG GameApplicationServi - Application scenes initialized
23:25:42.389 [FXGL Background Thread 1 ] DEBUG SystemBundleService  - Loading FXGL system data
23:25:42.393 [FXGL Background Thread 1 ] DEBUG FileSystemAccess     - Reading from: C:\Materials\Coding\ChessKing\system\fxgl.bundle
23:25:42.397 [FXGL Background Thread 1 ] DEBUG SystemBundleService  - Bundle FXGL: {}
23:25:42.397 [FXGL Background Thread 1 ] DEBUG UpdaterService       - Checking for updates
23:25:42.400 [FXGL Background Thread 4 ] DEBUG FXGLApplication      - Loading fonts
23:25:42.400 [FXGL Background Thread 4 ] DEBUG FXGLAssetLoaderServi - Loading from file system: jar:file:///C:/Users/19687/.m2/repository/com/github/almasb/fxgl/17.1/fxgl-17.1.jar!/fxglassets/ui/fonts/VarelaRound-Regular.ttf
23:25:42.400 [FXGL Background Thread 1 ] DEBUG FXGLApplication      - Loading default localization
23:25:42.401 [FXGL Background Thread 1 ] DEBUG FXGLAssetLoaderServi - Loading from file system: jar:file:///C:/Users/19687/.m2/repository/com/github/almasb/fxgl/17.1/fxgl-17.1.jar!/fxglassets/languages/english.lang
23:25:42.413 [FXGL Background Thread 1 ] INFO  FXGLApplication      - FXGL initialization took: 0.403 sec
23:25:42.414 [JavaFX Application Thread] DEBUG FXGLAssetLoaderServi - Loading from file system: jar:file:///C:/Users/19687/.m2/repository/com/github/almasb/fxgl/17.1/fxgl-17.1.jar!/fxglassets/textures/fxgl_icon.png
23:25:42.431 [JavaFX Application Thread] DEBUG FXGLAssetLoaderServi - Loading from file system: jar:file:///C:/Users/19687/.m2/repository/com/github/almasb/fxgl/17.1/fxgl-17.1.jar!/fxglassets/textures/fxgl_default_cursor.png
23:25:42.439 [FXGL Background Thread 4 ] DEBUG FXGLAssetLoaderServi - Loading from file system: jar:file:///C:/Users/19687/.m2/repository/com/github/almasb/fxgl/17.1/fxgl-17.1.jar!/fxglassets/ui/fonts/Abel-Regular.ttf
23:25:42.443 [FXGL Background Thread 4 ] DEBUG FXGLAssetLoaderServi - Loading from file system: jar:file:///C:/Users/19687/.m2/repository/com/github/almasb/fxgl/17.1/fxgl-17.1.jar!/fxglassets/ui/fonts/TerminalLandMono-Regular.otf
23:25:42.443 [JavaFX Application Thread] DEBUG Input                - Registered new binding: Screenshot - CTRL+8
23:25:42.444 [JavaFX Application Thread] DEBUG Input                - Registered new binding: System info dump - CTRL+9
23:25:42.444 [JavaFX Application Thread] DEBUG Input                - Registered new binding: Restart - CTRL+R
23:25:42.445 [JavaFX Application Thread] DEBUG Input                - Registered new binding: Toggle Debug Camera - CTRL+7
23:25:42.447 [JavaFX Application Thread] DEBUG LoopRunner           - Starting loop
23:25:42.447 [JavaFX Application Thread] DEBUG LoopRunner           - Initializing JavaFX AnimationTimerLoop
23:25:42.447 [FXGL Background Thread 4 ] DEBUG FXGLAssetLoaderServi - Loading from file system: jar:file:///C:/Users/19687/.m2/repository/com/github/almasb/fxgl/17.1/fxgl-17.1.jar!/fxglassets/ui/fonts/Courier-Prime.ttf
23:25:42.448 [JavaFX Application Thread] DEBUG GameApplicationServi - Starting new game
23:25:42.449 [JavaFX Application Thread] DEBUG Input                - Clearing active input actions
23:25:42.461 [JavaFX Application Thread] DEBUG GameApplicationServi - Removing overlay from FXGLStartupScene and adding to FXGLLoadingScene
23:25:42.462 [JavaFX Application Thread] DEBUG PrimaryStageWindow   - FXGLStartupScene -> FXGLLoadingScene
23:25:42.462 [JavaFX Application Thread] DEBUG GameApplicationServi - Clearing previous game
23:25:42.462 [JavaFX Application Thread] DEBUG GameScene            - Clearing game scene
23:25:42.462 [JavaFX Application Thread] DEBUG GameWorld            - Clearing game world
23:25:42.463 [JavaFX Application Thread] DEBUG PhysicsWorld         - Clearing physics world
23:25:42.465 [FXGL Background Thread 4 ] DEBUG FXGLApplication      - Initializing game
23:25:42.466 [FXGL Background Thread 4 ] INFO  FXGLApplication      - Game initialization took: 0.001 sec
23:25:42.466 [JavaFX Application Thread] DEBUG FXGLApplication      - Registering font factories with UI factory
23:25:42.505 [JavaFX Application Thread] DEBUG Input                - Clearing active input actions
23:25:42.509 [JavaFX Application Thread] DEBUG GameApplicationServi - Removing overlay from FXGLLoadingScene and adding to GameScene
23:25:42.510 [JavaFX Application Thread] DEBUG PrimaryStageWindow   - FXGLLoadingScene -> GameScene
23:25:42.560 [FXGL Background Thread 2 ] WARN  UpdaterService       - Failed to find updates: java.net.UnknownHostException: raw.githubusercontent.com
23:25:45.401 [FXGL Background Thread 3 ] DEBUG Engine               - Logging environment variables
23:25:45.401 [FXGL Background Thread 3 ] DEBUG Engine               - achievements: []
23:25:45.401 [FXGL Background Thread 3 ] DEBUG Engine               - actualHeight: 750.0
23:25:45.402 [FXGL Background Thread 3 ] DEBUG Engine               - actualHeightProperty: ReadOnlyDoubleProperty [value: 750.0]
23:25:45.402 [FXGL Background Thread 3 ] DEBUG Engine               - actualWidth: 1200.0
23:25:45.402 [FXGL Background Thread 3 ] DEBUG Engine               - actualWidthProperty: ReadOnlyDoubleProperty [value: 1200.0]
23:25:45.402 [FXGL Background Thread 3 ] DEBUG Engine               - appIcon: fxgl_icon.png
23:25:45.402 [FXGL Background Thread 3 ] DEBUG Engine               - applicationMode: DEVELOPER
23:25:45.402 [FXGL Background Thread 3 ] DEBUG Engine               - cSSList: [fxgl_dark.css]
23:25:45.402 [FXGL Background Thread 3 ] DEBUG Engine               - collisionDetectionStrategy: BRUTE_FORCE
23:25:45.402 [FXGL Background Thread 3 ] DEBUG Engine               - configClass: Optional.empty
23:25:45.402 [FXGL Background Thread 3 ] DEBUG Engine               - credits: []
23:25:45.402 [FXGL Background Thread 3 ] DEBUG Engine               - defaultCursor: CursorInfo(imageName=fxgl_default_cursor.png, hotspotX=7.0, hotspotY=6.0)
23:25:45.402 [FXGL Background Thread 3 ] DEBUG Engine               - devBBoxColorProperty: ObjectProperty [value: 0xff0000ff]
23:25:45.403 [FXGL Background Thread 3 ] DEBUG Engine               - devEnableDebugCameraProperty: BooleanProperty [value: false]
23:25:45.403 [FXGL Background Thread 3 ] DEBUG Engine               - devSensorColorProperty: ObjectProperty [value: 0xffff00ff]
23:25:45.403 [FXGL Background Thread 3 ] DEBUG Engine               - devShowBBoxProperty: BooleanProperty [value: false]
23:25:45.403 [FXGL Background Thread 3 ] DEBUG Engine               - devShowPositionProperty: BooleanProperty [value: false]
23:25:45.403 [FXGL Background Thread 3 ] DEBUG Engine               - enabledMenuItems: []
23:25:45.403 [FXGL Background Thread 3 ] DEBUG Engine               - engineServices: [class com.almasb.fxgl.app.services.FXGLAssetLoaderService, class com.almasb.fxgl.app.FXGLApplication$GameApplicationService, class com.almasb.fxgl.app.services.FXGLDialogService, class com.almasb.fxgl.app.services.IOTaskExecutorService, class com.almasb.fxgl.io.FileSystemService, class com.almasb.fxgl.localization.LocalizationService, class com.almasb.fxgl.app.services.SystemBundleService, class com.almasb.fxgl.profile.SaveLoadService, class com.almasb.fxgl.ui.FXGLUIFactoryServiceProvider, class com.almasb.fxgl.ui.FXGLDialogFactoryServiceProvider, class com.almasb.fxgl.audio.AudioPlayer, class com.almasb.fxgl.notification.impl.NotificationServiceProvider, class com.almasb.fxgl.achievement.AchievementService, class com.almasb.fxgl.cutscene.CutsceneService, class com.almasb.fxgl.minigames.MiniGameService, class com.almasb.fxgl.net.NetService, class com.almasb.fxgl.app.services.UpdaterService, class com.almasb.fxgl.dev.DevService]
23:25:45.403 [FXGL Background Thread 3 ] DEBUG Engine               - fontGame: Abel-Regular.ttf
23:25:45.403 [FXGL Background Thread 3 ] DEBUG Engine               - fontMono: TerminalLandMono-Regular.otf
23:25:45.403 [FXGL Background Thread 3 ] DEBUG Engine               - fontText: Courier-Prime.ttf
23:25:45.403 [FXGL Background Thread 3 ] DEBUG Engine               - fontUI: VarelaRound-Regular.ttf
23:25:45.403 [FXGL Background Thread 3 ] DEBUG Engine               - fullScreen: BooleanProperty [value: false]
23:25:45.404 [FXGL Background Thread 3 ] DEBUG Engine               - gameDifficulty: MEDIUM
23:25:45.404 [FXGL Background Thread 3 ] DEBUG Engine               - gameDifficultyProperty: ObjectProperty [value: MEDIUM]
23:25:45.404 [FXGL Background Thread 3 ] DEBUG Engine               - globalMusicVolume: 0.5
23:25:45.404 [FXGL Background Thread 3 ] DEBUG Engine               - globalMusicVolumeProperty: DoubleProperty [value: 0.5]
23:25:45.404 [FXGL Background Thread 3 ] DEBUG Engine               - globalSoundVolume: 0.5
23:25:45.404 [FXGL Background Thread 3 ] DEBUG Engine               - globalSoundVolumeProperty: DoubleProperty [value: 0.5]
23:25:45.404 [FXGL Background Thread 3 ] DEBUG Engine               - height: 750
23:25:45.404 [FXGL Background Thread 3 ] DEBUG Engine               - is3D: false
23:25:45.404 [FXGL Background Thread 3 ] DEBUG Engine               - isAndroid: false
23:25:45.404 [FXGL Background Thread 3 ] DEBUG Engine               - isBrowser: false
23:25:45.404 [FXGL Background Thread 3 ] DEBUG Engine               - isClickFeedbackEnabled: false
23:25:45.404 [FXGL Background Thread 3 ] DEBUG Engine               - isCloseConfirmation: false
23:25:45.404 [FXGL Background Thread 3 ] DEBUG Engine               - isDesktop: true
23:25:45.404 [FXGL Background Thread 3 ] DEBUG Engine               - isDeveloperMenuEnabled: false
23:25:45.404 [FXGL Background Thread 3 ] DEBUG Engine               - isEmbedded: false
23:25:45.404 [FXGL Background Thread 3 ] DEBUG Engine               - isEntityPreloadEnabled: true
23:25:45.405 [FXGL Background Thread 3 ] DEBUG Engine               - isExperimentalTiledLargeMap: false
23:25:45.405 [FXGL Background Thread 3 ] DEBUG Engine               - isFileSystemWriteAllowed: true
23:25:45.405 [FXGL Background Thread 3 ] DEBUG Engine               - isFullScreenAllowed: false
23:25:45.405 [FXGL Background Thread 3 ] DEBUG Engine               - isFullScreenFromStart: false
23:25:45.405 [FXGL Background Thread 3 ] DEBUG Engine               - isGameMenuEnabled: true
23:25:45.405 [FXGL Background Thread 3 ] DEBUG Engine               - isIOS: false
23:25:45.405 [FXGL Background Thread 3 ] DEBUG Engine               - isIntroEnabled: false
23:25:45.405 [FXGL Background Thread 3 ] DEBUG Engine               - isLinux: false
23:25:45.405 [FXGL Background Thread 3 ] DEBUG Engine               - isMac: false
23:25:45.405 [FXGL Background Thread 3 ] DEBUG Engine               - isMainMenuEnabled: false
23:25:45.405 [FXGL Background Thread 3 ] DEBUG Engine               - isManualResizeEnabled: false
23:25:45.405 [FXGL Background Thread 3 ] DEBUG Engine               - isMobile: false
23:25:45.405 [FXGL Background Thread 3 ] DEBUG Engine               - isNative: false
23:25:45.405 [FXGL Background Thread 3 ] DEBUG Engine               - isPauseMusicWhenMinimized: true
23:25:45.405 [FXGL Background Thread 3 ] DEBUG Engine               - isPreserveResizeRatio: false
23:25:45.405 [FXGL Background Thread 3 ] DEBUG Engine               - isProfilingEnabled: false
23:25:45.405 [FXGL Background Thread 3 ] DEBUG Engine               - isScaleAffectedOnResize: true
23:25:45.406 [FXGL Background Thread 3 ] DEBUG Engine               - isSingleStep: false
23:25:45.406 [FXGL Background Thread 3 ] DEBUG Engine               - isUserProfileEnabled: false
23:25:45.406 [FXGL Background Thread 3 ] DEBUG Engine               - isWindows: true
23:25:45.406 [FXGL Background Thread 3 ] DEBUG Engine               - language: ObjectProperty [value: ENGLISH]
23:25:45.406 [FXGL Background Thread 3 ] DEBUG Engine               - menuKey: ESCAPE
23:25:45.406 [FXGL Background Thread 3 ] DEBUG Engine               - mouseSensitivity: 0.2
23:25:45.406 [FXGL Background Thread 3 ] DEBUG Engine               - notificationViewClass: class com.almasb.fxgl.notification.view.XboxNotificationView
23:25:45.406 [FXGL Background Thread 3 ] DEBUG Engine               - pixelsPerMeter: 50.0
23:25:45.406 [FXGL Background Thread 3 ] DEBUG Engine               - platform: WINDOWS
23:25:45.406 [FXGL Background Thread 3 ] DEBUG Engine               - prefHeightProperty: ReadOnlyDoubleProperty [value: 750.0]
23:25:45.406 [FXGL Background Thread 3 ] DEBUG Engine               - prefWidthProperty: ReadOnlyDoubleProperty [value: 1200.0]
23:25:45.406 [FXGL Background Thread 3 ] DEBUG Engine               - profileDir: profiles/
23:25:45.406 [FXGL Background Thread 3 ] DEBUG Engine               - profileName: StringProperty [value: DEFAULT]
23:25:45.407 [FXGL Background Thread 3 ] DEBUG Engine               - randomSeed: -1
23:25:45.407 [FXGL Background Thread 3 ] DEBUG Engine               - runtimeInfo: RuntimeInfo(platform=WINDOWS, version=17.1, build=24.03.2022 17.34)
23:25:45.407 [FXGL Background Thread 3 ] DEBUG Engine               - saveFileExt: sav
23:25:45.407 [FXGL Background Thread 3 ] DEBUG Engine               - scaledHeightProp$fxgl: DoubleProperty [bound, value: 750.0]
23:25:45.407 [FXGL Background Thread 3 ] DEBUG Engine               - scaledWidthProp$fxgl: DoubleProperty [bound, value: 1200.0]
23:25:45.407 [FXGL Background Thread 3 ] DEBUG Engine               - sceneFactory: com.almasb.fxgl.app.scene.SceneFactory@2a5accd4
23:25:45.408 [FXGL Background Thread 3 ] DEBUG Engine               - secondsIn24h: 60
23:25:45.408 [FXGL Background Thread 3 ] DEBUG Engine               - soundMenuBack: menu/back.wav
23:25:45.408 [FXGL Background Thread 3 ] DEBUG Engine               - soundMenuPress: menu/press.wav
23:25:45.408 [FXGL Background Thread 3 ] DEBUG Engine               - soundMenuSelect: menu/select.wav
23:25:45.408 [FXGL Background Thread 3 ] DEBUG Engine               - soundNotification: core/notification.wav
23:25:45.408 [FXGL Background Thread 3 ] DEBUG Engine               - stageStyle: DECORATED
23:25:45.408 [FXGL Background Thread 3 ] DEBUG Engine               - supportedLanguages: [ENGLISH, FRENCH, GERMAN, HUNGARIAN, RUSSIAN]
23:25:45.408 [FXGL Background Thread 3 ] DEBUG Engine               - ticksPerSecond: -1
23:25:45.408 [FXGL Background Thread 3 ] DEBUG Engine               - title: Chess King
23:25:45.408 [FXGL Background Thread 3 ] DEBUG Engine               - urlGithub: https://github.com/AlmasB/FXGL
23:25:45.408 [FXGL Background Thread 3 ] DEBUG Engine               - urlLeaderboard: http://fxgl-top.herokuapp.com/
23:25:45.408 [FXGL Background Thread 3 ] DEBUG Engine               - urlPOM: https://raw.githubusercontent.com/AlmasB/FXGL/release/README.md
23:25:45.408 [FXGL Background Thread 3 ] DEBUG Engine               - userAppClass: class edu.sustech.chessking.ChessKingApp
23:25:45.408 [FXGL Background Thread 3 ] DEBUG Engine               - version: 0.1
23:25:45.408 [FXGL Background Thread 3 ] DEBUG Engine               - versionCheckDays: 7
23:25:45.408 [FXGL Background Thread 3 ] DEBUG Engine               - width: 1200
23:25:45.408 [FXGL Background Thread 3 ] DEBUG Engine               - Logging services
23:25:45.408 [FXGL Background Thread 3 ] DEBUG Engine               - class com.almasb.fxgl.app.services.FXGLAssetLoaderService
23:25:45.409 [FXGL Background Thread 3 ] DEBUG Engine               - class com.almasb.fxgl.app.FXGLApplication$GameApplicationService
23:25:45.409 [FXGL Background Thread 3 ] DEBUG Engine               - class com.almasb.fxgl.app.services.FXGLDialogService
23:25:45.409 [FXGL Background Thread 3 ] DEBUG Engine               - class com.almasb.fxgl.app.services.IOTaskExecutorService
23:25:45.409 [FXGL Background Thread 3 ] DEBUG Engine               - class com.almasb.fxgl.io.FileSystemService
23:25:45.409 [FXGL Background Thread 3 ] DEBUG Engine               - class com.almasb.fxgl.localization.LocalizationService
23:25:45.409 [FXGL Background Thread 3 ] DEBUG Engine               - class com.almasb.fxgl.app.services.SystemBundleService
23:25:45.409 [FXGL Background Thread 3 ] DEBUG Engine               - class com.almasb.fxgl.profile.SaveLoadService
23:25:45.409 [FXGL Background Thread 3 ] DEBUG Engine               - class com.almasb.fxgl.ui.FXGLUIFactoryServiceProvider
23:25:45.409 [FXGL Background Thread 3 ] DEBUG Engine               - class com.almasb.fxgl.ui.FXGLDialogFactoryServiceProvider
23:25:45.409 [FXGL Background Thread 3 ] DEBUG Engine               - class com.almasb.fxgl.audio.AudioPlayer
23:25:45.409 [FXGL Background Thread 3 ] DEBUG Engine               - class com.almasb.fxgl.notification.impl.NotificationServiceProvider
23:25:45.409 [FXGL Background Thread 3 ] DEBUG Engine               - class com.almasb.fxgl.achievement.AchievementService
23:25:45.409 [FXGL Background Thread 3 ] DEBUG Engine               - class com.almasb.fxgl.cutscene.CutsceneService
23:25:45.409 [FXGL Background Thread 3 ] DEBUG Engine               - class com.almasb.fxgl.minigames.MiniGameService
23:25:45.409 [FXGL Background Thread 3 ] DEBUG Engine               - class com.almasb.fxgl.net.NetService
23:25:45.409 [FXGL Background Thread 3 ] DEBUG Engine               - class com.almasb.fxgl.app.services.UpdaterService
23:25:45.409 [FXGL Background Thread 3 ] DEBUG Engine               - class com.almasb.fxgl.dev.DevService
23:25:46.108 [JavaFX Application Thread] DEBUG FXGLApplication      - Exiting FXGL
23:25:46.108 [JavaFX Application Thread] DEBUG LoopRunner           - Stopping loop
23:25:46.108 [JavaFX Application Thread] DEBUG SystemBundleService  - Saving FXGL system data
23:25:46.111 [JavaFX Application Thread] DEBUG FileSystemAccess     - Writing to: C:\Materials\Coding\ChessKing\system\fxgl.bundle
23:25:46.112 [JavaFX Application Thread] DEBUG Async                - Shutting down background threads
23:25:46.113 [JavaFX Application Thread] DEBUG PrimaryStageWindow   - Closing main window
23:25:46.128 [JavaFX Application Thread] DEBUG Logger               - Closing Logger
